2025-04-16 22:15:39,344 - INFO - Downloaded: 10.1002/adfm.201803896
2025-04-16 22:15:56,149 - INFO - Downloaded: 10.1002/adfm.202302281
2025-04-16 22:16:12,820 - INFO - Downloaded: 10.1002/adfm.202302830
2025-04-16 22:16:26,327 - INFO - Downloaded: 10.1002/adfm.202303812
2025-04-16 22:16:40,872 - INFO - Downloaded: 10.1002/adfm.202305503
2025-04-16 22:16:55,968 - INFO - Downloaded: 10.1002/adfm.202310563
2025-04-16 22:17:09,198 - INFO - Downloaded: 10.1002/adfm.202314019
2025-04-16 22:17:23,299 - INFO - Downloaded: 10.1002/adfm.202314160
2025-04-16 22:17:36,853 - INFO - Downloaded: 10.1002/adfm.202315318
2025-04-16 22:17:53,432 - INFO - Downloaded: 10.1002/adfm.202316295
2025-04-16 22:18:09,074 - INFO - Downloaded: 10.1002/adfm.202404320
2025-04-16 22:18:23,875 - INFO - Downloaded: 10.1002/adfm.202405460
2025-04-16 22:18:37,994 - INFO - Downloaded: 10.1002/adfm.202409732
2025-04-16 22:18:51,921 - INFO - Downloaded: 10.1002/adfm.202411362
2025-04-16 22:19:08,972 - INFO - Downloaded: 10.1002/adfm.202414627
2025-04-16 22:19:26,920 - INFO - Downloaded: 10.1002/adfm.202418642
2025-04-16 22:19:43,009 - INFO - Downloaded: 10.1002/adma.201600846
2025-04-16 22:19:59,382 - INFO - Downloaded: 10.1002/adma.201700210
2025-04-16 22:20:08,387 - INFO - Downloaded: 10.1002/adma.201700606
2025-04-16 22:20:23,062 - INFO - Downloaded: 10.1002/adma.201701788
2025-04-16 22:20:36,277 - INFO - Downloaded: 10.1002/adma.201706085
2025-04-16 22:20:44,720 - INFO - Downloaded: 10.1002/adma.201800492
2025-04-16 22:20:58,234 - INFO - Downloaded: 10.1002/adma.201802745
2025-04-16 22:21:06,107 - INFO - Downloaded: 10.1002/adma.201904427
2025-04-16 22:21:14,344 - INFO - Downloaded: 10.1002/adma.202003534
2025-04-16 22:21:23,322 - INFO - Downloaded: 10.1002/adma.202100210
2025-04-16 22:21:32,531 - INFO - Downloaded: 10.1002/adma.202105404
2025-04-16 22:21:40,051 - INFO - Downloaded: 10.1002/adma.202106565
2025-04-16 22:21:50,522 - INFO - Downloaded: 10.1002/adma.202108304
2025-04-16 22:21:58,044 - INFO - Downloaded: 10.1002/adma.202108985
2025-04-16 22:22:13,675 - INFO - Downloaded: 10.1002/adma.202304256
2025-04-16 22:22:28,310 - INFO - Downloaded: 10.1002/adma.202309732
2025-04-16 22:22:42,621 - INFO - Downloaded: 10.1002/adma.202310270
2025-04-16 22:39:12,239 - INFO - Downloaded: 10.1002/adfm.201803896
2025-04-16 22:39:30,478 - INFO - Downloaded: 10.1002/adfm.202302281
2025-04-16 22:39:45,235 - INFO - Downloaded: 10.1002/adfm.202302830
2025-04-16 22:40:01,647 - INFO - Downloaded: 10.1002/adfm.202303812
2025-04-16 22:40:21,035 - INFO - Downloaded: 10.1002/adfm.202305503
2025-04-16 22:40:36,304 - INFO - Downloaded: 10.1002/adfm.202310563
2025-04-16 22:40:50,821 - INFO - Downloaded: 10.1002/adfm.202314019
2025-04-16 22:41:09,348 - INFO - Downloaded: 10.1002/adfm.202314160
2025-04-16 22:41:26,127 - INFO - Downloaded: 10.1002/adfm.202315318
2025-04-16 22:41:39,664 - INFO - Downloaded: 10.1002/adfm.202316295
2025-04-16 22:41:53,461 - INFO - Downloaded: 10.1002/adfm.202404320
2025-04-16 22:42:06,861 - INFO - Downloaded: 10.1002/adfm.202405460
2025-04-16 22:42:20,719 - INFO - Downloaded: 10.1002/adfm.202409732
2025-04-16 22:42:35,385 - INFO - Downloaded: 10.1002/adfm.202411362
2025-04-16 22:42:49,036 - INFO - Downloaded: 10.1002/adfm.202414627
2025-04-16 22:43:03,463 - INFO - Downloaded: 10.1002/adfm.202418642
2025-04-16 22:43:17,268 - INFO - Downloaded: 10.1002/adma.201600846
2025-04-16 22:43:31,299 - INFO - Downloaded: 10.1002/adma.201700210
2025-04-16 22:43:42,720 - INFO - Downloaded: 10.1002/adma.201700606
2025-04-16 22:43:59,743 - INFO - Downloaded: 10.1002/adma.201701788
2025-04-16 22:44:14,624 - INFO - Downloaded: 10.1002/adma.201706085
2025-04-16 22:44:28,362 - INFO - Downloaded: 10.1002/adma.201800492
2025-04-16 22:44:41,539 - INFO - Downloaded: 10.1002/adma.201802745
2025-04-16 22:44:50,059 - INFO - Downloaded: 10.1002/adma.201904427
2025-04-16 22:45:00,192 - INFO - Downloaded: 10.1002/adma.202003534
2025-04-16 22:45:10,578 - INFO - Downloaded: 10.1002/adma.202100210
2025-04-16 22:45:18,703 - INFO - Downloaded: 10.1002/adma.202105404
2025-04-16 22:45:27,346 - INFO - Downloaded: 10.1002/adma.202106565
2025-04-16 22:45:36,761 - INFO - Downloaded: 10.1002/adma.202108304
2025-04-16 22:45:45,868 - INFO - Downloaded: 10.1002/adma.202108985
2025-04-16 22:46:00,518 - INFO - Downloaded: 10.1002/adma.202304256
2025-04-16 22:46:16,197 - INFO - Downloaded: 10.1002/adma.202309732
2025-04-16 22:46:32,065 - INFO - Downloaded: 10.1002/adma.202310270
2025-04-16 22:46:59,820 - INFO - Downloaded: 10.1002/advs.201600066
2025-04-16 22:47:07,989 - INFO - Downloaded: 10.1002/advs.201600112
2025-04-16 22:47:16,216 - INFO - Downloaded: 10.1002/advs.201700634
2025-04-16 22:47:29,687 - INFO - Downloaded: 10.1002/advs.201700768
2025-04-16 22:47:42,795 - INFO - Downloaded: 10.1002/advs.201800519
2025-04-16 22:47:51,918 - INFO - Downloaded: 10.1002/advs.201902907
2025-04-16 22:47:59,806 - INFO - Downloaded: 10.1002/advs.202200023
2025-04-16 22:48:15,154 - INFO - Downloaded: 10.1002/advs.202305414
2025-04-16 22:48:28,357 - INFO - Downloaded: 10.1002/advs.202310196
2025-04-16 22:48:46,121 - INFO - Downloaded: 10.1002/advs.202402708
2025-04-16 23:19:48,147 - INFO - Downloaded: 10.1002/advs.202404701
2025-04-16 23:20:07,005 - INFO - Downloaded: 10.1002/advs.202406842
2025-04-16 23:20:21,317 - INFO - Downloaded: 10.1002/aenm.202301509
2025-04-16 23:20:35,229 - INFO - Downloaded: 10.1002/aenm.202302017
2025-04-16 23:20:49,178 - INFO - Downloaded: 10.1002/aenm.202304300
2025-04-16 23:21:05,306 - INFO - Downloaded: 10.1002/aenm.202401221
2025-04-16 23:21:20,282 - INFO - Downloaded: 10.1002/aesr.202400249
2025-04-16 23:21:34,869 - INFO - Downloaded: 10.1002/anie.201610301
2025-04-16 23:21:47,640 - INFO - Downloaded: 10.1002/anie.201704271
2025-04-16 23:22:00,468 - INFO - Downloaded: 10.1002/anie.201706652
2025-04-16 23:22:10,369 - INFO - Downloaded: 10.1002/anie.201804130
2025-04-16 23:22:20,534 - INFO - Downloaded: 10.1002/anie.201912964
2025-04-16 23:22:28,347 - INFO - Downloaded: 10.1002/anie.202110177
2025-04-16 23:22:35,761 - INFO - Downloaded: 10.1002/anie.202211866
2025-04-16 23:22:43,105 - INFO - Downloaded: 10.1002/anie.202214717
2025-04-16 23:22:52,909 - INFO - Downloaded: 10.1002/anie.202216174
2025-04-16 23:23:01,106 - INFO - Downloaded: 10.1002/anie.202216450
2025-04-16 23:23:15,722 - INFO - Downloaded: 10.1002/anie.202308699
2025-04-16 23:23:29,222 - INFO - Downloaded: 10.1002/anie.202400214
2025-04-16 23:23:43,483 - INFO - Downloaded: 10.1002/anie.202403585
2025-04-16 23:23:58,965 - INFO - Downloaded: 10.1002/anie.202406889
2025-04-16 23:24:13,105 - INFO - Downloaded: 10.1002/anie.202407717
2025-04-16 23:24:27,664 - INFO - Downloaded: 10.1002/anie.202410590
2025-04-16 23:24:42,241 - INFO - Downloaded: 10.1002/anie.202411618
2025-04-16 23:24:55,594 - INFO - Downloaded: 10.1002/anie.202414302
2025-04-16 23:25:09,074 - INFO - Downloaded: 10.1002/anie.202415283
2025-04-16 23:25:23,318 - INFO - Downloaded: 10.1002/anie.202421089
2025-04-16 23:25:43,014 - INFO - Downloaded: 10.1002/asia.202000349
2025-04-16 23:25:51,345 - INFO - Downloaded: 10.1002/asia.202100387
2025-04-16 23:26:02,579 - INFO - Downloaded: 10.1002/asia.202100455
2025-04-16 23:27:55,776 - INFO - Downloaded: 10.1002/batt.202300552
2025-04-16 23:52:35,999 - INFO - Downloaded: 10.1002/bte2.20230022
2025-04-16 23:52:48,430 - INFO - Downloaded: 10.1002/bte2.20240065
2025-04-16 23:53:02,140 - INFO - Downloaded: 10.1002/cey2.503
2025-04-16 23:53:16,573 - INFO - Downloaded: 10.1002/cey2.518
2025-04-16 23:53:34,812 - INFO - Downloaded: 10.1002/cey2.531
2025-04-16 23:53:49,167 - INFO - Downloaded: 10.1002/cey2.565
2025-04-16 23:54:01,511 - INFO - Downloaded: 10.1002/cey2.658
2025-04-16 23:54:02,376 - INFO - Error with downloading: 10.1002/chem.201601478
2025-04-16 23:54:03,191 - INFO - Error with downloading: 10.1002/chem.201703418
2025-04-16 23:54:11,602 - INFO - Downloaded: 10.1002/chem.201705855
2025-04-16 23:54:20,137 - INFO - Downloaded: 10.1002/chem.202203586
2025-04-17 00:05:21,185 - INFO - Downloaded: 10.1002/cphc.202400832
2025-04-17 00:05:21,984 - INFO - Error with downloading: 10.1002/cssc.201700628
2025-04-17 00:05:22,797 - INFO - Error with downloading: 10.1002/cssc.201701484
2025-04-17 00:05:23,606 - INFO - Error with downloading: 10.1002/cssc.201801662
2025-04-17 00:05:33,083 - INFO - Downloaded: 10.1002/cssc.201900582
2025-04-17 00:05:43,236 - INFO - Downloaded: 10.1002/cssc.201900719
2025-04-17 00:05:55,085 - INFO - Downloaded: 10.1002/cssc.201902013
2025-04-17 00:06:03,541 - INFO - Downloaded: 10.1002/cssc.202200481
2025-04-17 00:08:40,131 - INFO - Downloaded: 10.1002/ente.202000880
2025-04-17 00:08:56,106 - INFO - Downloaded: 10.1002/ente.202300437
2025-04-17 00:09:04,670 - INFO - Downloaded: 10.1002/open.201900024
2025-04-17 00:10:03,956 - INFO - Downloaded: 10.1002/smll.201502788
2025-04-17 00:10:19,352 - INFO - Downloaded: 10.1002/smll.201600565
2025-04-17 00:10:33,661 - INFO - Downloaded: 10.1002/smll.201802221
2025-04-17 00:10:41,980 - INFO - Downloaded: 10.1002/smll.201804158
2025-04-17 00:10:50,035 - INFO - Downloaded: 10.1002/smll.201902144
2025-04-17 00:10:57,768 - INFO - Downloaded: 10.1002/smll.201902420
2025-04-17 00:11:06,065 - INFO - Downloaded: 10.1002/smll.201902881
2025-04-17 00:11:14,622 - INFO - Downloaded: 10.1002/smll.201903259
2025-04-17 00:11:22,886 - INFO - Downloaded: 10.1002/smll.201903723
2025-04-17 00:11:30,849 - INFO - Downloaded: 10.1002/smll.201903873
2025-04-17 00:11:38,284 - INFO - Downloaded: 10.1002/smll.201906669
2025-04-17 00:11:46,635 - INFO - Downloaded: 10.1002/smll.201907645
2025-04-17 00:11:54,415 - INFO - Downloaded: 10.1002/smll.202003268
2025-04-17 00:12:04,317 - INFO - Downloaded: 10.1002/smll.202006767
2025-04-17 00:12:11,828 - INFO - Downloaded: 10.1002/smll.202100146
2025-04-17 00:12:19,326 - INFO - Downloaded: 10.1002/smll.202102400
2025-04-17 00:12:26,883 - INFO - Downloaded: 10.1002/smll.202102618
2025-04-17 00:12:35,242 - INFO - Downloaded: 10.1002/smll.202104293
2025-04-17 00:12:43,450 - INFO - Downloaded: 10.1002/smll.202200177
2025-04-17 00:12:51,150 - INFO - Downloaded: 10.1002/smll.202200694
2025-04-17 00:12:58,932 - INFO - Downloaded: 10.1002/smll.202207397
2025-04-17 00:13:07,398 - INFO - Downloaded: 10.1002/smll.202208291
2025-04-17 00:13:14,987 - INFO - Downloaded: 10.1002/smll.202300188
2025-04-17 00:13:43,789 - INFO - Downloaded: 10.1002/smll.202302706
2025-04-17 00:14:00,636 - INFO - Downloaded: 10.1002/smll.202302831
2025-04-17 00:14:19,817 - INFO - Downloaded: 10.1002/smll.202305530
2025-04-17 00:14:35,347 - INFO - Downloaded: 10.1002/smll.202307132
2025-04-17 00:14:53,238 - INFO - Downloaded: 10.1002/smll.202307225
2025-04-17 00:15:13,062 - INFO - Downloaded: 10.1002/smll.202307747
2025-04-17 00:15:27,202 - INFO - Downloaded: 10.1002/smll.202307986
2025-04-17 00:15:43,546 - INFO - Downloaded: 10.1002/smll.202310426
2025-04-17 00:15:56,963 - INFO - Downloaded: 10.1002/smll.202310756
2025-04-17 00:16:09,964 - INFO - Downloaded: 10.1002/smll.202311197
2025-04-17 00:16:24,149 - INFO - Downloaded: 10.1002/smll.202403321
2025-04-17 00:16:36,969 - INFO - Downloaded: 10.1002/smll.202404039
2025-04-17 00:16:50,285 - INFO - Downloaded: 10.1002/smll.202406332
2025-04-17 00:17:02,989 - INFO - Downloaded: 10.1002/smll.202406583
2025-04-17 00:17:16,751 - INFO - Downloaded: 10.1002/smll.202410866
2025-04-17 00:17:30,637 - INFO - Downloaded: 10.1002/smll.202411531
2025-04-17 00:17:43,776 - INFO - Downloaded: 10.1002/smll.202411928
2025-04-17 00:17:57,159 - INFO - Downloaded: 10.1002/smll.202412449
2025-04-17 00:18:13,356 - INFO - Downloaded: 10.1002/smll.202412537
2025-04-17 00:18:21,309 - INFO - Downloaded: 10.1002/smtd.202001050
2025-04-17 00:18:35,688 - INFO - Downloaded: 10.1002/smtd.202301742
2025-04-17 00:18:53,718 - INFO - Downloaded: 10.1002/smtd.202401697
2025-04-17 00:19:10,504 - INFO - Downloaded: 10.1002/sstr.202300217
2025-04-17 00:19:25,366 - INFO - Downloaded: 10.1002/sstr.202300369
2025-04-17 00:19:28,215 - INFO - Downloaded: 10.1007/s10008-023-05706-4
2025-04-17 00:19:30,461 - INFO - Downloaded: 10.1007/s10751-024-02141-3
2025-04-17 00:19:32,847 - INFO - Downloaded: 10.1007/s10853-024-09373-2
2025-04-17 00:19:45,004 - INFO - Downloaded: 10.1007/s10854-024-13019-z
2025-04-17 00:19:45,004 - INFO - Downloaded: 10.1007/s10854-024-13019-z
2025-04-17 00:19:47,414 - INFO - Downloaded: 10.1007/s10854-025-14464-0
2025-04-17 00:19:47,414 - INFO - Downloaded: 10.1007/s10854-025-14464-0
2025-04-17 00:19:50,218 - INFO - Downloaded: 10.1007/s10971-024-06614-3
2025-04-17 00:19:50,218 - INFO - Downloaded: 10.1007/s10971-024-06614-3
2025-04-17 00:19:52,172 - INFO - Downloaded: 10.1007/s11051-023-05791-6
2025-04-17 00:19:52,172 - INFO - Downloaded: 10.1007/s11051-023-05791-6
2025-04-17 00:19:54,705 - INFO - Downloaded: 10.1007/s11581-023-05020-z
2025-04-17 00:19:54,705 - INFO - Downloaded: 10.1007/s11581-023-05020-z
2025-04-17 00:19:57,394 - INFO - Downloaded: 10.1007/s11581-023-05212-7
2025-04-17 00:19:57,394 - INFO - Downloaded: 10.1007/s11581-023-05212-7
2025-04-17 00:19:59,793 - INFO - Downloaded: 10.1007/s11581-023-05235-0
2025-04-17 00:19:59,793 - INFO - Downloaded: 10.1007/s11581-023-05235-0
2025-04-17 00:20:04,186 - INFO - Downloaded: 10.1007/s11664-024-11613-9
2025-04-17 00:20:04,186 - INFO - Downloaded: 10.1007/s11664-024-11613-9
2025-04-17 00:20:06,265 - INFO - Downloaded: 10.1007/s11664-025-11765-2
2025-04-17 00:20:06,265 - INFO - Downloaded: 10.1007/s11664-025-11765-2
2025-04-17 00:20:08,358 - INFO - Downloaded: 10.1007/s12221-024-00522-7
2025-04-17 00:20:08,358 - INFO - Downloaded: 10.1007/s12221-024-00522-7
2025-04-17 00:20:11,385 - INFO - Downloaded: 10.1007/s12274-023-6394-3
2025-04-17 00:20:11,385 - INFO - Downloaded: 10.1007/s12274-023-6394-3
2025-04-17 00:20:13,575 - INFO - Downloaded: 10.1007/s12598-023-02447-1
2025-04-17 00:20:13,575 - INFO - Downloaded: 10.1007/s12598-023-02447-1
2025-04-17 00:20:16,175 - INFO - Downloaded: 10.1007/s12598-023-02449-z
2025-04-17 00:20:16,175 - INFO - Downloaded: 10.1007/s12598-023-02449-z
2025-04-17 00:20:18,482 - INFO - Downloaded: 10.1007/s12598-024-03014-y
2025-04-17 00:20:18,482 - INFO - Downloaded: 10.1007/s12598-024-03014-y
2025-04-17 00:20:20,787 - INFO - Downloaded: 10.1007/s13369-023-08300-y
2025-04-17 00:20:20,787 - INFO - Downloaded: 10.1007/s13369-023-08300-y
2025-04-17 00:20:23,726 - INFO - Downloaded: 10.1007/s13391-024-00486-z
2025-04-17 00:20:23,726 - INFO - Downloaded: 10.1007/s13391-024-00486-z
2025-04-17 00:20:26,196 - INFO - Downloaded: 10.1007/s40820-019-0332-7
2025-04-17 00:20:26,196 - INFO - Downloaded: 10.1007/s40820-019-0332-7
2025-04-17 00:20:28,490 - INFO - Downloaded: 10.1007/s40820-021-00686-4
2025-04-17 00:20:28,490 - INFO - Downloaded: 10.1007/s40820-021-00686-4
2025-04-17 00:20:30,708 - INFO - Downloaded: 10.1007/s40820-021-00756-7
2025-04-17 00:20:30,708 - INFO - Downloaded: 10.1007/s40820-021-00756-7
2025-04-17 00:20:32,790 - INFO - Downloaded: 10.1007/s40820-024-01560-9
2025-04-17 00:20:32,790 - INFO - Downloaded: 10.1007/s40820-024-01560-9
2025-04-17 00:20:35,322 - INFO - Downloaded: 10.1007/s40843-023-2493-9
2025-04-17 00:20:35,322 - INFO - Downloaded: 10.1007/s40843-023-2493-9
2025-04-17 00:20:37,331 - INFO - Downloaded: 10.1007/s40843-024-3041-3
2025-04-17 00:20:37,331 - INFO - Downloaded: 10.1007/s40843-024-3041-3
2025-04-17 00:20:39,669 - INFO - Downloaded: 10.1007/s42823-024-00739-9
2025-04-17 00:20:39,669 - INFO - Downloaded: 10.1007/s42823-024-00739-9
2025-04-17 00:20:41,786 - INFO - Downloaded: 10.1016/j.apenergy.2023.121639
2025-04-17 00:20:41,786 - INFO - Downloaded: 10.1016/j.apenergy.2023.121639
2025-04-17 00:20:43,214 - INFO - Downloaded: 10.1016/j.apsusc.2023.158686
2025-04-17 00:20:43,214 - INFO - Downloaded: 10.1016/j.apsusc.2023.158686
2025-04-17 00:20:45,026 - INFO - Downloaded: 10.1016/j.apsusc.2024.159474
2025-04-17 00:20:45,026 - INFO - Downloaded: 10.1016/j.apsusc.2024.159474
2025-04-17 00:20:46,228 - INFO - Downloaded: 10.1016/j.apsusc.2024.160499
2025-04-17 00:20:46,228 - INFO - Downloaded: 10.1016/j.apsusc.2024.160499
2025-04-17 00:20:47,351 - INFO - Downloaded: 10.1016/j.carbon.2023.118555
2025-04-17 00:20:47,351 - INFO - Downloaded: 10.1016/j.carbon.2023.118555
2025-04-17 00:20:48,542 - INFO - Downloaded: 10.1016/j.carbon.2024.119836
2025-04-17 00:20:48,542 - INFO - Downloaded: 10.1016/j.carbon.2024.119836
2025-04-17 00:20:49,963 - INFO - Downloaded: 10.1016/j.cclet.2023.109267
2025-04-17 00:20:49,963 - INFO - Downloaded: 10.1016/j.cclet.2023.109267
2025-04-17 00:20:51,266 - INFO - Downloaded: 10.1016/j.cclet.2024.110246
2025-04-17 00:20:51,266 - INFO - Downloaded: 10.1016/j.cclet.2024.110246
2025-04-17 00:20:52,664 - INFO - Downloaded: 10.1016/j.cej.2023.144237
2025-04-17 00:20:52,664 - INFO - Downloaded: 10.1016/j.cej.2023.144237
2025-04-17 00:20:54,089 - INFO - Downloaded: 10.1016/j.cej.2023.146090
2025-04-17 00:20:54,089 - INFO - Downloaded: 10.1016/j.cej.2023.146090
2025-04-17 00:20:55,171 - INFO - Downloaded: 10.1016/j.cej.2024.155640
2025-04-17 00:20:55,171 - INFO - Downloaded: 10.1016/j.cej.2024.155640
2025-04-17 00:20:56,601 - INFO - Downloaded: 10.1016/j.cej.2024.158006
2025-04-17 00:20:56,601 - INFO - Downloaded: 10.1016/j.cej.2024.158006
2025-04-17 00:20:57,993 - INFO - Downloaded: 10.1016/j.cej.2024.158150
2025-04-17 00:20:57,993 - INFO - Downloaded: 10.1016/j.cej.2024.158150
2025-04-17 00:20:59,377 - INFO - Downloaded: 10.1016/j.cej.2025.159402
2025-04-17 00:20:59,377 - INFO - Downloaded: 10.1016/j.cej.2025.159402
2025-04-17 00:21:00,972 - INFO - Downloaded: 10.1016/j.cej.2025.160010
2025-04-17 00:21:00,972 - INFO - Downloaded: 10.1016/j.cej.2025.160010
2025-04-17 00:21:02,386 - INFO - Downloaded: 10.1016/j.ceramint.2024.06.020
2025-04-17 00:21:02,386 - INFO - Downloaded: 10.1016/j.ceramint.2024.06.020
2025-04-17 00:21:03,605 - INFO - Downloaded: 10.1016/j.ces.2024.120671
2025-04-17 00:21:03,605 - INFO - Downloaded: 10.1016/j.ces.2024.120671
2025-04-17 00:21:04,795 - INFO - Downloaded: 10.1016/j.chemphys.2025.112664
2025-04-17 00:21:04,795 - INFO - Downloaded: 10.1016/j.chemphys.2025.112664
2025-04-17 00:21:06,292 - INFO - Downloaded: 10.1016/j.cplett.2023.140499
2025-04-17 00:21:06,292 - INFO - Downloaded: 10.1016/j.cplett.2023.140499
2025-04-17 00:21:08,074 - INFO - Downloaded: 10.1016/j.elecom.2023.107651
2025-04-17 00:21:08,074 - INFO - Downloaded: 10.1016/j.elecom.2023.107651
2025-04-17 00:21:09,766 - INFO - Downloaded: 10.1016/j.elecom.2025.107883
2025-04-17 00:21:09,766 - INFO - Downloaded: 10.1016/j.elecom.2025.107883
2025-04-17 00:21:11,221 - INFO - Downloaded: 10.1016/j.electacta.2023.143245
2025-04-17 00:21:11,221 - INFO - Downloaded: 10.1016/j.electacta.2023.143245
2025-04-17 00:21:12,745 - INFO - Downloaded: 10.1016/j.ensm.2024.103303
2025-04-17 00:21:12,745 - INFO - Downloaded: 10.1016/j.ensm.2024.103303
2025-04-17 00:21:13,868 - INFO - Downloaded: 10.1016/j.ensm.2024.103424
2025-04-17 00:21:13,868 - INFO - Downloaded: 10.1016/j.ensm.2024.103424
2025-04-17 00:21:15,347 - INFO - Downloaded: 10.1016/j.ensm.2024.103848
2025-04-17 00:21:15,347 - INFO - Downloaded: 10.1016/j.ensm.2024.103848
2025-04-17 00:21:16,549 - INFO - Downloaded: 10.1016/j.ensm.2024.103925
2025-04-17 00:21:16,549 - INFO - Downloaded: 10.1016/j.ensm.2024.103925
2025-04-17 00:21:17,907 - INFO - Downloaded: 10.1016/j.ensm.2024.103971
2025-04-17 00:21:17,907 - INFO - Downloaded: 10.1016/j.ensm.2024.103971
2025-04-17 00:21:29,255 - INFO - Downloaded: 10.1016/j.est.2023.107504
2025-04-17 00:21:29,255 - INFO - Downloaded: 10.1016/j.est.2023.107504
2025-04-17 00:21:29,255 - INFO - Downloaded: 10.1016/j.est.2023.107504
2025-04-17 00:21:30,803 - INFO - Downloaded: 10.1016/j.est.2023.109801
2025-04-17 00:21:30,803 - INFO - Downloaded: 10.1016/j.est.2023.109801
2025-04-17 00:21:30,803 - INFO - Downloaded: 10.1016/j.est.2023.109801
2025-04-17 00:21:32,047 - INFO - Downloaded: 10.1016/j.est.2023.110058
2025-04-17 00:21:32,047 - INFO - Downloaded: 10.1016/j.est.2023.110058
2025-04-17 00:21:32,047 - INFO - Downloaded: 10.1016/j.est.2023.110058
2025-04-17 00:21:34,213 - INFO - Downloaded: 10.1016/j.est.2024.111491
2025-04-17 00:21:34,213 - INFO - Downloaded: 10.1016/j.est.2024.111491
2025-04-17 00:21:34,213 - INFO - Downloaded: 10.1016/j.est.2024.111491
2025-04-17 00:21:35,592 - INFO - Downloaded: 10.1016/j.est.2024.112886
2025-04-17 00:21:35,592 - INFO - Downloaded: 10.1016/j.est.2024.112886
2025-04-17 00:21:35,592 - INFO - Downloaded: 10.1016/j.est.2024.112886
2025-04-17 00:21:36,784 - INFO - Downloaded: 10.1016/j.est.2024.113062
2025-04-17 00:21:36,784 - INFO - Downloaded: 10.1016/j.est.2024.113062
2025-04-17 00:21:36,784 - INFO - Downloaded: 10.1016/j.est.2024.113062
2025-04-17 00:21:38,166 - INFO - Downloaded: 10.1016/j.est.2024.113563
2025-04-17 00:21:38,166 - INFO - Downloaded: 10.1016/j.est.2024.113563
2025-04-17 00:21:38,166 - INFO - Downloaded: 10.1016/j.est.2024.113563
2025-04-17 00:21:39,544 - INFO - Downloaded: 10.1016/j.est.2024.114590
2025-04-17 00:21:39,544 - INFO - Downloaded: 10.1016/j.est.2024.114590
2025-04-17 00:21:39,544 - INFO - Downloaded: 10.1016/j.est.2024.114590
2025-04-17 00:21:41,659 - INFO - Downloaded: 10.1016/j.gee.2024.09.007
2025-04-17 00:21:41,659 - INFO - Downloaded: 10.1016/j.gee.2024.09.007
2025-04-17 00:21:41,659 - INFO - Downloaded: 10.1016/j.gee.2024.09.007
2025-04-17 00:21:43,351 - INFO - Downloaded: 10.1016/j.isci.2023.106642
2025-04-17 00:21:43,351 - INFO - Downloaded: 10.1016/j.isci.2023.106642
2025-04-17 00:21:43,351 - INFO - Downloaded: 10.1016/j.isci.2023.106642
2025-04-17 00:21:44,893 - INFO - Downloaded: 10.1016/j.jallcom.2023.170328
2025-04-17 00:21:44,893 - INFO - Downloaded: 10.1016/j.jallcom.2023.170328
2025-04-17 00:21:44,893 - INFO - Downloaded: 10.1016/j.jallcom.2023.170328
2025-04-17 00:21:46,024 - INFO - Downloaded: 10.1016/j.jallcom.2023.171196
2025-04-17 00:21:46,024 - INFO - Downloaded: 10.1016/j.jallcom.2023.171196
2025-04-17 00:21:46,024 - INFO - Downloaded: 10.1016/j.jallcom.2023.171196
2025-04-17 00:21:47,214 - INFO - Downloaded: 10.1016/j.jallcom.2023.172977
2025-04-17 00:21:47,214 - INFO - Downloaded: 10.1016/j.jallcom.2023.172977
2025-04-17 00:21:47,214 - INFO - Downloaded: 10.1016/j.jallcom.2023.172977
2025-04-17 00:21:48,304 - INFO - Downloaded: 10.1016/j.jallcom.2024.174127
2025-04-17 00:21:48,304 - INFO - Downloaded: 10.1016/j.jallcom.2024.174127
2025-04-17 00:21:48,304 - INFO - Downloaded: 10.1016/j.jallcom.2024.174127
2025-04-17 00:21:49,392 - INFO - Downloaded: 10.1016/j.jallcom.2024.177048
2025-04-17 00:21:49,392 - INFO - Downloaded: 10.1016/j.jallcom.2024.177048
2025-04-17 00:21:49,392 - INFO - Downloaded: 10.1016/j.jallcom.2024.177048
2025-04-17 00:21:50,760 - INFO - Downloaded: 10.1016/j.jallcom.2025.178713
2025-04-17 00:21:50,760 - INFO - Downloaded: 10.1016/j.jallcom.2025.178713
2025-04-17 00:21:50,760 - INFO - Downloaded: 10.1016/j.jallcom.2025.178713
2025-04-17 00:21:52,152 - INFO - Downloaded: 10.1016/j.jcis.2020.03.063
2025-04-17 00:21:52,152 - INFO - Downloaded: 10.1016/j.jcis.2020.03.063
2025-04-17 00:21:52,152 - INFO - Downloaded: 10.1016/j.jcis.2020.03.063
2025-04-17 00:21:53,331 - INFO - Downloaded: 10.1016/j.jcis.2020.04.074
2025-04-17 00:21:53,331 - INFO - Downloaded: 10.1016/j.jcis.2020.04.074
2025-04-17 00:21:53,331 - INFO - Downloaded: 10.1016/j.jcis.2020.04.074
2025-04-17 00:21:54,768 - INFO - Downloaded: 10.1016/j.jcis.2020.04.096
2025-04-17 00:21:54,768 - INFO - Downloaded: 10.1016/j.jcis.2020.04.096
2025-04-17 00:21:54,768 - INFO - Downloaded: 10.1016/j.jcis.2020.04.096
2025-04-17 00:21:56,169 - INFO - Downloaded: 10.1016/j.jcis.2020.10.044
2025-04-17 00:21:56,169 - INFO - Downloaded: 10.1016/j.jcis.2020.10.044
2025-04-17 00:21:56,169 - INFO - Downloaded: 10.1016/j.jcis.2020.10.044
2025-04-17 00:21:57,451 - INFO - Downloaded: 10.1016/j.jcis.2021.10.007
2025-04-17 00:21:57,451 - INFO - Downloaded: 10.1016/j.jcis.2021.10.007
2025-04-17 00:21:57,451 - INFO - Downloaded: 10.1016/j.jcis.2021.10.007
2025-04-17 00:21:58,843 - INFO - Downloaded: 10.1016/j.jcis.2022.09.065
2025-04-17 00:21:58,843 - INFO - Downloaded: 10.1016/j.jcis.2022.09.065
2025-04-17 00:21:58,843 - INFO - Downloaded: 10.1016/j.jcis.2022.09.065
2025-04-17 00:22:00,505 - INFO - Downloaded: 10.1016/j.jcis.2023.01.092
2025-04-17 00:22:00,505 - INFO - Downloaded: 10.1016/j.jcis.2023.01.092
2025-04-17 00:22:00,505 - INFO - Downloaded: 10.1016/j.jcis.2023.01.092
2025-04-17 00:22:01,851 - INFO - Downloaded: 10.1016/j.jcis.2023.09.057
2025-04-17 00:22:01,851 - INFO - Downloaded: 10.1016/j.jcis.2023.09.057
2025-04-17 00:22:01,851 - INFO - Downloaded: 10.1016/j.jcis.2023.09.057
2025-04-17 00:22:04,203 - INFO - Downloaded: 10.1016/j.jcis.2024.01.165
2025-04-17 00:22:04,203 - INFO - Downloaded: 10.1016/j.jcis.2024.01.165
2025-04-17 00:22:04,203 - INFO - Downloaded: 10.1016/j.jcis.2024.01.165
2025-04-17 00:22:05,833 - INFO - Downloaded: 10.1016/j.jcis.2024.05.082
2025-04-17 00:22:05,833 - INFO - Downloaded: 10.1016/j.jcis.2024.05.082
2025-04-17 00:22:05,833 - INFO - Downloaded: 10.1016/j.jcis.2024.05.082
2025-04-17 00:22:07,776 - INFO - Downloaded: 10.1016/j.jcis.2024.06.080
2025-04-17 00:22:07,776 - INFO - Downloaded: 10.1016/j.jcis.2024.06.080
2025-04-17 00:22:07,776 - INFO - Downloaded: 10.1016/j.jcis.2024.06.080
2025-04-17 00:22:08,972 - INFO - Downloaded: 10.1016/j.jcis.2024.08.054
2025-04-17 00:22:08,972 - INFO - Downloaded: 10.1016/j.jcis.2024.08.054
2025-04-17 00:22:08,972 - INFO - Downloaded: 10.1016/j.jcis.2024.08.054
2025-04-17 00:22:10,191 - INFO - Downloaded: 10.1016/j.jcis.2024.08.188
2025-04-17 00:22:10,191 - INFO - Downloaded: 10.1016/j.jcis.2024.08.188
2025-04-17 00:22:10,191 - INFO - Downloaded: 10.1016/j.jcis.2024.08.188
2025-04-17 00:22:12,523 - INFO - Downloaded: 10.1016/j.jcis.2024.09.141
2025-04-17 00:22:12,523 - INFO - Downloaded: 10.1016/j.jcis.2024.09.141
2025-04-17 00:22:12,523 - INFO - Downloaded: 10.1016/j.jcis.2024.09.141
2025-04-17 00:22:13,676 - INFO - Downloaded: 10.1016/j.jcis.2025.01.182
2025-04-17 00:22:13,676 - INFO - Downloaded: 10.1016/j.jcis.2025.01.182
2025-04-17 00:22:13,676 - INFO - Downloaded: 10.1016/j.jcis.2025.01.182
2025-04-17 00:22:15,150 - INFO - Downloaded: 10.1016/j.jechem.2024.03.055
2025-04-17 00:22:15,150 - INFO - Downloaded: 10.1016/j.jechem.2024.03.055
2025-04-17 00:22:15,150 - INFO - Downloaded: 10.1016/j.jechem.2024.03.055
2025-04-17 00:22:16,517 - INFO - Downloaded: 10.1016/j.jechem.2024.05.005
2025-04-17 00:22:16,517 - INFO - Downloaded: 10.1016/j.jechem.2024.05.005
2025-04-17 00:22:16,517 - INFO - Downloaded: 10.1016/j.jechem.2024.05.005
2025-04-17 00:22:17,989 - INFO - Downloaded: 10.1016/j.jechem.2024.06.003
2025-04-17 00:22:17,989 - INFO - Downloaded: 10.1016/j.jechem.2024.06.003
2025-04-17 00:22:17,989 - INFO - Downloaded: 10.1016/j.jechem.2024.06.003
2025-04-17 00:22:19,448 - INFO - Downloaded: 10.1016/j.jechem.2024.10.058
2025-04-17 00:22:19,448 - INFO - Downloaded: 10.1016/j.jechem.2024.10.058
2025-04-17 00:22:19,448 - INFO - Downloaded: 10.1016/j.jechem.2024.10.058
2025-04-17 00:22:20,938 - INFO - Downloaded: 10.1016/j.jelechem.2023.117731
2025-04-17 00:22:20,938 - INFO - Downloaded: 10.1016/j.jelechem.2023.117731
2025-04-17 00:22:20,938 - INFO - Downloaded: 10.1016/j.jelechem.2023.117731
2025-04-17 00:22:22,022 - INFO - Downloaded: 10.1016/j.jelechem.2023.117801
2025-04-17 00:22:22,022 - INFO - Downloaded: 10.1016/j.jelechem.2023.117801
2025-04-17 00:22:22,022 - INFO - Downloaded: 10.1016/j.jelechem.2023.117801
2025-04-17 00:22:23,520 - INFO - Downloaded: 10.1016/j.jelechem.2024.118070
2025-04-17 00:22:23,520 - INFO - Downloaded: 10.1016/j.jelechem.2024.118070
2025-04-17 00:22:23,520 - INFO - Downloaded: 10.1016/j.jelechem.2024.118070
2025-04-17 00:22:24,793 - INFO - Downloaded: 10.1016/j.jelechem.2024.118557
2025-04-17 00:22:24,793 - INFO - Downloaded: 10.1016/j.jelechem.2024.118557
2025-04-17 00:22:24,793 - INFO - Downloaded: 10.1016/j.jelechem.2024.118557
2025-04-17 00:22:25,969 - INFO - Downloaded: 10.1016/j.jmst.2024.05.009
2025-04-17 00:22:25,969 - INFO - Downloaded: 10.1016/j.jmst.2024.05.009
2025-04-17 00:22:25,969 - INFO - Downloaded: 10.1016/j.jmst.2024.05.009
2025-04-17 00:22:27,672 - INFO - Downloaded: 10.1016/j.jpowsour.2023.233577
2025-04-17 00:22:27,672 - INFO - Downloaded: 10.1016/j.jpowsour.2023.233577
2025-04-17 00:22:27,672 - INFO - Downloaded: 10.1016/j.jpowsour.2023.233577
2025-04-17 00:22:29,576 - INFO - Downloaded: 10.1016/j.jpowsour.2024.234730
2025-04-17 00:22:29,576 - INFO - Downloaded: 10.1016/j.jpowsour.2024.234730
2025-04-17 00:22:29,576 - INFO - Downloaded: 10.1016/j.jpowsour.2024.234730
2025-04-17 00:22:30,782 - INFO - Downloaded: 10.1016/j.jpowsour.2024.235141
2025-04-17 00:22:30,782 - INFO - Downloaded: 10.1016/j.jpowsour.2024.235141
2025-04-17 00:22:30,782 - INFO - Downloaded: 10.1016/j.jpowsour.2024.235141
2025-04-17 00:22:32,283 - INFO - Downloaded: 10.1016/j.jpowsour.2024.235186
2025-04-17 00:22:32,283 - INFO - Downloaded: 10.1016/j.jpowsour.2024.235186
2025-04-17 00:22:32,283 - INFO - Downloaded: 10.1016/j.jpowsour.2024.235186
2025-04-17 00:22:33,581 - INFO - Downloaded: 10.1016/j.jpowsour.2024.235406
2025-04-17 00:22:33,581 - INFO - Downloaded: 10.1016/j.jpowsour.2024.235406
2025-04-17 00:22:33,581 - INFO - Downloaded: 10.1016/j.jpowsour.2024.235406
2025-04-17 00:22:35,413 - INFO - Downloaded: 10.1016/j.jpowsour.2024.235703
2025-04-17 00:22:35,413 - INFO - Downloaded: 10.1016/j.jpowsour.2024.235703
2025-04-17 00:22:35,413 - INFO - Downloaded: 10.1016/j.jpowsour.2024.235703
2025-04-17 00:22:36,783 - INFO - Downloaded: 10.1016/j.jpowsour.2025.236171
2025-04-17 00:22:36,783 - INFO - Downloaded: 10.1016/j.jpowsour.2025.236171
2025-04-17 00:22:36,783 - INFO - Downloaded: 10.1016/j.jpowsour.2025.236171
2025-04-17 00:22:37,863 - INFO - Downloaded: 10.1016/j.matchemphys.2023.127837
2025-04-17 00:22:37,863 - INFO - Downloaded: 10.1016/j.matchemphys.2023.127837
2025-04-17 00:22:37,863 - INFO - Downloaded: 10.1016/j.matchemphys.2023.127837
2025-04-17 00:22:39,054 - INFO - Downloaded: 10.1016/j.matchemphys.2024.130231
2025-04-17 00:22:39,054 - INFO - Downloaded: 10.1016/j.matchemphys.2024.130231
2025-04-17 00:22:39,054 - INFO - Downloaded: 10.1016/j.matchemphys.2024.130231
2025-04-17 00:22:40,148 - INFO - Downloaded: 10.1016/j.matchemphys.2025.130412
2025-04-17 00:22:40,148 - INFO - Downloaded: 10.1016/j.matchemphys.2025.130412
2025-04-17 00:22:40,148 - INFO - Downloaded: 10.1016/j.matchemphys.2025.130412
2025-04-17 00:22:51,620 - INFO - Downloaded: 10.1016/j.matlet.2023.134846
2025-04-17 00:22:51,620 - INFO - Downloaded: 10.1016/j.matlet.2023.134846
2025-04-17 00:22:51,620 - INFO - Downloaded: 10.1016/j.matlet.2023.134846
2025-04-17 00:22:51,620 - INFO - Downloaded: 10.1016/j.matlet.2023.134846
2025-04-17 00:22:52,768 - INFO - Downloaded: 10.1016/j.matlet.2024.137189
2025-04-17 00:22:52,768 - INFO - Downloaded: 10.1016/j.matlet.2024.137189
2025-04-17 00:22:52,768 - INFO - Downloaded: 10.1016/j.matlet.2024.137189
2025-04-17 00:22:52,768 - INFO - Downloaded: 10.1016/j.matlet.2024.137189
2025-04-17 00:22:53,938 - INFO - Downloaded: 10.1016/j.mtchem.2023.101540
2025-04-17 00:22:53,938 - INFO - Downloaded: 10.1016/j.mtchem.2023.101540
2025-04-17 00:22:53,938 - INFO - Downloaded: 10.1016/j.mtchem.2023.101540
2025-04-17 00:22:53,938 - INFO - Downloaded: 10.1016/j.mtchem.2023.101540
2025-04-17 00:22:55,112 - INFO - Downloaded: 10.1016/j.nanoen.2024.109562
2025-04-17 00:22:55,112 - INFO - Downloaded: 10.1016/j.nanoen.2024.109562
2025-04-17 00:22:55,112 - INFO - Downloaded: 10.1016/j.nanoen.2024.109562
2025-04-17 00:22:55,112 - INFO - Downloaded: 10.1016/j.nanoen.2024.109562
2025-04-17 00:24:21,258 - INFO - Downloaded: 10.1038/s41467-017-00211-5
2025-04-17 00:24:21,258 - INFO - Downloaded: 10.1038/s41467-017-00211-5
2025-04-17 00:24:21,258 - INFO - Downloaded: 10.1038/s41467-017-00211-5
2025-04-17 00:24:21,258 - INFO - Downloaded: 10.1038/s41467-017-00211-5
2025-04-17 00:24:21,258 - INFO - Downloaded: 10.1038/s41467-017-00211-5
2025-04-17 00:24:21,258 - INFO - Downloaded: 10.1038/s41467-017-00211-5
2025-04-17 00:25:25,649 - INFO - Downloaded: 10.1038/s41467-018-07595-y
2025-04-17 00:25:25,649 - INFO - Downloaded: 10.1038/s41467-018-07595-y
2025-04-17 00:25:25,649 - INFO - Downloaded: 10.1038/s41467-018-07595-y
2025-04-17 00:25:25,649 - INFO - Downloaded: 10.1038/s41467-018-07595-y
2025-04-17 00:25:25,649 - INFO - Downloaded: 10.1038/s41467-018-07595-y
2025-04-17 00:25:25,649 - INFO - Downloaded: 10.1038/s41467-018-07595-y
2025-04-17 00:25:33,790 - INFO - Downloaded: 10.1038/s41467-019-09933-0
2025-04-17 00:25:33,790 - INFO - Downloaded: 10.1038/s41467-019-09933-0
2025-04-17 00:25:33,790 - INFO - Downloaded: 10.1038/s41467-019-09933-0
2025-04-17 00:25:33,790 - INFO - Downloaded: 10.1038/s41467-019-09933-0
2025-04-17 00:25:33,790 - INFO - Downloaded: 10.1038/s41467-019-09933-0
2025-04-17 00:25:33,790 - INFO - Downloaded: 10.1038/s41467-019-09933-0
2025-04-17 00:25:41,126 - INFO - Downloaded: 10.1038/s41467-021-22523-3
2025-04-17 00:25:41,126 - INFO - Downloaded: 10.1038/s41467-021-22523-3
2025-04-17 00:25:41,126 - INFO - Downloaded: 10.1038/s41467-021-22523-3
2025-04-17 00:25:41,126 - INFO - Downloaded: 10.1038/s41467-021-22523-3
2025-04-17 00:25:41,126 - INFO - Downloaded: 10.1038/s41467-021-22523-3
2025-04-17 00:25:41,126 - INFO - Downloaded: 10.1038/s41467-021-22523-3
2025-04-17 00:58:21,846 - INFO - Downloaded: 10.1038/s41467-022-28176-0
2025-04-17 00:58:21,846 - INFO - Downloaded: 10.1038/s41467-022-28176-0
2025-04-17 00:58:21,846 - INFO - Downloaded: 10.1038/s41467-022-28176-0
2025-04-17 00:58:31,462 - INFO - Downloaded: 10.1038/s41467-023-39384-7
2025-04-17 00:58:31,462 - INFO - Downloaded: 10.1038/s41467-023-39384-7
2025-04-17 00:58:31,462 - INFO - Downloaded: 10.1038/s41467-023-39384-7
2025-04-17 00:58:42,099 - INFO - Downloaded: 10.1038/s41467-024-44855-6
2025-04-17 00:58:42,099 - INFO - Downloaded: 10.1038/s41467-024-44855-6
2025-04-17 00:58:42,099 - INFO - Downloaded: 10.1038/s41467-024-44855-6
2025-04-17 00:58:49,853 - INFO - Downloaded: 10.1038/s41467-024-50751-w
2025-04-17 00:58:49,853 - INFO - Downloaded: 10.1038/s41467-024-50751-w
2025-04-17 00:58:49,853 - INFO - Downloaded: 10.1038/s41467-024-50751-w
2025-04-17 00:58:57,451 - INFO - Downloaded: 10.1038/s41467-025-57310-x
2025-04-17 00:58:57,451 - INFO - Downloaded: 10.1038/s41467-025-57310-x
2025-04-17 00:58:57,451 - INFO - Downloaded: 10.1038/s41467-025-57310-x
2025-04-17 00:59:04,765 - INFO - Downloaded: 10.1038/s41598-017-00346-x
2025-04-17 00:59:04,765 - INFO - Downloaded: 10.1038/s41598-017-00346-x
2025-04-17 00:59:04,765 - INFO - Downloaded: 10.1038/s41598-017-00346-x
2025-04-17 00:59:15,970 - INFO - Downloaded: 10.1038/s41598-018-22279-9
2025-04-17 00:59:15,970 - INFO - Downloaded: 10.1038/s41598-018-22279-9
2025-04-17 00:59:15,970 - INFO - Downloaded: 10.1038/s41598-018-22279-9
2025-04-17 00:59:23,491 - INFO - Downloaded: 10.1038/s41598-020-68838-x
2025-04-17 00:59:23,491 - INFO - Downloaded: 10.1038/s41598-020-68838-x
2025-04-17 00:59:23,491 - INFO - Downloaded: 10.1038/s41598-020-68838-x
2025-04-17 00:59:34,614 - INFO - Downloaded: 10.1038/s41598-024-54214-6
2025-04-17 00:59:34,614 - INFO - Downloaded: 10.1038/s41598-024-54214-6
2025-04-17 00:59:34,614 - INFO - Downloaded: 10.1038/s41598-024-54214-6
2025-04-17 01:00:38,817 - INFO - Downloaded: 10.1038/s41893-024-01266-1
2025-04-17 01:00:38,817 - INFO - Downloaded: 10.1038/s41893-024-01266-1
2025-04-17 01:00:38,817 - INFO - Downloaded: 10.1038/s41893-024-01266-1
2025-04-17 01:00:49,322 - INFO - Downloaded: 10.1038/srep26246
2025-04-17 01:00:49,322 - INFO - Downloaded: 10.1038/srep26246
2025-04-17 01:00:49,322 - INFO - Downloaded: 10.1038/srep26246
2025-04-17 01:01:29,359 - INFO - Downloaded: 10.1038/srep35620
2025-04-17 01:01:29,359 - INFO - Downloaded: 10.1038/srep35620
2025-04-17 01:01:29,359 - INFO - Downloaded: 10.1038/srep35620
