2025-04-22 15:50:29,181 - INFO - Error with downloading: 10.1016/j.apenergy.2023.121639
2025-04-22 15:50:30,076 - INFO - Error with downloading: 10.1016/j.apsusc.2023.158686
2025-04-22 15:50:30,997 - INFO - Error with downloading: 10.1016/j.apsusc.2024.159474
2025-04-22 15:50:31,801 - INFO - Error with downloading: 10.1016/j.apsusc.2024.160499
2025-04-22 15:50:32,697 - INFO - Error with downloading: 10.1016/j.carbon.2023.118555
2025-04-22 15:50:37,132 - INFO - Error with downloading: 10.1016/j.carbon.2024.119836
2025-04-22 15:50:37,936 - INFO - Error with downloading: 10.1016/j.cclet.2023.109267
2025-04-22 15:50:38,781 - INFO - Error with downloading: 10.1016/j.cclet.2024.110246
2025-04-22 15:50:39,725 - INFO - Error with downloading: 10.1016/j.cej.2023.144237
2025-04-22 15:50:40,620 - INFO - Error with downloading: 10.1016/j.cej.2023.146090
2025-04-22 15:50:41,449 - INFO - Error with downloading: 10.1016/j.cej.2024.155640
2025-04-22 15:50:42,365 - INFO - Error with downloading: 10.1016/j.cej.2024.158006
2025-04-22 15:50:43,175 - INFO - Error with downloading: 10.1016/j.cej.2024.158150
2025-04-22 15:50:43,984 - INFO - Error with downloading: 10.1016/j.cej.2025.159402
2025-04-22 15:50:44,918 - INFO - Error with downloading: 10.1016/j.cej.2025.160010
2025-04-22 15:50:45,942 - INFO - Error with downloading: 10.1016/j.ceramint.2024.06.020
2025-04-22 15:50:46,858 - INFO - Error with downloading: 10.1016/j.ces.2024.120671
2025-04-22 15:50:47,718 - INFO - Error with downloading: 10.1016/j.chemphys.2025.112664
2025-04-22 15:50:48,817 - INFO - Error with downloading: 10.1016/j.cplett.2023.140499
2025-04-22 15:50:49,753 - INFO - Error with downloading: 10.1016/j.elecom.2023.107651
