2025-04-22 16:44:17 - INFO - Processing files in directory: articles_20250313_500, number of files: 500
2025-04-22 16:44:17 - INFO - Found empty file: 10.1039-c7ra12617d.txt
2025-04-22 16:44:17 - INFO - Wrote 1 empty files to articles_20250313_500_output/empty_files.txt
2025-04-22 16:44:17 - INFO - Wrote 1 empty files to articles_20250313_500_output/empty_files.txt
2025-04-22 16:44:17 - INFO - Wrote 1 empty files to articles_20250313_500_output/empty_files.txt
2025-04-22 16:44:17 - INFO - Wrote 1 empty files to articles_20250313_500_output/empty_files.txt
2025-04-22 16:44:17 - INFO - Wrote 1 empty files to articles_20250313_500_output/empty_files.txt
2025-04-22 16:44:17 - INFO - Wrote 1 empty files to articles_20250313_500_output/empty_files.txt
2025-04-22 16:44:17 - INFO - Found empty file: 10.1039-d1ra06313h.txt
2025-04-22 16:44:17 - INFO - Wrote 2 empty files to articles_20250313_500_output/empty_files.txt
2025-04-22 16:44:17 - INFO - Wrote 2 empty files to articles_20250313_500_output/empty_files.txt
2025-04-22 16:44:17 - INFO - Wrote 2 empty files to articles_20250313_500_output/empty_files.txt
2025-04-22 16:44:17 - INFO - Wrote 2 empty files to articles_20250313_500_output/empty_files.txt
2025-04-22 16:44:17 - INFO - Wrote 2 empty files to articles_20250313_500_output/empty_files.txt
2025-04-22 16:44:17 - INFO - Wrote 2 empty files to articles_20250313_500_output/empty_files.txt
2025-04-22 16:44:17 - INFO - Wrote 2 empty files to articles_20250313_500_output/empty_files.txt
2025-04-22 16:44:17 - INFO - Wrote 2 empty files to articles_20250313_500_output/empty_files.txt
2025-04-22 16:44:17 - INFO - Wrote 2 empty files to articles_20250313_500_output/empty_files.txt
2025-04-22 16:44:17 - INFO - Wrote 2 empty files to articles_20250313_500_output/empty_files.txt
2025-04-22 16:44:17 - INFO - Wrote 2 empty files to articles_20250313_500_output/empty_files.txt
2025-04-22 16:44:17 - INFO - Wrote 2 empty files to articles_20250313_500_output/empty_files.txt
2025-04-22 16:44:17 - INFO - Wrote 2 empty files to articles_20250313_500_output/empty_files.txt
2025-04-22 16:44:17 - INFO - Wrote 2 empty files to articles_20250313_500_output/empty_files.txt
2025-04-22 16:44:17 - INFO - Wrote 2 empty files to articles_20250313_500_output/empty_files.txt
2025-04-22 16:44:17 - INFO - Wrote 2 empty files to articles_20250313_500_output/empty_files.txt
2025-04-22 16:44:17 - INFO - Wrote 2 empty files to articles_20250313_500_output/empty_files.txt
2025-04-22 16:44:17 - INFO - Wrote 2 empty files to articles_20250313_500_output/empty_files.txt
2025-04-22 16:44:17 - INFO - Wrote 2 empty files to articles_20250313_500_output/empty_files.txt
2025-04-22 16:44:17 - INFO - Wrote 2 empty files to articles_20250313_500_output/empty_files.txt
2025-04-22 16:44:17 - INFO - Wrote 2 empty files to articles_20250313_500_output/empty_files.txt
2025-04-22 16:44:17 - INFO - Wrote 2 empty files to articles_20250313_500_output/empty_files.txt
2025-04-22 16:44:17 - INFO - Wrote 2 empty files to articles_20250313_500_output/empty_files.txt
2025-04-22 16:44:17 - INFO - Wrote 2 empty files to articles_20250313_500_output/empty_files.txt
2025-04-22 16:44:17 - INFO - Wrote 2 empty files to articles_20250313_500_output/empty_files.txt
2025-04-22 16:44:17 - INFO - Wrote 2 empty files to articles_20250313_500_output/empty_files.txt
2025-04-22 16:44:17 - INFO - Wrote 2 empty files to articles_20250313_500_output/empty_files.txt
2025-04-22 16:44:17 - INFO - Wrote 2 empty files to articles_20250313_500_output/empty_files.txt
2025-04-22 16:44:17 - INFO - Wrote 2 empty files to articles_20250313_500_output/empty_files.txt
2025-04-22 16:44:17 - INFO - Wrote 2 empty files to articles_20250313_500_output/empty_files.txt
2025-04-22 16:44:17 - INFO - Wrote 2 empty files to articles_20250313_500_output/empty_files.txt
2025-04-22 16:44:17 - INFO - Wrote 2 empty files to articles_20250313_500_output/empty_files.txt
2025-04-22 16:44:17 - INFO - Wrote 2 empty files to articles_20250313_500_output/empty_files.txt
2025-04-22 16:44:17 - INFO - Wrote 2 empty files to articles_20250313_500_output/empty_files.txt
2025-04-22 16:44:17 - INFO - Wrote 2 empty files to articles_20250313_500_output/empty_files.txt
2025-04-22 16:44:17 - INFO - Wrote 2 empty files to articles_20250313_500_output/empty_files.txt
2025-04-22 16:44:17 - INFO - Wrote 2 empty files to articles_20250313_500_output/empty_files.txt
2025-04-22 16:44:17 - INFO - Wrote 2 empty files to articles_20250313_500_output/empty_files.txt
2025-04-22 16:44:17 - INFO - Wrote 2 empty files to articles_20250313_500_output/empty_files.txt
2025-04-22 16:44:17 - INFO - Wrote 2 empty files to articles_20250313_500_output/empty_files.txt
2025-04-22 16:44:17 - INFO - Wrote 2 empty files to articles_20250313_500_output/empty_files.txt
2025-04-22 16:44:17 - INFO - Wrote 2 empty files to articles_20250313_500_output/empty_files.txt
2025-04-22 16:44:17 - INFO - Wrote 2 empty files to articles_20250313_500_output/empty_files.txt
2025-04-22 16:44:17 - INFO - Wrote 2 empty files to articles_20250313_500_output/empty_files.txt
2025-04-22 16:44:17 - INFO - Wrote 2 empty files to articles_20250313_500_output/empty_files.txt
2025-04-22 16:44:17 - INFO - Wrote 2 empty files to articles_20250313_500_output/empty_files.txt
2025-04-22 16:44:17 - INFO - Wrote 2 empty files to articles_20250313_500_output/empty_files.txt
2025-04-22 16:44:17 - INFO - Wrote 2 empty files to articles_20250313_500_output/empty_files.txt
2025-04-22 16:44:17 - INFO - Wrote 2 empty files to articles_20250313_500_output/empty_files.txt
2025-04-22 16:44:17 - INFO - Wrote 2 empty files to articles_20250313_500_output/empty_files.txt
2025-04-22 16:44:17 - INFO - Wrote 2 empty files to articles_20250313_500_output/empty_files.txt
2025-04-22 16:44:17 - INFO - Wrote 2 empty files to articles_20250313_500_output/empty_files.txt
2025-04-22 16:44:17 - INFO - Wrote 2 empty files to articles_20250313_500_output/empty_files.txt
2025-04-22 16:44:17 - INFO - Wrote 2 empty files to articles_20250313_500_output/empty_files.txt
2025-04-22 16:44:17 - INFO - Wrote 2 empty files to articles_20250313_500_output/empty_files.txt
2025-04-22 16:44:17 - INFO - Wrote 2 empty files to articles_20250313_500_output/empty_files.txt
2025-04-22 16:44:17 - INFO - Wrote 2 empty files to articles_20250313_500_output/empty_files.txt
2025-04-22 16:44:17 - INFO - Wrote 2 empty files to articles_20250313_500_output/empty_files.txt
2025-04-22 16:44:17 - INFO - Wrote 2 empty files to articles_20250313_500_output/empty_files.txt
2025-04-22 16:44:17 - INFO - Wrote 2 empty files to articles_20250313_500_output/empty_files.txt
2025-04-22 16:44:17 - INFO - Wrote 2 empty files to articles_20250313_500_output/empty_files.txt
2025-04-22 16:44:17 - INFO - Wrote 2 empty files to articles_20250313_500_output/empty_files.txt
2025-04-22 16:44:17 - INFO - Wrote 2 empty files to articles_20250313_500_output/empty_files.txt
2025-04-22 16:44:17 - INFO - Wrote 2 empty files to articles_20250313_500_output/empty_files.txt
2025-04-22 16:44:17 - INFO - Wrote 2 empty files to articles_20250313_500_output/empty_files.txt
2025-04-22 16:44:17 - INFO - Wrote 2 empty files to articles_20250313_500_output/empty_files.txt
2025-04-22 16:44:17 - INFO - Wrote 2 empty files to articles_20250313_500_output/empty_files.txt
2025-04-22 16:44:17 - INFO - Wrote 2 empty files to articles_20250313_500_output/empty_files.txt
2025-04-22 16:44:17 - INFO - Found empty file: 10.1039-d1cp00050k.txt
2025-04-22 16:44:17 - INFO - Wrote 3 empty files to articles_20250313_500_output/empty_files.txt
2025-04-22 16:44:17 - INFO - Wrote 3 empty files to articles_20250313_500_output/empty_files.txt
2025-04-22 16:44:17 - INFO - Wrote 3 empty files to articles_20250313_500_output/empty_files.txt
2025-04-22 16:44:17 - INFO - Wrote 3 empty files to articles_20250313_500_output/empty_files.txt
2025-04-22 16:44:17 - INFO - Wrote 3 empty files to articles_20250313_500_output/empty_files.txt
2025-04-22 16:44:17 - INFO - Wrote 3 empty files to articles_20250313_500_output/empty_files.txt
2025-04-22 16:44:17 - INFO - Wrote 3 empty files to articles_20250313_500_output/empty_files.txt
2025-04-22 16:44:17 - INFO - Wrote 3 empty files to articles_20250313_500_output/empty_files.txt
2025-04-22 16:44:17 - INFO - Wrote 3 empty files to articles_20250313_500_output/empty_files.txt
2025-04-22 16:44:17 - INFO - Wrote 3 empty files to articles_20250313_500_output/empty_files.txt
2025-04-22 16:44:17 - INFO - Wrote 3 empty files to articles_20250313_500_output/empty_files.txt
2025-04-22 16:44:17 - INFO - Wrote 3 empty files to articles_20250313_500_output/empty_files.txt
2025-04-22 16:44:17 - INFO - Wrote 3 empty files to articles_20250313_500_output/empty_files.txt
2025-04-22 16:44:17 - INFO - Wrote 3 empty files to articles_20250313_500_output/empty_files.txt
2025-04-22 16:44:17 - INFO - Wrote 3 empty files to articles_20250313_500_output/empty_files.txt
2025-04-22 16:44:17 - INFO - Wrote 3 empty files to articles_20250313_500_output/empty_files.txt
2025-04-22 16:44:17 - INFO - Wrote 3 empty files to articles_20250313_500_output/empty_files.txt
2025-04-22 16:44:17 - INFO - Wrote 3 empty files to articles_20250313_500_output/empty_files.txt
2025-04-22 16:44:17 - INFO - Wrote 3 empty files to articles_20250313_500_output/empty_files.txt
2025-04-22 16:44:17 - INFO - Wrote 3 empty files to articles_20250313_500_output/empty_files.txt
2025-04-22 16:44:17 - INFO - Wrote 3 empty files to articles_20250313_500_output/empty_files.txt
2025-04-22 16:44:17 - INFO - Wrote 3 empty files to articles_20250313_500_output/empty_files.txt
2025-04-22 16:44:17 - INFO - Wrote 3 empty files to articles_20250313_500_output/empty_files.txt
2025-04-22 16:44:17 - INFO - Found empty file: 10.1039-d1nr07960c.txt
2025-04-22 16:44:17 - INFO - Wrote 4 empty files to articles_20250313_500_output/empty_files.txt
2025-04-22 16:44:17 - INFO - Wrote 4 empty files to articles_20250313_500_output/empty_files.txt
2025-04-22 16:44:17 - INFO - Wrote 4 empty files to articles_20250313_500_output/empty_files.txt
2025-04-22 16:44:17 - INFO - Wrote 4 empty files to articles_20250313_500_output/empty_files.txt
2025-04-22 16:44:17 - INFO - Wrote 4 empty files to articles_20250313_500_output/empty_files.txt
2025-04-22 16:44:17 - INFO - Wrote 4 empty files to articles_20250313_500_output/empty_files.txt
2025-04-22 16:44:17 - INFO - Wrote 4 empty files to articles_20250313_500_output/empty_files.txt
2025-04-22 16:44:17 - INFO - Wrote 4 empty files to articles_20250313_500_output/empty_files.txt
2025-04-22 16:44:17 - INFO - Wrote 4 empty files to articles_20250313_500_output/empty_files.txt
2025-04-22 16:44:17 - INFO - Wrote 4 empty files to articles_20250313_500_output/empty_files.txt
2025-04-22 16:44:17 - INFO - Wrote 4 empty files to articles_20250313_500_output/empty_files.txt
2025-04-22 16:44:17 - INFO - Wrote 4 empty files to articles_20250313_500_output/empty_files.txt
2025-04-22 16:44:17 - INFO - Wrote 4 empty files to articles_20250313_500_output/empty_files.txt
2025-04-22 16:44:17 - INFO - Wrote 4 empty files to articles_20250313_500_output/empty_files.txt
2025-04-22 16:44:17 - INFO - Wrote 4 empty files to articles_20250313_500_output/empty_files.txt
2025-04-22 16:44:17 - INFO - Wrote 4 empty files to articles_20250313_500_output/empty_files.txt
2025-04-22 16:44:17 - INFO - Wrote 4 empty files to articles_20250313_500_output/empty_files.txt
2025-04-22 16:44:17 - INFO - Wrote 4 empty files to articles_20250313_500_output/empty_files.txt
2025-04-22 16:44:17 - INFO - Wrote 4 empty files to articles_20250313_500_output/empty_files.txt
2025-04-22 16:44:17 - INFO - Wrote 4 empty files to articles_20250313_500_output/empty_files.txt
2025-04-22 16:44:17 - INFO - Wrote 4 empty files to articles_20250313_500_output/empty_files.txt
2025-04-22 16:44:17 - INFO - Wrote 4 empty files to articles_20250313_500_output/empty_files.txt
2025-04-22 16:44:17 - INFO - Wrote 4 empty files to articles_20250313_500_output/empty_files.txt
2025-04-22 16:44:17 - INFO - Wrote 4 empty files to articles_20250313_500_output/empty_files.txt
2025-04-22 16:44:17 - INFO - Wrote 4 empty files to articles_20250313_500_output/empty_files.txt
2025-04-22 16:44:17 - INFO - Wrote 4 empty files to articles_20250313_500_output/empty_files.txt
2025-04-22 16:44:17 - INFO - Wrote 4 empty files to articles_20250313_500_output/empty_files.txt
2025-04-22 16:44:17 - INFO - Wrote 4 empty files to articles_20250313_500_output/empty_files.txt
2025-04-22 16:44:17 - INFO - Wrote 4 empty files to articles_20250313_500_output/empty_files.txt
2025-04-22 16:44:17 - INFO - Wrote 4 empty files to articles_20250313_500_output/empty_files.txt
2025-04-22 16:44:17 - INFO - Wrote 4 empty files to articles_20250313_500_output/empty_files.txt
2025-04-22 16:44:17 - INFO - Wrote 4 empty files to articles_20250313_500_output/empty_files.txt
2025-04-22 16:44:17 - INFO - Wrote 4 empty files to articles_20250313_500_output/empty_files.txt
2025-04-22 16:44:17 - INFO - Wrote 4 empty files to articles_20250313_500_output/empty_files.txt
2025-04-22 16:44:17 - INFO - Wrote 4 empty files to articles_20250313_500_output/empty_files.txt
2025-04-22 16:44:17 - INFO - Wrote 4 empty files to articles_20250313_500_output/empty_files.txt
2025-04-22 16:44:17 - INFO - Wrote 4 empty files to articles_20250313_500_output/empty_files.txt
2025-04-22 16:44:17 - INFO - Wrote 4 empty files to articles_20250313_500_output/empty_files.txt
2025-04-22 16:44:17 - INFO - Wrote 4 empty files to articles_20250313_500_output/empty_files.txt
2025-04-22 16:44:17 - INFO - Wrote 4 empty files to articles_20250313_500_output/empty_files.txt
2025-04-22 16:44:17 - INFO - Wrote 4 empty files to articles_20250313_500_output/empty_files.txt
2025-04-22 16:44:17 - INFO - Wrote 4 empty files to articles_20250313_500_output/empty_files.txt
2025-04-22 16:44:17 - INFO - Wrote 4 empty files to articles_20250313_500_output/empty_files.txt
2025-04-22 16:44:17 - INFO - Wrote 4 empty files to articles_20250313_500_output/empty_files.txt
2025-04-22 16:44:17 - INFO - Wrote 4 empty files to articles_20250313_500_output/empty_files.txt
2025-04-22 16:44:17 - INFO - Wrote 4 empty files to articles_20250313_500_output/empty_files.txt
2025-04-22 16:44:17 - INFO - Wrote 4 empty files to articles_20250313_500_output/empty_files.txt
2025-04-22 16:44:17 - INFO - Wrote 4 empty files to articles_20250313_500_output/empty_files.txt
2025-04-22 16:44:17 - INFO - Wrote 4 empty files to articles_20250313_500_output/empty_files.txt
2025-04-22 16:44:17 - INFO - Wrote 4 empty files to articles_20250313_500_output/empty_files.txt
2025-04-22 16:44:17 - INFO - Wrote 4 empty files to articles_20250313_500_output/empty_files.txt
2025-04-22 16:44:17 - INFO - Found empty file: 10.1039-c9cc04136b.txt
2025-04-22 16:44:17 - INFO - Wrote 5 empty files to articles_20250313_500_output/empty_files.txt
2025-04-22 16:44:17 - INFO - Wrote 5 empty files to articles_20250313_500_output/empty_files.txt
2025-04-22 16:44:17 - INFO - Wrote 5 empty files to articles_20250313_500_output/empty_files.txt
2025-04-22 16:44:17 - INFO - Found empty file: 10.1039-c9nr00371a.txt
2025-04-22 16:44:17 - INFO - Wrote 6 empty files to articles_20250313_500_output/empty_files.txt
2025-04-22 16:44:17 - INFO - Wrote 6 empty files to articles_20250313_500_output/empty_files.txt
2025-04-22 16:44:17 - INFO - Wrote 6 empty files to articles_20250313_500_output/empty_files.txt
2025-04-22 16:44:17 - INFO - Wrote 6 empty files to articles_20250313_500_output/empty_files.txt
2025-04-22 16:44:17 - INFO - Wrote 6 empty files to articles_20250313_500_output/empty_files.txt
2025-04-22 16:44:17 - INFO - Wrote 6 empty files to articles_20250313_500_output/empty_files.txt
2025-04-22 16:44:17 - INFO - Wrote 6 empty files to articles_20250313_500_output/empty_files.txt
2025-04-22 16:44:17 - INFO - Wrote 6 empty files to articles_20250313_500_output/empty_files.txt
2025-04-22 16:44:17 - INFO - Wrote 6 empty files to articles_20250313_500_output/empty_files.txt
2025-04-22 16:44:17 - INFO - Wrote 6 empty files to articles_20250313_500_output/empty_files.txt
2025-04-22 16:44:17 - INFO - Wrote 6 empty files to articles_20250313_500_output/empty_files.txt
2025-04-22 16:44:17 - INFO - Wrote 6 empty files to articles_20250313_500_output/empty_files.txt
2025-04-22 16:44:17 - INFO - Wrote 6 empty files to articles_20250313_500_output/empty_files.txt
2025-04-22 16:44:17 - INFO - Wrote 6 empty files to articles_20250313_500_output/empty_files.txt
2025-04-22 16:44:17 - INFO - Wrote 6 empty files to articles_20250313_500_output/empty_files.txt
2025-04-22 16:44:17 - INFO - Wrote 6 empty files to articles_20250313_500_output/empty_files.txt
2025-04-22 16:44:17 - INFO - Wrote 6 empty files to articles_20250313_500_output/empty_files.txt
2025-04-22 16:44:17 - INFO - Wrote 6 empty files to articles_20250313_500_output/empty_files.txt
2025-04-22 16:44:17 - INFO - Wrote 6 empty files to articles_20250313_500_output/empty_files.txt
2025-04-22 16:44:17 - INFO - Wrote 6 empty files to articles_20250313_500_output/empty_files.txt
2025-04-22 16:44:17 - INFO - Wrote 6 empty files to articles_20250313_500_output/empty_files.txt
2025-04-22 16:44:17 - INFO - Wrote 6 empty files to articles_20250313_500_output/empty_files.txt
2025-04-22 16:44:17 - INFO - Wrote 6 empty files to articles_20250313_500_output/empty_files.txt
2025-04-22 16:44:17 - INFO - Wrote 6 empty files to articles_20250313_500_output/empty_files.txt
2025-04-22 16:44:17 - INFO - Wrote 6 empty files to articles_20250313_500_output/empty_files.txt
2025-04-22 16:44:17 - INFO - Wrote 6 empty files to articles_20250313_500_output/empty_files.txt
2025-04-22 16:44:17 - INFO - Wrote 6 empty files to articles_20250313_500_output/empty_files.txt
2025-04-22 16:44:17 - INFO - Wrote 6 empty files to articles_20250313_500_output/empty_files.txt
2025-04-22 16:44:17 - INFO - Wrote 6 empty files to articles_20250313_500_output/empty_files.txt
2025-04-22 16:44:17 - INFO - Wrote 6 empty files to articles_20250313_500_output/empty_files.txt
2025-04-22 16:44:17 - INFO - Wrote 6 empty files to articles_20250313_500_output/empty_files.txt
2025-04-22 16:44:17 - INFO - Wrote 6 empty files to articles_20250313_500_output/empty_files.txt
2025-04-22 16:44:17 - INFO - Wrote 6 empty files to articles_20250313_500_output/empty_files.txt
2025-04-22 16:44:17 - INFO - Wrote 6 empty files to articles_20250313_500_output/empty_files.txt
2025-04-22 16:44:17 - INFO - Wrote 6 empty files to articles_20250313_500_output/empty_files.txt
2025-04-22 16:44:17 - INFO - Wrote 6 empty files to articles_20250313_500_output/empty_files.txt
2025-04-22 16:44:17 - INFO - Wrote 6 empty files to articles_20250313_500_output/empty_files.txt
2025-04-22 16:44:17 - INFO - Found empty file: 10.1039-c7cc00301c.txt
2025-04-22 16:44:17 - INFO - Wrote 7 empty files to articles_20250313_500_output/empty_files.txt
2025-04-22 16:44:17 - INFO - Wrote 7 empty files to articles_20250313_500_output/empty_files.txt
2025-04-22 16:44:17 - INFO - Wrote 7 empty files to articles_20250313_500_output/empty_files.txt
2025-04-22 16:44:17 - INFO - Wrote 7 empty files to articles_20250313_500_output/empty_files.txt
2025-04-22 16:44:17 - INFO - Wrote 7 empty files to articles_20250313_500_output/empty_files.txt
2025-04-22 16:44:17 - INFO - Wrote 7 empty files to articles_20250313_500_output/empty_files.txt
2025-04-22 16:44:17 - INFO - Wrote 7 empty files to articles_20250313_500_output/empty_files.txt
2025-04-22 16:44:17 - INFO - Wrote 7 empty files to articles_20250313_500_output/empty_files.txt
2025-04-22 16:44:17 - INFO - Wrote 7 empty files to articles_20250313_500_output/empty_files.txt
2025-04-22 16:44:17 - INFO - Wrote 7 empty files to articles_20250313_500_output/empty_files.txt
2025-04-22 16:44:17 - INFO - Wrote 7 empty files to articles_20250313_500_output/empty_files.txt
2025-04-22 16:44:17 - INFO - Found empty file: 10.1039-c8dt00062j.txt
2025-04-22 16:44:17 - INFO - Wrote 8 empty files to articles_20250313_500_output/empty_files.txt
2025-04-22 16:44:17 - INFO - Wrote 8 empty files to articles_20250313_500_output/empty_files.txt
2025-04-22 16:44:17 - INFO - Wrote 8 empty files to articles_20250313_500_output/empty_files.txt
2025-04-22 16:44:17 - INFO - Wrote 8 empty files to articles_20250313_500_output/empty_files.txt
2025-04-22 16:44:17 - INFO - Wrote 8 empty files to articles_20250313_500_output/empty_files.txt
2025-04-22 16:44:17 - INFO - Wrote 8 empty files to articles_20250313_500_output/empty_files.txt
2025-04-22 16:44:17 - INFO - Wrote 8 empty files to articles_20250313_500_output/empty_files.txt
2025-04-22 16:44:17 - INFO - Wrote 8 empty files to articles_20250313_500_output/empty_files.txt
2025-04-22 16:44:17 - INFO - Wrote 8 empty files to articles_20250313_500_output/empty_files.txt
2025-04-22 16:44:17 - INFO - Wrote 8 empty files to articles_20250313_500_output/empty_files.txt
2025-04-22 16:44:17 - INFO - Wrote 8 empty files to articles_20250313_500_output/empty_files.txt
2025-04-22 16:44:17 - INFO - Wrote 8 empty files to articles_20250313_500_output/empty_files.txt
2025-04-22 16:44:17 - INFO - Wrote 8 empty files to articles_20250313_500_output/empty_files.txt
2025-04-22 16:44:17 - INFO - Wrote 8 empty files to articles_20250313_500_output/empty_files.txt
2025-04-22 16:44:17 - INFO - Wrote 8 empty files to articles_20250313_500_output/empty_files.txt
2025-04-22 16:44:17 - INFO - Wrote 8 empty files to articles_20250313_500_output/empty_files.txt
2025-04-22 16:44:17 - INFO - Wrote 8 empty files to articles_20250313_500_output/empty_files.txt
2025-04-22 16:44:17 - INFO - Wrote 8 empty files to articles_20250313_500_output/empty_files.txt
2025-04-22 16:44:17 - INFO - Wrote 8 empty files to articles_20250313_500_output/empty_files.txt
2025-04-22 16:44:17 - INFO - Wrote 8 empty files to articles_20250313_500_output/empty_files.txt
2025-04-22 16:44:17 - INFO - Wrote 8 empty files to articles_20250313_500_output/empty_files.txt
2025-04-22 16:44:17 - INFO - Wrote 8 empty files to articles_20250313_500_output/empty_files.txt
2025-04-22 16:44:17 - INFO - Wrote 8 empty files to articles_20250313_500_output/empty_files.txt
2025-04-22 16:44:17 - INFO - Wrote 8 empty files to articles_20250313_500_output/empty_files.txt
2025-04-22 16:44:17 - INFO - Wrote 8 empty files to articles_20250313_500_output/empty_files.txt
2025-04-22 16:44:17 - INFO - Wrote 8 empty files to articles_20250313_500_output/empty_files.txt
2025-04-22 16:44:17 - INFO - Wrote 8 empty files to articles_20250313_500_output/empty_files.txt
2025-04-22 16:44:17 - INFO - Wrote 8 empty files to articles_20250313_500_output/empty_files.txt
2025-04-22 16:44:17 - INFO - Wrote 8 empty files to articles_20250313_500_output/empty_files.txt
2025-04-22 16:44:17 - INFO - Wrote 8 empty files to articles_20250313_500_output/empty_files.txt
2025-04-22 16:44:17 - INFO - Wrote 8 empty files to articles_20250313_500_output/empty_files.txt
2025-04-22 16:44:17 - INFO - Wrote 8 empty files to articles_20250313_500_output/empty_files.txt
2025-04-22 16:44:17 - INFO - Wrote 8 empty files to articles_20250313_500_output/empty_files.txt
2025-04-22 16:44:17 - INFO - Wrote 8 empty files to articles_20250313_500_output/empty_files.txt
2025-04-22 16:44:17 - INFO - Wrote 8 empty files to articles_20250313_500_output/empty_files.txt
2025-04-22 16:44:17 - INFO - Wrote 8 empty files to articles_20250313_500_output/empty_files.txt
2025-04-22 16:44:17 - INFO - Wrote 8 empty files to articles_20250313_500_output/empty_files.txt
2025-04-22 16:44:17 - INFO - Wrote 8 empty files to articles_20250313_500_output/empty_files.txt
2025-04-22 16:44:17 - INFO - Wrote 8 empty files to articles_20250313_500_output/empty_files.txt
2025-04-22 16:44:17 - INFO - Wrote 8 empty files to articles_20250313_500_output/empty_files.txt
2025-04-22 16:44:17 - INFO - Wrote 8 empty files to articles_20250313_500_output/empty_files.txt
2025-04-22 16:44:17 - INFO - Wrote 8 empty files to articles_20250313_500_output/empty_files.txt
2025-04-22 16:44:17 - INFO - Wrote 8 empty files to articles_20250313_500_output/empty_files.txt
2025-04-22 16:44:17 - INFO - Wrote 8 empty files to articles_20250313_500_output/empty_files.txt
2025-04-22 16:44:17 - INFO - Wrote 8 empty files to articles_20250313_500_output/empty_files.txt
2025-04-22 16:44:17 - INFO - Wrote 8 empty files to articles_20250313_500_output/empty_files.txt
2025-04-22 16:44:17 - INFO - Wrote 8 empty files to articles_20250313_500_output/empty_files.txt
2025-04-22 16:44:17 - INFO - Wrote 8 empty files to articles_20250313_500_output/empty_files.txt
2025-04-22 16:44:17 - INFO - Wrote 8 empty files to articles_20250313_500_output/empty_files.txt
2025-04-22 16:44:17 - INFO - Wrote 8 empty files to articles_20250313_500_output/empty_files.txt
2025-04-22 16:44:17 - INFO - Wrote 8 empty files to articles_20250313_500_output/empty_files.txt
2025-04-22 16:44:17 - INFO - Wrote 8 empty files to articles_20250313_500_output/empty_files.txt
2025-04-22 16:44:17 - INFO - Wrote 8 empty files to articles_20250313_500_output/empty_files.txt
2025-04-22 16:44:17 - INFO - Wrote 8 empty files to articles_20250313_500_output/empty_files.txt
2025-04-22 16:44:17 - INFO - Wrote 8 empty files to articles_20250313_500_output/empty_files.txt
2025-04-22 16:44:17 - INFO - Wrote 8 empty files to articles_20250313_500_output/empty_files.txt
2025-04-22 16:44:17 - INFO - Wrote 8 empty files to articles_20250313_500_output/empty_files.txt
2025-04-22 16:44:17 - INFO - Wrote 8 empty files to articles_20250313_500_output/empty_files.txt
2025-04-22 16:44:17 - INFO - Wrote 8 empty files to articles_20250313_500_output/empty_files.txt
2025-04-22 16:44:17 - INFO - Wrote 8 empty files to articles_20250313_500_output/empty_files.txt
2025-04-22 16:44:17 - INFO - Wrote 8 empty files to articles_20250313_500_output/empty_files.txt
2025-04-22 16:44:17 - INFO - Found empty file: 10.1039-d0cc08302j.txt
2025-04-22 16:44:17 - INFO - Wrote 9 empty files to articles_20250313_500_output/empty_files.txt
2025-04-22 16:44:17 - INFO - Wrote 9 empty files to articles_20250313_500_output/empty_files.txt
2025-04-22 16:44:17 - INFO - Wrote 9 empty files to articles_20250313_500_output/empty_files.txt
2025-04-22 16:44:17 - INFO - Wrote 9 empty files to articles_20250313_500_output/empty_files.txt
2025-04-22 16:44:17 - INFO - Wrote 9 empty files to articles_20250313_500_output/empty_files.txt
2025-04-22 16:44:17 - INFO - Wrote 9 empty files to articles_20250313_500_output/empty_files.txt
2025-04-22 16:44:17 - INFO - Wrote 9 empty files to articles_20250313_500_output/empty_files.txt
2025-04-22 16:44:17 - INFO - Wrote 9 empty files to articles_20250313_500_output/empty_files.txt
2025-04-22 16:44:17 - INFO - Found empty file: 10.1039-c7nr01280b.txt
2025-04-22 16:44:17 - INFO - Wrote 10 empty files to articles_20250313_500_output/empty_files.txt
2025-04-22 16:44:17 - INFO - Wrote 10 empty files to articles_20250313_500_output/empty_files.txt
2025-04-22 16:44:17 - INFO - Wrote 10 empty files to articles_20250313_500_output/empty_files.txt
2025-04-22 16:44:17 - INFO - Wrote 10 empty files to articles_20250313_500_output/empty_files.txt
2025-04-22 16:44:17 - INFO - Wrote 10 empty files to articles_20250313_500_output/empty_files.txt
2025-04-22 16:44:17 - INFO - Wrote 10 empty files to articles_20250313_500_output/empty_files.txt
2025-04-22 16:44:17 - INFO - Wrote 10 empty files to articles_20250313_500_output/empty_files.txt
2025-04-22 16:44:17 - INFO - Wrote 10 empty files to articles_20250313_500_output/empty_files.txt
2025-04-22 16:44:17 - INFO - Wrote 10 empty files to articles_20250313_500_output/empty_files.txt
2025-04-22 16:44:17 - INFO - Wrote 10 empty files to articles_20250313_500_output/empty_files.txt
2025-04-22 16:44:17 - INFO - Wrote 10 empty files to articles_20250313_500_output/empty_files.txt
2025-04-22 16:44:17 - INFO - Wrote 10 empty files to articles_20250313_500_output/empty_files.txt
2025-04-22 16:44:17 - INFO - Wrote 10 empty files to articles_20250313_500_output/empty_files.txt
2025-04-22 16:44:17 - INFO - Wrote 10 empty files to articles_20250313_500_output/empty_files.txt
2025-04-22 16:44:17 - INFO - Wrote 10 empty files to articles_20250313_500_output/empty_files.txt
2025-04-22 16:44:17 - INFO - Wrote 10 empty files to articles_20250313_500_output/empty_files.txt
2025-04-22 16:44:17 - INFO - Found empty file: 10.1039-c8ra01942h.txt
2025-04-22 16:44:17 - INFO - Wrote 11 empty files to articles_20250313_500_output/empty_files.txt
2025-04-22 16:44:17 - INFO - Wrote 11 empty files to articles_20250313_500_output/empty_files.txt
2025-04-22 16:44:17 - INFO - Wrote 11 empty files to articles_20250313_500_output/empty_files.txt
2025-04-22 16:44:17 - INFO - Wrote 11 empty files to articles_20250313_500_output/empty_files.txt
2025-04-22 16:44:17 - INFO - Wrote 11 empty files to articles_20250313_500_output/empty_files.txt
2025-04-22 16:44:17 - INFO - Wrote 11 empty files to articles_20250313_500_output/empty_files.txt
2025-04-22 16:44:17 - INFO - Wrote 11 empty files to articles_20250313_500_output/empty_files.txt
2025-04-22 16:44:17 - INFO - Wrote 11 empty files to articles_20250313_500_output/empty_files.txt
2025-04-22 16:44:17 - INFO - Wrote 11 empty files to articles_20250313_500_output/empty_files.txt
2025-04-22 16:44:17 - INFO - Wrote 11 empty files to articles_20250313_500_output/empty_files.txt
2025-04-22 16:44:17 - INFO - Wrote 11 empty files to articles_20250313_500_output/empty_files.txt
2025-04-22 16:44:17 - INFO - Wrote 11 empty files to articles_20250313_500_output/empty_files.txt
2025-04-22 16:44:17 - INFO - Wrote 11 empty files to articles_20250313_500_output/empty_files.txt
2025-04-22 16:44:17 - INFO - Wrote 11 empty files to articles_20250313_500_output/empty_files.txt
2025-04-22 16:44:17 - INFO - Wrote 11 empty files to articles_20250313_500_output/empty_files.txt
2025-04-22 16:44:17 - INFO - Wrote 11 empty files to articles_20250313_500_output/empty_files.txt
2025-04-22 16:44:17 - INFO - Wrote 11 empty files to articles_20250313_500_output/empty_files.txt
2025-04-22 16:44:17 - INFO - Found empty file: 10.1016-j.jallcom.2024.177048.txt
2025-04-22 16:44:17 - INFO - Wrote 12 empty files to articles_20250313_500_output/empty_files.txt
2025-04-22 16:44:17 - INFO - Found empty file: 10.1016-j.jallcom.2025.178713.txt
2025-04-22 16:44:17 - INFO - Wrote 13 empty files to articles_20250313_500_output/empty_files.txt
2025-04-22 16:44:17 - INFO - Wrote 13 empty files to articles_20250313_500_output/empty_files.txt
2025-04-22 16:44:17 - INFO - Wrote 13 empty files to articles_20250313_500_output/empty_files.txt
2025-04-22 16:44:17 - INFO - Wrote 13 empty files to articles_20250313_500_output/empty_files.txt
2025-04-22 16:44:17 - INFO - Wrote 13 empty files to articles_20250313_500_output/empty_files.txt
2025-04-22 16:44:17 - INFO - Wrote 13 empty files to articles_20250313_500_output/empty_files.txt
2025-04-22 16:44:17 - INFO - Wrote 13 empty files to articles_20250313_500_output/empty_files.txt
2025-04-22 16:44:17 - INFO - Wrote 13 empty files to articles_20250313_500_output/empty_files.txt
2025-04-22 16:44:17 - INFO - Wrote 13 empty files to articles_20250313_500_output/empty_files.txt
2025-04-22 16:44:17 - INFO - Wrote 13 empty files to articles_20250313_500_output/empty_files.txt
2025-04-22 16:44:17 - INFO - Wrote 13 empty files to articles_20250313_500_output/empty_files.txt
2025-04-22 16:44:17 - INFO - Wrote 13 empty files to articles_20250313_500_output/empty_files.txt
2025-04-22 16:44:17 - INFO - Wrote 13 empty files to articles_20250313_500_output/empty_files.txt
2025-04-22 16:44:17 - INFO - Wrote 13 empty files to articles_20250313_500_output/empty_files.txt
2025-04-22 16:44:17 - INFO - Wrote 13 empty files to articles_20250313_500_output/empty_files.txt
2025-04-22 16:44:17 - INFO - Wrote 13 empty files to articles_20250313_500_output/empty_files.txt
2025-04-22 16:44:17 - INFO - Wrote 13 empty files to articles_20250313_500_output/empty_files.txt
2025-04-22 16:44:17 - INFO - Wrote 13 empty files to articles_20250313_500_output/empty_files.txt
2025-04-22 16:44:17 - INFO - Wrote 13 empty files to articles_20250313_500_output/empty_files.txt
2025-04-22 16:44:17 - INFO - Wrote 13 empty files to articles_20250313_500_output/empty_files.txt
2025-04-22 16:44:17 - INFO - Wrote 13 empty files to articles_20250313_500_output/empty_files.txt
2025-04-22 16:44:17 - INFO - Wrote 13 empty files to articles_20250313_500_output/empty_files.txt
2025-04-22 16:44:17 - INFO - Wrote 13 empty files to articles_20250313_500_output/empty_files.txt
2025-04-22 16:44:17 - INFO - Wrote 13 empty files to articles_20250313_500_output/empty_files.txt
2025-04-22 16:44:17 - INFO - Wrote 13 empty files to articles_20250313_500_output/empty_files.txt
2025-04-22 16:44:17 - INFO - Wrote 13 empty files to articles_20250313_500_output/empty_files.txt
2025-04-22 16:44:17 - INFO - Wrote 13 empty files to articles_20250313_500_output/empty_files.txt
2025-04-22 16:44:17 - INFO - Wrote 13 empty files to articles_20250313_500_output/empty_files.txt
2025-04-22 16:44:17 - INFO - Wrote 13 empty files to articles_20250313_500_output/empty_files.txt
2025-04-22 16:44:17 - INFO - Wrote 13 empty files to articles_20250313_500_output/empty_files.txt
2025-04-22 16:44:17 - INFO - Wrote 13 empty files to articles_20250313_500_output/empty_files.txt
2025-04-22 16:44:17 - INFO - Wrote 13 empty files to articles_20250313_500_output/empty_files.txt
2025-04-22 16:44:17 - INFO - Wrote 13 empty files to articles_20250313_500_output/empty_files.txt
2025-04-22 16:44:17 - INFO - Wrote 13 empty files to articles_20250313_500_output/empty_files.txt
2025-04-22 16:44:17 - INFO - Wrote 13 empty files to articles_20250313_500_output/empty_files.txt
2025-04-22 16:44:17 - INFO - Wrote 13 empty files to articles_20250313_500_output/empty_files.txt
2025-04-22 16:44:17 - INFO - Wrote 13 empty files to articles_20250313_500_output/empty_files.txt
2025-04-22 16:44:17 - INFO - Wrote 13 empty files to articles_20250313_500_output/empty_files.txt
2025-04-22 16:44:17 - INFO - Wrote 13 empty files to articles_20250313_500_output/empty_files.txt
2025-04-22 16:44:17 - INFO - Wrote 13 empty files to articles_20250313_500_output/empty_files.txt
2025-04-22 16:44:17 - INFO - Wrote 13 empty files to articles_20250313_500_output/empty_files.txt
2025-04-22 16:44:17 - INFO - Wrote 13 empty files to articles_20250313_500_output/empty_files.txt
2025-04-22 16:44:17 - INFO - Wrote 13 empty files to articles_20250313_500_output/empty_files.txt
2025-04-22 16:44:17 - INFO - Wrote 13 empty files to articles_20250313_500_output/empty_files.txt
2025-04-22 16:44:17 - INFO - Wrote 13 empty files to articles_20250313_500_output/empty_files.txt
2025-04-22 16:44:17 - INFO - Wrote 13 empty files to articles_20250313_500_output/empty_files.txt
2025-04-22 16:44:17 - INFO - Wrote 13 empty files to articles_20250313_500_output/empty_files.txt
2025-04-22 16:44:17 - INFO - Wrote 13 empty files to articles_20250313_500_output/empty_files.txt
2025-04-22 16:44:17 - INFO - Wrote 13 empty files to articles_20250313_500_output/empty_files.txt
2025-04-22 16:44:17 - INFO - Wrote 13 empty files to articles_20250313_500_output/empty_files.txt
2025-04-22 16:44:17 - INFO - Wrote 13 empty files to articles_20250313_500_output/empty_files.txt
2025-04-22 16:44:17 - INFO - Wrote 13 empty files to articles_20250313_500_output/empty_files.txt
2025-04-22 16:44:17 - INFO - Wrote 13 empty files to articles_20250313_500_output/empty_files.txt
2025-04-22 16:44:17 - INFO - Wrote 13 empty files to articles_20250313_500_output/empty_files.txt
2025-04-22 16:44:17 - INFO - Wrote 13 empty files to articles_20250313_500_output/empty_files.txt
2025-04-22 16:44:17 - INFO - Found empty file: 10.1039-c9dt00563c.txt
2025-04-22 16:44:17 - INFO - Wrote 14 empty files to articles_20250313_500_output/empty_files.txt
2025-04-22 16:44:17 - INFO - Wrote 14 empty files to articles_20250313_500_output/empty_files.txt
2025-04-22 16:44:17 - INFO - Wrote 14 empty files to articles_20250313_500_output/empty_files.txt
2025-04-22 16:44:17 - INFO - Wrote 14 empty files to articles_20250313_500_output/empty_files.txt
2025-04-22 16:44:17 - INFO - Wrote 14 empty files to articles_20250313_500_output/empty_files.txt
2025-04-22 16:44:17 - INFO - Wrote 14 empty files to articles_20250313_500_output/empty_files.txt
2025-04-22 16:44:17 - INFO - Wrote 14 empty files to articles_20250313_500_output/empty_files.txt
2025-04-22 16:44:17 - INFO - Wrote 14 empty files to articles_20250313_500_output/empty_files.txt
2025-04-22 16:44:17 - INFO - Wrote 14 empty files to articles_20250313_500_output/empty_files.txt
2025-04-22 16:44:17 - INFO - Wrote 14 empty files to articles_20250313_500_output/empty_files.txt
2025-04-22 16:44:17 - INFO - Wrote 14 empty files to articles_20250313_500_output/empty_files.txt
2025-04-22 16:44:17 - INFO - Wrote 14 empty files to articles_20250313_500_output/empty_files.txt
2025-04-22 16:44:17 - INFO - Wrote 14 empty files to articles_20250313_500_output/empty_files.txt
2025-04-22 16:44:17 - INFO - Wrote 14 empty files to articles_20250313_500_output/empty_files.txt
2025-04-22 16:44:17 - INFO - Wrote 14 empty files to articles_20250313_500_output/empty_files.txt
2025-04-22 16:44:17 - INFO - Wrote 14 empty files to articles_20250313_500_output/empty_files.txt
2025-04-22 16:44:17 - INFO - Wrote 14 empty files to articles_20250313_500_output/empty_files.txt
2025-04-22 16:44:17 - INFO - Wrote 14 empty files to articles_20250313_500_output/empty_files.txt
2025-04-22 16:44:17 - INFO - Wrote 14 empty files to articles_20250313_500_output/empty_files.txt
2025-04-22 16:44:17 - INFO - Wrote 14 empty files to articles_20250313_500_output/empty_files.txt
2025-04-22 16:44:17 - INFO - Wrote 14 empty files to articles_20250313_500_output/empty_files.txt
2025-04-22 16:44:17 - INFO - Wrote 14 empty files to articles_20250313_500_output/empty_files.txt
2025-04-22 16:44:17 - INFO - Wrote 14 empty files to articles_20250313_500_output/empty_files.txt
2025-04-22 16:44:17 - INFO - Wrote 14 empty files to articles_20250313_500_output/empty_files.txt
2025-04-22 16:44:17 - INFO - Wrote 14 empty files to articles_20250313_500_output/empty_files.txt
2025-04-22 16:44:17 - INFO - Wrote 14 empty files to articles_20250313_500_output/empty_files.txt
2025-04-22 16:44:17 - INFO - Wrote 14 empty files to articles_20250313_500_output/empty_files.txt
2025-04-22 16:44:17 - INFO - Wrote 14 empty files to articles_20250313_500_output/empty_files.txt
2025-04-22 16:44:17 - INFO - Wrote 14 empty files to articles_20250313_500_output/empty_files.txt
2025-04-22 16:44:17 - INFO - Wrote 14 empty files to articles_20250313_500_output/empty_files.txt
2025-04-22 16:44:17 - INFO - Wrote 14 empty files to articles_20250313_500_output/empty_files.txt
2025-04-22 16:44:17 - INFO - Wrote 14 empty files to articles_20250313_500_output/empty_files.txt
2025-04-22 16:44:17 - INFO - Wrote 14 empty files to articles_20250313_500_output/empty_files.txt
2025-04-22 16:44:17 - INFO - Wrote 14 empty files to articles_20250313_500_output/empty_files.txt
2025-04-22 16:44:17 - INFO - Wrote 14 empty files to articles_20250313_500_output/empty_files.txt
2025-04-22 16:44:17 - INFO - Wrote 14 empty files to articles_20250313_500_output/empty_files.txt
2025-04-22 16:44:17 - INFO - Wrote 14 empty files to articles_20250313_500_output/empty_files.txt
2025-04-22 16:44:17 - INFO - Wrote 14 empty files to articles_20250313_500_output/empty_files.txt
2025-04-22 16:44:17 - INFO - Wrote 14 empty files to articles_20250313_500_output/empty_files.txt
2025-04-22 16:44:17 - INFO - Wrote 14 empty files to articles_20250313_500_output/empty_files.txt
2025-04-22 16:44:17 - INFO - Wrote 14 empty files to articles_20250313_500_output/empty_files.txt
2025-04-22 16:44:17 - INFO - Wrote 14 empty files to articles_20250313_500_output/empty_files.txt
2025-04-22 16:44:17 - INFO - Wrote 14 empty files to articles_20250313_500_output/empty_files.txt
2025-04-22 16:44:17 - INFO - Wrote 14 empty files to articles_20250313_500_output/empty_files.txt
2025-04-22 16:44:17 - INFO - Wrote 14 empty files to articles_20250313_500_output/empty_files.txt
2025-04-22 16:44:17 - INFO - Wrote 14 empty files to articles_20250313_500_output/empty_files.txt
2025-04-22 16:44:17 - INFO - Wrote 14 empty files to articles_20250313_500_output/empty_files.txt
2025-04-22 16:44:17 - INFO - Found empty file: 10.1039-c7nr09674g.txt
2025-04-22 16:44:17 - INFO - Wrote 15 empty files to articles_20250313_500_output/empty_files.txt
2025-04-22 16:44:17 - INFO - Wrote 15 empty files to articles_20250313_500_output/empty_files.txt
2025-04-22 16:44:17 - INFO - Wrote 15 empty files to articles_20250313_500_output/empty_files.txt
2025-04-22 16:44:17 - INFO - Wrote 15 empty files to articles_20250313_500_output/empty_files.txt
2025-04-22 16:44:17 - INFO - Wrote 15 empty files to articles_20250313_500_output/empty_files.txt
2025-04-22 16:44:17 - INFO - Wrote 15 empty files to articles_20250313_500_output/empty_files.txt
2025-04-22 16:44:17 - INFO - Wrote 15 empty files to articles_20250313_500_output/empty_files.txt
2025-04-22 16:44:17 - INFO - Wrote 15 empty files to articles_20250313_500_output/empty_files.txt
2025-04-22 16:44:17 - INFO - Wrote 15 empty files to articles_20250313_500_output/empty_files.txt
2025-04-22 16:44:17 - INFO - Wrote 15 empty files to articles_20250313_500_output/empty_files.txt
2025-04-22 16:44:17 - INFO - Wrote 15 empty files to articles_20250313_500_output/empty_files.txt
2025-04-22 16:44:17 - INFO - Wrote 15 empty files to articles_20250313_500_output/empty_files.txt
2025-04-22 16:44:17 - INFO - Wrote 15 empty files to articles_20250313_500_output/empty_files.txt
2025-04-22 16:44:17 - INFO - Wrote 15 empty files to articles_20250313_500_output/empty_files.txt
2025-04-22 16:44:17 - INFO - Wrote 15 empty files to articles_20250313_500_output/empty_files.txt
2025-04-22 16:44:17 - INFO - Wrote 15 empty files to articles_20250313_500_output/empty_files.txt
2025-04-22 16:44:17 - INFO - Wrote 15 empty files to articles_20250313_500_output/empty_files.txt
2025-04-22 16:44:17 - INFO - Wrote 15 empty files to articles_20250313_500_output/empty_files.txt
2025-04-22 16:44:17 - INFO - Wrote 15 empty files to articles_20250313_500_output/empty_files.txt
2025-04-22 16:44:17 - INFO - Wrote 15 empty files to articles_20250313_500_output/empty_files.txt
2025-04-22 16:44:17 - INFO - Wrote 15 empty files to articles_20250313_500_output/empty_files.txt
2025-04-22 16:44:17 - INFO - Wrote 15 empty files to articles_20250313_500_output/empty_files.txt
2025-04-22 16:44:17 - INFO - Wrote 15 empty files to articles_20250313_500_output/empty_files.txt
2025-04-22 16:44:17 - INFO - Wrote 15 empty files to articles_20250313_500_output/empty_files.txt
2025-04-22 16:44:17 - INFO - Wrote 15 empty files to articles_20250313_500_output/empty_files.txt
2025-04-22 16:44:17 - INFO - Wrote 15 empty files to articles_20250313_500_output/empty_files.txt
2025-04-22 16:44:17 - INFO - Wrote 15 empty files to articles_20250313_500_output/empty_files.txt
2025-04-22 16:44:17 - INFO - Wrote 15 empty files to articles_20250313_500_output/empty_files.txt
2025-04-22 16:44:17 - INFO - Wrote 15 empty files to articles_20250313_500_output/empty_files.txt
2025-04-22 16:44:17 - INFO - Wrote 15 empty files to articles_20250313_500_output/empty_files.txt
2025-04-22 16:44:17 - INFO - Wrote 15 empty files to articles_20250313_500_output/empty_files.txt
2025-04-22 16:44:17 - INFO - Wrote 15 empty files to articles_20250313_500_output/empty_files.txt
2025-04-22 16:44:17 - INFO - Wrote 15 empty files to articles_20250313_500_output/empty_files.txt
2025-04-22 16:44:17 - INFO - Wrote 15 empty files to articles_20250313_500_output/empty_files.txt
2025-04-22 16:44:17 - INFO - Wrote 15 empty files to articles_20250313_500_output/empty_files.txt
2025-04-22 16:44:17 - INFO - Wrote 15 empty files to articles_20250313_500_output/empty_files.txt
2025-04-22 16:44:17 - INFO - Wrote 15 empty files to articles_20250313_500_output/empty_files.txt
2025-04-22 16:44:17 - INFO - Wrote 15 empty files to articles_20250313_500_output/empty_files.txt
2025-04-22 16:44:17 - INFO - Wrote 15 empty files to articles_20250313_500_output/empty_files.txt
2025-04-22 16:44:17 - INFO - Wrote 15 empty files to articles_20250313_500_output/empty_files.txt
2025-04-22 16:44:17 - INFO - Wrote 15 empty files to articles_20250313_500_output/empty_files.txt
2025-04-22 16:44:17 - INFO - Wrote 15 empty files to articles_20250313_500_output/empty_files.txt
2025-04-22 16:44:17 - INFO - Wrote 15 empty files to articles_20250313_500_output/empty_files.txt
2025-04-22 16:44:17 - INFO - Wrote 15 empty files to articles_20250313_500_output/empty_files.txt
2025-04-22 16:44:17 - INFO - Wrote 15 empty files to articles_20250313_500_output/empty_files.txt
2025-04-22 16:44:17 - INFO - Wrote 15 empty files to articles_20250313_500_output/empty_files.txt
2025-04-22 16:44:17 - INFO - Wrote 15 empty files to articles_20250313_500_output/empty_files.txt
2025-04-22 16:44:17 - INFO - Wrote 15 empty files to articles_20250313_500_output/empty_files.txt
2025-04-22 16:44:17 - INFO - Wrote 15 empty files to articles_20250313_500_output/empty_files.txt
2025-04-22 16:44:17 - INFO - Wrote 15 empty files to articles_20250313_500_output/empty_files.txt
2025-04-22 16:44:17 - INFO - Wrote 15 empty files to articles_20250313_500_output/empty_files.txt
2025-04-22 16:44:17 - INFO - Wrote 15 empty files to articles_20250313_500_output/empty_files.txt
2025-04-22 16:44:17 - INFO - Wrote 15 empty files to articles_20250313_500_output/empty_files.txt
2025-04-22 16:44:17 - INFO - Wrote 15 empty files to articles_20250313_500_output/empty_files.txt
2025-04-22 16:44:17 - INFO - Wrote 15 empty files to articles_20250313_500_output/empty_files.txt
2025-04-22 16:44:17 - INFO - Wrote 15 empty files to articles_20250313_500_output/empty_files.txt
2025-04-22 16:44:17 - INFO - Wrote 15 empty files to articles_20250313_500_output/empty_files.txt
2025-04-22 16:44:17 - INFO - Wrote 15 empty files to articles_20250313_500_output/empty_files.txt
2025-04-22 16:44:17 - INFO - Wrote 15 empty files to articles_20250313_500_output/empty_files.txt
2025-04-22 16:44:17 - INFO - Wrote 15 empty files to articles_20250313_500_output/empty_files.txt
2025-04-22 16:44:17 - INFO - Wrote 15 empty files to articles_20250313_500_output/empty_files.txt
2025-04-22 16:44:17 - INFO - Wrote 15 empty files to articles_20250313_500_output/empty_files.txt
