2025-02-03 20:14:33,032 - INFO - Downloaded: 10.1002/adfm.202302830
2025-02-03 20:14:43,559 - INFO - Downloaded: 10.1002/adfm.202307959
2025-02-03 20:14:52,308 - INFO - Downloaded: 10.1002/adfm.202309834
2025-02-03 20:15:01,054 - INFO - Downloaded: 10.1002/adfm.202310226
2025-02-03 20:15:09,784 - INFO - Downloaded: 10.1002/adfm.202310256
2025-02-03 20:15:18,549 - INFO - Downloaded: 10.1002/adfm.202311471
2025-02-03 20:15:26,844 - INFO - Downloaded: 10.1002/adfm.202402178
2025-02-03 20:15:36,114 - INFO - Downloaded: 10.1002/adfm.202403138
2025-02-03 20:15:59,229 - INFO - Downloaded: 10.1002/adfm.202403841
2025-02-03 20:16:07,979 - INFO - Downloaded: 10.1002/adfm.202404320
2025-02-03 20:16:16,442 - INFO - Downloaded: 10.1002/adfm.202405460
2025-02-03 20:16:25,008 - INFO - Downloaded: 10.1002/adfm.202406827
2025-02-03 20:16:34,001 - INFO - Downloaded: 10.1002/adfm.202407740
2025-02-03 20:16:43,986 - INFO - Downloaded: 10.1002/adfm.202407783
2025-02-03 20:16:52,487 - INFO - Downloaded: 10.1002/adfm.202408035
2025-02-03 20:17:15,049 - INFO - Downloaded: 10.1002/adfm.202411007
2025-02-03 20:17:23,471 - INFO - Downloaded: 10.1002/adfm.202411760
2025-02-03 20:17:32,924 - INFO - Downloaded: 10.1002/adfm.202413488
2025-02-03 20:17:41,055 - INFO - Downloaded: 10.1002/adfm.202414041
2025-02-03 20:17:49,481 - INFO - Downloaded: 10.1002/adfm.202414761
2025-02-03 20:17:57,947 - INFO - Downloaded: 10.1002/adfm.202417253
2025-02-03 20:18:06,640 - INFO - Downloaded: 10.1002/adma.201505918
2025-02-03 20:18:15,024 - INFO - Downloaded: 10.1002/adma.201600964
2025-02-03 20:18:40,409 - INFO - Downloaded: 10.1002/adma.201601621
2025-02-03 20:18:48,635 - INFO - Downloaded: 10.1002/adma.201602469
2025-02-03 20:18:57,284 - INFO - Downloaded: 10.1002/adma.201603219
2025-02-03 20:19:04,436 - INFO - Downloaded: 10.1002/adma.201702410
2025-02-03 20:19:13,770 - INFO - Downloaded: 10.1002/adma.201704670
2025-02-03 20:19:22,131 - INFO - Downloaded: 10.1002/adma.201705788
2025-02-03 20:19:30,888 - INFO - Downloaded: 10.1002/adma.201706085
2025-02-03 20:19:54,010 - INFO - Downloaded: 10.1002/adma.201800963
2025-02-03 20:20:01,202 - INFO - Downloaded: 10.1002/adma.201804116
2025-02-03 20:20:08,626 - INFO - Downloaded: 10.1002/adma.201804157
2025-02-03 20:20:17,954 - INFO - Downloaded: 10.1002/adma.201805432
2025-02-03 20:20:25,129 - INFO - Downloaded: 10.1002/adma.202007090
2025-02-03 20:20:33,111 - INFO - Downloaded: 10.1002/adma.202101576
2025-02-03 20:20:40,372 - INFO - Downloaded: 10.1002/adma.202104427
2025-02-03 20:20:48,281 - INFO - Downloaded: 10.1002/adma.202106565
2025-02-03 20:21:11,854 - INFO - Downloaded: 10.1002/adma.202108985
2025-02-03 20:21:21,574 - INFO - Downloaded: 10.1002/adma.202202695
2025-02-03 20:21:28,814 - INFO - Downloaded: 10.1002/adma.202203547
2025-02-03 20:21:36,085 - INFO - Downloaded: 10.1002/adma.202209511
2025-02-03 20:21:44,742 - INFO - Downloaded: 10.1002/adma.202211690
2025-02-03 20:21:53,009 - INFO - Downloaded: 10.1002/adma.202302613
2025-02-03 20:22:01,345 - INFO - Downloaded: 10.1002/adma.202304091
2025-02-03 20:22:25,276 - INFO - Downloaded: 10.1002/adma.202304428
2025-02-03 20:22:33,769 - INFO - Downloaded: 10.1002/adma.202305551
2025-02-03 20:22:42,559 - INFO - Downloaded: 10.1002/adma.202307645
2025-02-03 20:22:50,909 - INFO - Downloaded: 10.1002/adma.202310270
2025-02-03 20:23:00,730 - INFO - Downloaded: 10.1002/adma.202403131
2025-02-03 20:23:19,803 - INFO - Downloaded: 10.1002/adma.202407720
2025-02-03 20:23:19,803 - INFO - Downloaded: 10.1002/adma.202407720
2025-02-03 20:23:29,188 - INFO - Downloaded: 10.1002/adma.202410261
2025-02-03 20:23:29,188 - INFO - Downloaded: 10.1002/adma.202410261
2025-02-03 20:23:54,635 - INFO - Downloaded: 10.1002/adsu.202400679
2025-02-03 20:23:54,635 - INFO - Downloaded: 10.1002/adsu.202400679
2025-02-03 20:24:01,901 - INFO - Downloaded: 10.1002/advs.201700634
2025-02-03 20:24:01,901 - INFO - Downloaded: 10.1002/advs.201700634
2025-02-03 20:24:10,005 - INFO - Downloaded: 10.1002/advs.201700880
2025-02-03 20:24:10,005 - INFO - Downloaded: 10.1002/advs.201700880
2025-02-03 20:24:21,050 - INFO - Downloaded: 10.1002/advs.201800763
2025-02-03 20:24:21,050 - INFO - Downloaded: 10.1002/advs.201800763
2025-02-03 20:24:28,280 - INFO - Downloaded: 10.1002/advs.201902147
2025-02-03 20:24:28,280 - INFO - Downloaded: 10.1002/advs.201902147
2025-02-03 20:24:35,518 - INFO - Downloaded: 10.1002/advs.202002199
2025-02-03 20:24:35,518 - INFO - Downloaded: 10.1002/advs.202002199
2025-02-03 20:24:43,319 - INFO - Downloaded: 10.1002/advs.202104780
2025-02-03 20:24:43,319 - INFO - Downloaded: 10.1002/advs.202104780
2025-02-03 20:24:50,476 - INFO - Downloaded: 10.1002/advs.202201209
2025-02-03 20:24:50,476 - INFO - Downloaded: 10.1002/advs.202201209
2025-02-03 20:25:15,234 - INFO - Downloaded: 10.1002/advs.202401730
2025-02-03 20:25:15,234 - INFO - Downloaded: 10.1002/advs.202401730
2025-02-03 20:25:23,467 - INFO - Downloaded: 10.1002/advs.202407538
2025-02-03 20:25:23,467 - INFO - Downloaded: 10.1002/advs.202407538
2025-02-03 20:25:31,709 - INFO - Downloaded: 10.1002/aenm.202302322
2025-02-03 20:25:31,709 - INFO - Downloaded: 10.1002/aenm.202302322
2025-02-03 20:25:40,878 - INFO - Downloaded: 10.1002/aenm.202302901
2025-02-03 20:25:40,878 - INFO - Downloaded: 10.1002/aenm.202302901
2025-02-03 20:25:49,398 - INFO - Downloaded: 10.1002/aenm.202400246
2025-02-03 20:25:49,398 - INFO - Downloaded: 10.1002/aenm.202400246
2025-02-03 20:25:57,813 - INFO - Downloaded: 10.1002/aenm.202401763
2025-02-03 20:25:57,813 - INFO - Downloaded: 10.1002/aenm.202401763
2025-02-03 20:26:06,259 - INFO - Downloaded: 10.1002/aenm.202403071
2025-02-03 20:26:06,259 - INFO - Downloaded: 10.1002/aenm.202403071
2025-02-03 20:26:28,684 - INFO - Downloaded: 10.1002/aenm.202403432
2025-02-03 20:26:28,684 - INFO - Downloaded: 10.1002/aenm.202403432
2025-02-03 20:26:36,711 - INFO - Downloaded: 10.1002/anie.201704271
2025-02-03 20:26:36,711 - INFO - Downloaded: 10.1002/anie.201704271
2025-02-03 20:26:43,509 - INFO - Downloaded: 10.1002/anie.201913683
2025-02-03 20:26:43,509 - INFO - Downloaded: 10.1002/anie.201913683
2025-02-03 20:26:50,371 - INFO - Downloaded: 10.1002/anie.202110501
2025-02-03 20:26:50,371 - INFO - Downloaded: 10.1002/anie.202110501
2025-02-03 20:26:57,268 - INFO - Downloaded: 10.1002/anie.202111620
2025-02-03 20:26:57,268 - INFO - Downloaded: 10.1002/anie.202111620
2025-02-03 20:27:04,230 - INFO - Downloaded: 10.1002/anie.202116930
2025-02-03 20:27:04,230 - INFO - Downloaded: 10.1002/anie.202116930
2025-02-03 20:27:11,407 - INFO - Downloaded: 10.1002/anie.202214258
2025-02-03 20:27:11,407 - INFO - Downloaded: 10.1002/anie.202214258
2025-02-03 20:27:19,122 - INFO - Downloaded: 10.1002/anie.202214717
2025-02-03 20:27:19,122 - INFO - Downloaded: 10.1002/anie.202214717
2025-02-03 20:27:44,614 - INFO - Downloaded: 10.1002/anie.202303875
2025-02-03 20:27:44,614 - INFO - Downloaded: 10.1002/anie.202303875
2025-02-03 20:27:53,023 - INFO - Downloaded: 10.1002/anie.202320183
2025-02-03 20:27:53,023 - INFO - Downloaded: 10.1002/anie.202320183
2025-02-03 20:28:01,259 - INFO - Downloaded: 10.1002/anie.202400285
2025-02-03 20:28:01,259 - INFO - Downloaded: 10.1002/anie.202400285
2025-02-03 20:28:09,518 - INFO - Downloaded: 10.1002/anie.202400539
2025-02-03 20:28:09,518 - INFO - Downloaded: 10.1002/anie.202400539
2025-02-03 20:28:17,648 - INFO - Downloaded: 10.1002/anie.202412222
2025-02-03 20:28:17,648 - INFO - Downloaded: 10.1002/anie.202412222
2025-02-03 20:28:25,843 - INFO - Downloaded: 10.1002/anie.202417493
2025-02-03 20:28:25,843 - INFO - Downloaded: 10.1002/anie.202417493
2025-02-03 20:28:33,217 - INFO - Downloaded: 10.1002/asia.202200288
2025-02-03 20:28:33,217 - INFO - Downloaded: 10.1002/asia.202200288
2025-02-03 20:28:59,842 - INFO - Downloaded: 10.1002/asia.202300449
2025-02-03 20:28:59,842 - INFO - Downloaded: 10.1002/asia.202300449
2025-02-03 20:49:30,557 - INFO - Downloaded: 10.1002/bte2.20230021
2025-02-03 20:49:40,969 - INFO - Downloaded: 10.1002/bte2.20240005
2025-02-03 20:51:06,049 - INFO - Downloaded: 10.1002/cey2.479
2025-02-03 20:51:20,788 - INFO - Downloaded: 10.1002/cey2.538
2025-02-03 20:51:21,108 - INFO - Error with downloading: 10.1002/chem.201604532
2025-02-03 20:51:21,426 - INFO - Error with downloading: 10.1002/chem.201700542
2025-02-03 20:51:21,753 - INFO - Error with downloading: 10.1002/chem.201705432
2025-02-03 20:51:29,777 - INFO - Downloaded: 10.1002/chem.201902575
2025-02-03 20:51:36,939 - INFO - Downloaded: 10.1002/chem.201902993
2025-02-03 20:51:44,635 - INFO - Downloaded: 10.1002/chem.202003309
2025-02-03 20:51:52,427 - INFO - Downloaded: 10.1002/chem.202004241
2025-02-03 20:51:59,581 - INFO - Downloaded: 10.1002/chem.202103088
2025-02-03 20:52:07,560 - INFO - Downloaded: 10.1002/chem.202203044
2025-02-03 20:53:14,036 - INFO - Downloaded: 10.1002/cnl2.171
2025-02-03 20:53:23,437 - INFO - Downloaded: 10.1002/cphc.202100748
2025-02-03 20:53:23,759 - INFO - Error with downloading: 10.1002/cplu.201700258
2025-02-03 20:53:24,057 - INFO - Error with downloading: 10.1002/cssc.201700628
2025-02-03 20:53:24,380 - INFO - Error with downloading: 10.1002/cssc.201800517
2025-02-03 20:53:33,659 - INFO - Downloaded: 10.1002/cssc.201902130
2025-02-03 20:53:41,069 - INFO - Downloaded: 10.1002/cssc.202000009
2025-02-03 20:53:48,328 - INFO - Downloaded: 10.1002/cssc.202001268
2025-02-03 20:53:55,689 - INFO - Downloaded: 10.1002/cssc.202100545
2025-02-03 20:54:02,906 - INFO - Downloaded: 10.1002/cssc.202100872
2025-02-03 20:54:10,240 - INFO - Downloaded: 10.1002/cssc.202201200
2025-02-03 20:54:31,822 - INFO - Downloaded: 10.1002/cssc.202201310
2025-02-03 20:54:40,639 - INFO - Downloaded: 10.1002/cssc.202201362
2025-02-03 20:54:47,676 - INFO - Downloaded: 10.1002/cssc.202201713
2025-02-03 20:54:56,640 - INFO - Downloaded: 10.1002/eem2.12684
2025-02-03 20:55:04,577 - INFO - Downloaded: 10.1002/ente.202401010
2025-02-03 20:55:13,263 - INFO - Downloaded: 10.1002/pssb.202400272
2025-02-03 20:58:22,103 - INFO - Downloaded: 10.1002/smll.201502278
2025-02-03 20:58:33,479 - INFO - Downloaded: 10.1002/smll.201600845
2025-02-03 20:58:41,607 - INFO - Downloaded: 10.1002/smll.201601474
2025-02-03 20:58:49,856 - INFO - Downloaded: 10.1002/smll.201601530
2025-02-03 20:58:56,680 - INFO - Downloaded: 10.1002/smll.201604045
2025-02-03 20:58:56,987 - INFO - Error with downloading: 10.1002/smll.201700129
2025-02-03 20:59:05,597 - INFO - Downloaded: 10.1002/smll.201701561
2025-02-03 20:59:14,222 - INFO - Downloaded: 10.1002/smll.201701744
2025-02-03 20:59:23,479 - INFO - Downloaded: 10.1002/smll.201703472
2025-02-03 20:59:45,789 - INFO - Downloaded: 10.1002/smll.201802694
2025-02-03 20:59:55,194 - INFO - Downloaded: 10.1002/smll.201802716
2025-02-03 21:00:08,460 - INFO - Downloaded: 10.1002/smll.201804706
2025-02-03 21:00:17,225 - INFO - Downloaded: 10.1002/smll.201900258
2025-02-03 21:00:24,241 - INFO - Downloaded: 10.1002/smll.201901083
2025-02-03 21:00:30,975 - INFO - Downloaded: 10.1002/smll.201901584
2025-02-03 21:00:38,028 - INFO - Downloaded: 10.1002/smll.201903816
2025-02-03 21:00:59,303 - INFO - Downloaded: 10.1002/smll.201906208
2025-02-03 21:01:06,391 - INFO - Downloaded: 10.1002/smll.201907670
2025-02-03 21:01:13,306 - INFO - Downloaded: 10.1002/smll.202000504
2025-02-03 21:01:20,332 - INFO - Downloaded: 10.1002/smll.202000681
2025-02-03 21:01:27,163 - INFO - Downloaded: 10.1002/smll.202000695
2025-02-03 21:01:34,397 - INFO - Downloaded: 10.1002/smll.202001976
2025-02-03 21:01:41,312 - INFO - Downloaded: 10.1002/smll.202003001
2025-02-03 21:02:02,543 - INFO - Downloaded: 10.1002/smll.202005023
2025-02-03 21:02:10,290 - INFO - Downloaded: 10.1002/smll.202005095
2025-02-03 21:02:17,921 - INFO - Downloaded: 10.1002/smll.202006016
2025-02-03 21:02:27,025 - INFO - Downloaded: 10.1002/smll.202102109
2025-02-03 21:02:34,000 - INFO - Downloaded: 10.1002/smll.202103005
2025-02-03 21:02:40,986 - INFO - Downloaded: 10.1002/smll.202105310
2025-02-03 21:02:47,993 - INFO - Downloaded: 10.1002/smll.202105825
2025-02-03 21:02:54,920 - INFO - Downloaded: 10.1002/smll.202106930
2025-02-03 21:03:18,390 - INFO - Downloaded: 10.1002/smll.202107869
2025-02-03 21:03:25,263 - INFO - Downloaded: 10.1002/smll.202200694
2025-02-03 21:03:32,062 - INFO - Downloaded: 10.1002/smll.202203409
2025-02-03 21:03:39,109 - INFO - Downloaded: 10.1002/smll.202203964
2025-02-03 21:03:45,989 - INFO - Downloaded: 10.1002/smll.202206340
2025-02-03 21:03:55,063 - INFO - Downloaded: 10.1002/smll.202207397
2025-02-03 21:04:02,355 - INFO - Downloaded: 10.1002/smll.202208291
2025-02-03 21:04:23,500 - INFO - Downloaded: 10.1002/smll.202300188
2025-02-03 21:04:33,125 - INFO - Downloaded: 10.1002/smll.202302200
2025-02-03 21:04:41,240 - INFO - Downloaded: 10.1002/smll.202304265
2025-02-03 21:04:49,592 - INFO - Downloaded: 10.1002/smll.202304587
2025-02-03 21:04:59,241 - INFO - Downloaded: 10.1002/smll.202304793
2025-02-03 21:05:08,075 - INFO - Downloaded: 10.1002/smll.202305686
2025-02-03 21:05:20,860 - INFO - Downloaded: 10.1002/smll.202307986
2025-02-03 21:05:44,311 - INFO - Downloaded: 10.1002/smll.202308630
2025-02-03 21:05:54,442 - INFO - Downloaded: 10.1002/smll.202308684
2025-02-03 21:06:04,155 - INFO - Downloaded: 10.1002/smll.202309112
2025-02-03 21:06:15,626 - INFO - Downloaded: 10.1002/smll.202309702
2025-02-03 21:06:24,011 - INFO - Downloaded: 10.1002/smll.202311024
2025-02-03 21:06:42,397 - INFO - Downloaded: 10.1002/smll.202312190
2025-02-03 21:06:42,397 - INFO - Downloaded: 10.1002/smll.202312190
2025-02-03 21:06:51,054 - INFO - Downloaded: 10.1002/smll.202403736
2025-02-03 21:06:51,054 - INFO - Downloaded: 10.1002/smll.202403736
2025-02-03 21:07:14,414 - INFO - Downloaded: 10.1002/smll.202404767
2025-02-03 21:07:14,414 - INFO - Downloaded: 10.1002/smll.202404767
2025-02-03 21:07:22,549 - INFO - Downloaded: 10.1002/smll.202405632
2025-02-03 21:07:22,549 - INFO - Downloaded: 10.1002/smll.202405632
2025-02-03 21:07:31,118 - INFO - Downloaded: 10.1002/smll.202405921
2025-02-03 21:07:31,118 - INFO - Downloaded: 10.1002/smll.202405921
2025-02-03 21:07:40,821 - INFO - Downloaded: 10.1002/smll.202406547
2025-02-03 21:07:40,821 - INFO - Downloaded: 10.1002/smll.202406547
2025-02-03 21:07:48,904 - INFO - Downloaded: 10.1002/smll.202407341
2025-02-03 21:07:48,904 - INFO - Downloaded: 10.1002/smll.202407341
2025-02-03 21:07:56,949 - INFO - Downloaded: 10.1002/smll.202407756
2025-02-03 21:07:56,949 - INFO - Downloaded: 10.1002/smll.202407756
2025-02-03 21:08:04,884 - INFO - Downloaded: 10.1002/smll.202407829
2025-02-03 21:08:04,884 - INFO - Downloaded: 10.1002/smll.202407829
2025-02-03 21:08:28,009 - INFO - Downloaded: 10.1002/smll.202409313
2025-02-03 21:08:28,009 - INFO - Downloaded: 10.1002/smll.202409313
2025-02-03 21:08:35,204 - INFO - Downloaded: 10.1002/smtd.202100188
2025-02-03 21:08:35,204 - INFO - Downloaded: 10.1002/smtd.202100188
2025-02-03 21:08:42,484 - INFO - Downloaded: 10.1002/smtd.202200995
2025-02-03 21:08:42,484 - INFO - Downloaded: 10.1002/smtd.202200995
2025-02-03 21:08:50,892 - INFO - Downloaded: 10.1002/smtd.202301277
2025-02-03 21:08:50,892 - INFO - Downloaded: 10.1002/smtd.202301277
2025-02-03 21:08:59,124 - INFO - Downloaded: 10.1002/smtd.202400839
2025-02-03 21:08:59,124 - INFO - Downloaded: 10.1002/smtd.202400839
2025-02-03 21:09:08,423 - INFO - Downloaded: 10.1002/sus2.198
2025-02-03 21:09:08,423 - INFO - Downloaded: 10.1002/sus2.198
