2025-04-13 15:03:12,812 - INFO - Downloaded: 10.1002/adem.202301907
2025-04-13 15:03:23,649 - INFO - Downloaded: 10.1002/adfm.201803896
2025-04-13 15:03:32,427 - INFO - Downloaded: 10.1002/adfm.202213215
2025-04-13 15:03:50,697 - INFO - Downloaded: 10.1002/adfm.202300135
2025-04-13 15:04:10,803 - INFO - Downloaded: 10.1002/adfm.202301996
2025-04-13 15:04:29,086 - INFO - Downloaded: 10.1002/adfm.202302200
2025-04-13 15:04:47,989 - INFO - Downloaded: 10.1002/adfm.202302281
2025-04-13 15:05:03,885 - INFO - Downloaded: 10.1002/adfm.202302810
2025-04-13 15:05:33,893 - INFO - Downloaded: 10.1002/adfm.202302830
2025-04-13 15:05:54,479 - INFO - Downloaded: 10.1002/adfm.202303102
2025-04-13 15:06:10,117 - INFO - Downloaded: 10.1002/adfm.202303211
2025-04-13 15:06:25,010 - INFO - Downloaded: 10.1002/adfm.202303812
2025-04-13 15:06:40,690 - INFO - Downloaded: 10.1002/adfm.202304046
2025-04-13 15:06:56,343 - INFO - Downloaded: 10.1002/adfm.202305109
2025-04-13 15:07:12,605 - INFO - Downloaded: 10.1002/adfm.202305470
2025-04-13 15:07:33,525 - INFO - Downloaded: 10.1002/adfm.202305503
2025-04-13 15:07:51,320 - INFO - Downloaded: 10.1002/adfm.202305803
2025-04-13 15:08:09,137 - INFO - Downloaded: 10.1002/adfm.202306184
2025-04-13 15:08:27,499 - INFO - Downloaded: 10.1002/adfm.202306574
2025-04-13 15:08:45,176 - INFO - Downloaded: 10.1002/adfm.202306862
2025-04-13 15:08:59,852 - INFO - Downloaded: 10.1002/adfm.202307061
2025-04-13 15:09:14,474 - INFO - Downloaded: 10.1002/adfm.202307628
2025-04-13 15:09:31,874 - INFO - Downloaded: 10.1002/adfm.202307794
2025-04-13 15:09:47,082 - INFO - Downloaded: 10.1002/adfm.202307959
2025-04-13 15:10:02,392 - INFO - Downloaded: 10.1002/adfm.202308257
2025-04-13 15:10:18,803 - INFO - Downloaded: 10.1002/adfm.202308392
2025-04-13 15:10:37,408 - INFO - Downloaded: 10.1002/adfm.202309701
2025-04-13 15:10:56,576 - INFO - Downloaded: 10.1002/adfm.202309834
2025-04-13 15:11:11,561 - INFO - Downloaded: 10.1002/adfm.202310226
2025-04-13 15:11:25,061 - INFO - Downloaded: 10.1002/adfm.202310248
2025-04-13 15:11:38,887 - INFO - Downloaded: 10.1002/adfm.202310256
2025-04-13 15:12:03,280 - INFO - Downloaded: 10.1002/adfm.202310563
2025-04-13 15:12:19,880 - INFO - Downloaded: 10.1002/adfm.202311471
2025-04-13 15:12:34,418 - INFO - Downloaded: 10.1002/adfm.202311478
2025-04-13 15:12:50,013 - INFO - Downloaded: 10.1002/adfm.202312750
2025-04-13 15:13:04,829 - INFO - Downloaded: 10.1002/adfm.202312841
2025-04-13 15:13:22,023 - INFO - Downloaded: 10.1002/adfm.202312905
2025-04-13 15:13:40,362 - INFO - Downloaded: 10.1002/adfm.202313234
2025-04-13 15:13:54,168 - INFO - Downloaded: 10.1002/adfm.202313998
2025-04-13 15:14:07,831 - INFO - Downloaded: 10.1002/adfm.202314019
2025-04-13 15:14:21,215 - INFO - Downloaded: 10.1002/adfm.202314147
2025-04-13 15:14:35,813 - INFO - Downloaded: 10.1002/adfm.202314160
2025-04-13 15:14:53,773 - INFO - Downloaded: 10.1002/adfm.202314167
2025-04-13 15:15:07,999 - INFO - Downloaded: 10.1002/adfm.202314288
2025-04-13 15:15:21,714 - INFO - Downloaded: 10.1002/adfm.202314679
2025-04-13 15:15:37,321 - INFO - Downloaded: 10.1002/adfm.202314851
2025-04-13 15:15:52,717 - INFO - Downloaded: 10.1002/adfm.202314954
2025-04-13 15:16:06,494 - INFO - Downloaded: 10.1002/adfm.202315007
2025-04-13 15:16:20,589 - INFO - Downloaded: 10.1002/adfm.202315114
2025-04-13 15:16:35,868 - INFO - Downloaded: 10.1002/adfm.202315309
2025-04-13 15:17:05,684 - INFO - Downloaded: 10.1002/adfm.202315318
2025-04-13 15:17:05,684 - INFO - Downloaded: 10.1002/adfm.202315318
2025-04-13 15:17:20,967 - INFO - Downloaded: 10.1002/adfm.202315437
2025-04-13 15:17:20,967 - INFO - Downloaded: 10.1002/adfm.202315437
2025-04-13 15:17:41,272 - INFO - Downloaded: 10.1002/adfm.202315498
2025-04-13 15:17:41,272 - INFO - Downloaded: 10.1002/adfm.202315498
2025-04-13 15:17:55,023 - INFO - Downloaded: 10.1002/adfm.202316295
2025-04-13 15:17:55,023 - INFO - Downloaded: 10.1002/adfm.202316295
2025-04-13 15:18:09,775 - INFO - Downloaded: 10.1002/adfm.202316342
2025-04-13 15:18:09,775 - INFO - Downloaded: 10.1002/adfm.202316342
2025-04-13 15:18:25,065 - INFO - Downloaded: 10.1002/adfm.202400020
2025-04-13 15:18:25,065 - INFO - Downloaded: 10.1002/adfm.202400020
2025-04-13 15:18:40,609 - INFO - Downloaded: 10.1002/adfm.202400185
2025-04-13 15:18:40,609 - INFO - Downloaded: 10.1002/adfm.202400185
2025-04-13 15:18:54,768 - INFO - Downloaded: 10.1002/adfm.202400302
2025-04-13 15:18:54,768 - INFO - Downloaded: 10.1002/adfm.202400302
2025-04-13 15:19:13,337 - INFO - Downloaded: 10.1002/adfm.202401188
2025-04-13 15:19:13,337 - INFO - Downloaded: 10.1002/adfm.202401188
2025-04-13 15:19:31,867 - INFO - Downloaded: 10.1002/adfm.202402145
2025-04-13 15:19:31,867 - INFO - Downloaded: 10.1002/adfm.202402145
2025-04-13 15:19:53,778 - INFO - Downloaded: 10.1002/adfm.202402178
2025-04-13 15:19:53,778 - INFO - Downloaded: 10.1002/adfm.202402178
2025-04-13 15:20:08,202 - INFO - Downloaded: 10.1002/adfm.202402310
2025-04-13 15:20:08,202 - INFO - Downloaded: 10.1002/adfm.202402310
2025-04-13 15:20:30,136 - INFO - Downloaded: 10.1002/adfm.202402398
2025-04-13 15:20:30,136 - INFO - Downloaded: 10.1002/adfm.202402398
2025-04-13 15:20:45,209 - INFO - Downloaded: 10.1002/adfm.202402447
2025-04-13 15:20:45,209 - INFO - Downloaded: 10.1002/adfm.202402447
2025-04-13 15:21:00,599 - INFO - Downloaded: 10.1002/adfm.202402639
2025-04-13 15:21:00,599 - INFO - Downloaded: 10.1002/adfm.202402639
2025-04-13 15:21:16,226 - INFO - Downloaded: 10.1002/adfm.202403138
2025-04-13 15:21:16,226 - INFO - Downloaded: 10.1002/adfm.202403138
2025-04-13 15:21:31,447 - INFO - Downloaded: 10.1002/adfm.202403144
2025-04-13 15:21:31,447 - INFO - Downloaded: 10.1002/adfm.202403144
2025-04-13 15:21:47,339 - INFO - Downloaded: 10.1002/adfm.202403166
2025-04-13 15:21:47,339 - INFO - Downloaded: 10.1002/adfm.202403166
2025-04-13 15:22:02,031 - INFO - Downloaded: 10.1002/adfm.202403351
2025-04-13 15:22:02,031 - INFO - Downloaded: 10.1002/adfm.202403351
2025-04-13 15:22:16,976 - INFO - Downloaded: 10.1002/adfm.202403642
2025-04-13 15:22:16,976 - INFO - Downloaded: 10.1002/adfm.202403642
2025-04-13 15:22:31,984 - INFO - Downloaded: 10.1002/adfm.202403841
2025-04-13 15:22:31,984 - INFO - Downloaded: 10.1002/adfm.202403841
2025-04-13 15:22:48,461 - INFO - Downloaded: 10.1002/adfm.202404263
2025-04-13 15:22:48,461 - INFO - Downloaded: 10.1002/adfm.202404263
2025-04-13 15:23:04,905 - INFO - Downloaded: 10.1002/adfm.202404320
2025-04-13 15:23:04,905 - INFO - Downloaded: 10.1002/adfm.202404320
2025-04-13 15:23:19,976 - INFO - Downloaded: 10.1002/adfm.202404442
2025-04-13 15:23:19,976 - INFO - Downloaded: 10.1002/adfm.202404442
2025-04-13 15:23:37,107 - INFO - Downloaded: 10.1002/adfm.202404797
2025-04-13 15:23:37,107 - INFO - Downloaded: 10.1002/adfm.202404797
2025-04-13 15:23:54,833 - INFO - Downloaded: 10.1002/adfm.202405174
2025-04-13 15:23:54,833 - INFO - Downloaded: 10.1002/adfm.202405174
2025-04-13 15:24:12,131 - INFO - Downloaded: 10.1002/adfm.202405460
2025-04-13 15:24:12,131 - INFO - Downloaded: 10.1002/adfm.202405460
2025-04-13 15:24:28,120 - INFO - Downloaded: 10.1002/adfm.202405642
2025-04-13 15:24:28,120 - INFO - Downloaded: 10.1002/adfm.202405642
2025-04-13 15:24:48,915 - INFO - Downloaded: 10.1002/adfm.202405931
2025-04-13 15:24:48,915 - INFO - Downloaded: 10.1002/adfm.202405931
2025-04-13 15:25:07,056 - INFO - Downloaded: 10.1002/adfm.202406384
2025-04-13 15:25:07,056 - INFO - Downloaded: 10.1002/adfm.202406384
2025-04-13 15:25:34,976 - INFO - Downloaded: 10.1002/adfm.202406499
2025-04-13 15:25:34,976 - INFO - Downloaded: 10.1002/adfm.202406499
2025-04-13 15:25:59,890 - INFO - Downloaded: 10.1002/adfm.202406771
2025-04-13 15:25:59,890 - INFO - Downloaded: 10.1002/adfm.202406771
2025-04-13 15:26:26,926 - INFO - Downloaded: 10.1002/adfm.202406809
2025-04-13 15:26:26,926 - INFO - Downloaded: 10.1002/adfm.202406809
2025-04-13 15:26:46,835 - INFO - Downloaded: 10.1002/adfm.202406827
2025-04-13 15:26:46,835 - INFO - Downloaded: 10.1002/adfm.202406827
2025-04-13 15:27:09,688 - INFO - Downloaded: 10.1002/adfm.202406915
2025-04-13 15:27:09,688 - INFO - Downloaded: 10.1002/adfm.202406915
2025-04-13 15:27:27,993 - INFO - Downloaded: 10.1002/adfm.202407740
2025-04-13 15:27:27,993 - INFO - Downloaded: 10.1002/adfm.202407740
2025-04-13 15:27:48,038 - INFO - Downloaded: 10.1002/adfm.202407783
2025-04-13 15:27:48,038 - INFO - Downloaded: 10.1002/adfm.202407783
2025-04-13 15:28:09,104 - INFO - Downloaded: 10.1002/adfm.202408035
2025-04-13 15:28:09,104 - INFO - Downloaded: 10.1002/adfm.202408035
2025-04-13 15:28:31,414 - INFO - Downloaded: 10.1002/adfm.202408642
2025-04-13 15:28:31,414 - INFO - Downloaded: 10.1002/adfm.202408642
2025-04-13 15:28:57,114 - INFO - Downloaded: 10.1002/adfm.202408962
2025-04-13 15:28:57,114 - INFO - Downloaded: 10.1002/adfm.202408962
2025-04-13 15:29:19,154 - INFO - Downloaded: 10.1002/adfm.202409295
2025-04-13 15:29:19,154 - INFO - Downloaded: 10.1002/adfm.202409295
2025-04-13 15:29:40,200 - INFO - Downloaded: 10.1002/adfm.202409732
2025-04-13 15:29:40,200 - INFO - Downloaded: 10.1002/adfm.202409732
2025-04-13 15:29:58,470 - INFO - Downloaded: 10.1002/adfm.202410372
2025-04-13 15:29:58,470 - INFO - Downloaded: 10.1002/adfm.202410372
2025-04-13 15:30:26,391 - INFO - Downloaded: 10.1002/adfm.202410840
2025-04-13 15:30:26,391 - INFO - Downloaded: 10.1002/adfm.202410840
2025-04-13 15:48:09,238 - INFO - Downloaded: 10.1002/adfm.202410992
2025-04-13 15:48:23,139 - INFO - Downloaded: 10.1002/adfm.202411007
2025-04-13 15:49:00,943 - INFO - Downloaded: 10.1002/adfm.202411280
2025-04-13 15:49:16,635 - INFO - Downloaded: 10.1002/adfm.202411347
2025-04-13 15:49:31,461 - INFO - Downloaded: 10.1002/adfm.202411362
2025-04-13 15:49:44,789 - INFO - Downloaded: 10.1002/adfm.202411651
2025-04-13 15:49:58,627 - INFO - Downloaded: 10.1002/adfm.202411760
2025-04-13 15:50:16,376 - INFO - Downloaded: 10.1002/adfm.202412730
2025-04-13 15:50:31,610 - INFO - Downloaded: 10.1002/adfm.202412879
2025-04-13 16:01:11,500 - INFO - Downloaded: 10.1002/adfm.202413488
2025-04-13 16:01:26,077 - INFO - Downloaded: 10.1002/adfm.202414041
2025-04-13 16:01:40,758 - INFO - Downloaded: 10.1002/adfm.202414246
2025-04-13 16:01:56,445 - INFO - Downloaded: 10.1002/adfm.202414627
2025-04-13 16:02:01,927 - INFO - Downloaded: 10.1002/adfm.202414761
2025-04-13 16:02:16,750 - INFO - Downloaded: 10.1002/adfm.202415092
2025-04-13 16:02:32,877 - INFO - Downloaded: 10.1002/adfm.202415680
2025-04-13 16:02:48,792 - INFO - Downloaded: 10.1002/adfm.202416061
2025-04-13 16:03:04,606 - INFO - Downloaded: 10.1002/adfm.202417253
2025-04-13 16:03:19,985 - INFO - Downloaded: 10.1002/adfm.202417457
2025-04-13 16:03:34,303 - INFO - Downloaded: 10.1002/adfm.202417725
2025-04-13 16:03:48,891 - INFO - Downloaded: 10.1002/adfm.202417758
2025-04-13 16:04:06,197 - INFO - Downloaded: 10.1002/adfm.202417809
2025-04-13 16:04:26,813 - INFO - Downloaded: 10.1002/adfm.202418322
2025-04-13 16:04:45,486 - INFO - Downloaded: 10.1002/adfm.202418642
2025-04-13 16:05:42,542 - INFO - Downloaded: 10.1002/adfm.202419967
2025-04-13 16:07:29,519 - INFO - Downloaded: 10.1002/adfm.202419967
2025-04-13 16:08:30,031 - INFO - Downloaded: 10.1002/adfm.202420573
2025-04-13 16:08:52,385 - INFO - Downloaded: 10.1002/adfm.202421165
2025-04-13 16:09:21,295 - INFO - Downloaded: 10.1002/adfm.202421504
2025-04-13 16:11:46,347 - INFO - Downloaded: 10.1002/adfm.202421976
2025-04-13 16:46:29,322 - INFO - Downloaded: 10.1002/adma.201505918
2025-04-13 16:47:45,133 - INFO - Downloaded: 10.1002/adma.201600846
2025-04-13 16:48:48,829 - INFO - Downloaded: 10.1002/adma.201600964
2025-04-13 16:49:22,964 - INFO - Downloaded: 10.1002/adma.201601621
2025-04-13 16:50:25,583 - INFO - Downloaded: 10.1002/adma.201602469
2025-04-13 16:50:59,674 - INFO - Downloaded: 10.1002/adma.201603219
2025-04-13 16:51:54,335 - INFO - Downloaded: 10.1002/adma.201603719
2025-04-13 16:53:03,355 - INFO - Downloaded: 10.1002/adma.201604108
2025-04-13 16:53:39,793 - INFO - Downloaded: 10.1002/adma.201604708
2025-04-13 16:53:49,472 - INFO - Downloaded: 10.1002/adma.201605512
2025-04-13 16:53:58,560 - INFO - Downloaded: 10.1002/adma.201605535
2025-04-13 16:54:39,889 - INFO - Downloaded: 10.1002/adma.201605820
2025-04-13 16:55:29,708 - INFO - Downloaded: 10.1002/adma.201606663
2025-04-13 16:56:08,512 - INFO - Downloaded: 10.1002/adma.201670082
2025-04-13 16:56:47,453 - INFO - Downloaded: 10.1002/adma.201700210
2025-04-13 16:57:19,301 - INFO - Downloaded: 10.1002/adma.201700214
2025-04-13 16:57:30,947 - INFO - Downloaded: 10.1002/adma.201700606
2025-04-13 16:58:33,862 - INFO - Downloaded: 10.1002/adma.201700898
2025-04-13 16:58:43,471 - INFO - Downloaded: 10.1002/adma.201700989
2025-04-13 16:59:13,728 - INFO - Downloaded: 10.1002/adma.201701788
2025-04-13 17:00:08,157 - INFO - Downloaded: 10.1002/adma.201701968
2025-04-13 17:00:18,312 - INFO - Downloaded: 10.1002/adma.201702212
2025-04-13 17:01:06,325 - INFO - Downloaded: 10.1002/adma.201702372
2025-04-13 17:01:15,180 - INFO - Downloaded: 10.1002/adma.201702410
2025-04-13 17:01:51,440 - INFO - Downloaded: 10.1002/adma.201702486
2025-04-13 17:02:02,211 - INFO - Downloaded: 10.1002/adma.201704337
2025-04-13 17:02:19,581 - INFO - Downloaded: 10.1002/adma.201704670
2025-04-13 17:02:42,023 - INFO - Downloaded: 10.1002/adma.201705401
2025-04-13 17:03:10,268 - INFO - Downloaded: 10.1002/adma.201705788
2025-04-13 17:03:31,082 - INFO - Downloaded: 10.1002/adma.201706085
2025-04-13 17:04:36,471 - INFO - Downloaded: 10.1002/adma.201706317
2025-04-13 17:05:23,242 - INFO - Downloaded: 10.1002/adma.201706637
2025-04-13 17:06:13,704 - INFO - Downloaded: 10.1002/adma.201706668
2025-04-13 17:06:22,671 - INFO - Downloaded: 10.1002/adma.201800492
2025-04-13 17:07:02,259 - INFO - Downloaded: 10.1002/adma.201800525
2025-04-13 17:07:43,866 - INFO - Downloaded: 10.1002/adma.201800658
2025-04-13 17:08:16,641 - INFO - Downloaded: 10.1002/adma.201800963
2025-04-13 17:08:41,645 - INFO - Downloaded: 10.1002/adma.201801013
2025-04-13 17:09:02,824 - INFO - Downloaded: 10.1002/adma.201802745
2025-04-13 17:09:41,020 - INFO - Downloaded: 10.1002/adma.201803765
2025-04-13 17:09:50,630 - INFO - Downloaded: 10.1002/adma.201804116
2025-04-13 17:10:02,222 - INFO - Downloaded: 10.1002/adma.201804157
2025-04-13 17:11:49,596 - INFO - Downloaded: 10.1002/adma.201804378
2025-04-13 17:13:00,905 - INFO - Downloaded: 10.1002/adma.201805430
2025-04-13 17:14:15,450 - INFO - Downloaded: 10.1002/adma.201805432
2025-04-13 17:14:25,328 - INFO - Downloaded: 10.1002/adma.201806092
2025-04-13 17:15:35,878 - INFO - Downloaded: 10.1002/adma.201806664
2025-04-13 17:15:46,333 - INFO - Downloaded: 10.1002/adma.201807770
2025-04-13 17:15:56,410 - INFO - Downloaded: 10.1002/adma.201807874
2025-04-13 17:16:08,406 - INFO - Downloaded: 10.1002/adma.201900526
2025-04-13 17:16:30,367 - INFO - Downloaded: 10.1002/adma.201901261
2025-04-13 17:16:30,367 - INFO - Downloaded: 10.1002/adma.201901261
2025-04-13 17:16:41,876 - INFO - Downloaded: 10.1002/adma.201902603
2025-04-13 17:16:41,876 - INFO - Downloaded: 10.1002/adma.201902603
2025-04-13 17:16:54,265 - INFO - Downloaded: 10.1002/adma.201903125
2025-04-13 17:16:54,265 - INFO - Downloaded: 10.1002/adma.201903125
2025-04-13 17:17:03,632 - INFO - Downloaded: 10.1002/adma.201903483
2025-04-13 17:17:03,632 - INFO - Downloaded: 10.1002/adma.201903483
2025-04-13 17:17:15,833 - INFO - Downloaded: 10.1002/adma.201904320
2025-04-13 17:17:15,833 - INFO - Downloaded: 10.1002/adma.201904320
2025-04-13 17:17:26,188 - INFO - Downloaded: 10.1002/adma.201904427
2025-04-13 17:17:26,188 - INFO - Downloaded: 10.1002/adma.201904427
2025-04-13 17:17:36,350 - INFO - Downloaded: 10.1002/adma.201904771
2025-04-13 17:17:36,350 - INFO - Downloaded: 10.1002/adma.201904771
2025-04-13 17:17:46,525 - INFO - Downloaded: 10.1002/adma.201904816
2025-04-13 17:17:46,525 - INFO - Downloaded: 10.1002/adma.201904816
2025-04-13 17:17:58,152 - INFO - Downloaded: 10.1002/adma.201906348
2025-04-13 17:17:58,152 - INFO - Downloaded: 10.1002/adma.201906348
2025-04-13 17:18:09,667 - INFO - Downloaded: 10.1002/adma.201907936
2025-04-13 17:18:09,667 - INFO - Downloaded: 10.1002/adma.201907936
2025-04-13 17:18:19,801 - INFO - Downloaded: 10.1002/adma.202000447
2025-04-13 17:18:19,801 - INFO - Downloaded: 10.1002/adma.202000447
2025-04-13 17:18:30,270 - INFO - Downloaded: 10.1002/adma.202001419
2025-04-13 17:18:30,270 - INFO - Downloaded: 10.1002/adma.202001419
2025-04-13 17:18:41,149 - INFO - Downloaded: 10.1002/adma.202002976
2025-04-13 17:18:41,149 - INFO - Downloaded: 10.1002/adma.202002976
2025-04-13 17:18:51,255 - INFO - Downloaded: 10.1002/adma.202003534
2025-04-13 17:18:51,255 - INFO - Downloaded: 10.1002/adma.202003534
2025-04-13 17:19:02,856 - INFO - Downloaded: 10.1002/adma.202004835
2025-04-13 17:19:02,856 - INFO - Downloaded: 10.1002/adma.202004835
2025-04-13 17:19:14,437 - INFO - Downloaded: 10.1002/adma.202004902
2025-04-13 17:19:14,437 - INFO - Downloaded: 10.1002/adma.202004902
2025-04-13 17:19:24,985 - INFO - Downloaded: 10.1002/adma.202005802
2025-04-13 17:19:24,985 - INFO - Downloaded: 10.1002/adma.202005802
2025-04-13 17:19:34,677 - INFO - Downloaded: 10.1002/adma.202007090
2025-04-13 17:19:34,677 - INFO - Downloaded: 10.1002/adma.202007090
2025-04-13 17:19:45,204 - INFO - Downloaded: 10.1002/adma.202007262
2025-04-13 17:19:45,204 - INFO - Downloaded: 10.1002/adma.202007262
2025-04-13 17:19:56,788 - INFO - Downloaded: 10.1002/adma.202008194
2025-04-13 17:19:56,788 - INFO - Downloaded: 10.1002/adma.202008194
2025-04-13 17:20:06,570 - INFO - Downloaded: 10.1002/adma.202100210
2025-04-13 17:20:06,570 - INFO - Downloaded: 10.1002/adma.202100210
2025-04-13 17:20:20,669 - INFO - Downloaded: 10.1002/adma.202100808
2025-04-13 17:20:20,669 - INFO - Downloaded: 10.1002/adma.202100808
2025-04-13 17:20:32,198 - INFO - Downloaded: 10.1002/adma.202100824
2025-04-13 17:20:32,198 - INFO - Downloaded: 10.1002/adma.202100824
2025-04-13 17:20:42,697 - INFO - Downloaded: 10.1002/adma.202101535
2025-04-13 17:20:42,697 - INFO - Downloaded: 10.1002/adma.202101535
2025-04-13 17:20:55,033 - INFO - Downloaded: 10.1002/adma.202101576
2025-04-13 17:20:55,033 - INFO - Downloaded: 10.1002/adma.202101576
2025-04-13 17:21:05,729 - INFO - Downloaded: 10.1002/adma.202102802
2025-04-13 17:21:05,729 - INFO - Downloaded: 10.1002/adma.202102802
2025-04-13 17:21:15,720 - INFO - Downloaded: 10.1002/adma.202103210
2025-04-13 17:21:15,720 - INFO - Downloaded: 10.1002/adma.202103210
2025-04-13 17:21:23,996 - INFO - Downloaded: 10.1002/adma.202103736
2025-04-13 17:21:23,996 - INFO - Downloaded: 10.1002/adma.202103736
2025-04-13 17:21:32,933 - INFO - Downloaded: 10.1002/adma.202104427
2025-04-13 17:21:32,933 - INFO - Downloaded: 10.1002/adma.202104427
2025-04-13 17:21:44,479 - INFO - Downloaded: 10.1002/adma.202105404
2025-04-13 17:21:44,479 - INFO - Downloaded: 10.1002/adma.202105404
2025-04-13 17:21:53,787 - INFO - Downloaded: 10.1002/adma.202106565
2025-04-13 17:21:53,787 - INFO - Downloaded: 10.1002/adma.202106565
2025-04-13 17:22:03,752 - INFO - Downloaded: 10.1002/adma.202106895
2025-04-13 17:22:03,752 - INFO - Downloaded: 10.1002/adma.202106895
2025-04-13 17:22:10,293 - INFO - Downloaded: 10.1002/adma.202108304
2025-04-13 17:22:10,293 - INFO - Downloaded: 10.1002/adma.202108304
2025-04-13 17:22:17,457 - INFO - Downloaded: 10.1002/adma.202108363
2025-04-13 17:22:17,457 - INFO - Downloaded: 10.1002/adma.202108363
2025-04-13 17:22:23,897 - INFO - Downloaded: 10.1002/adma.202108985
2025-04-13 17:22:23,897 - INFO - Downloaded: 10.1002/adma.202108985
2025-04-13 17:22:33,645 - INFO - Downloaded: 10.1002/adma.202109282
2025-04-13 17:22:33,645 - INFO - Downloaded: 10.1002/adma.202109282
2025-04-13 17:22:45,151 - INFO - Downloaded: 10.1002/adma.202110108
2025-04-13 17:22:45,151 - INFO - Downloaded: 10.1002/adma.202110108
2025-04-13 17:22:52,986 - INFO - Downloaded: 10.1002/adma.202200863
2025-04-13 17:22:52,986 - INFO - Downloaded: 10.1002/adma.202200863
2025-04-13 17:23:00,648 - INFO - Downloaded: 10.1002/adma.202202137
2025-04-13 17:23:00,648 - INFO - Downloaded: 10.1002/adma.202202137
2025-04-13 17:23:08,753 - INFO - Downloaded: 10.1002/adma.202202624
2025-04-13 17:23:08,753 - INFO - Downloaded: 10.1002/adma.202202624
2025-04-13 17:23:20,352 - INFO - Downloaded: 10.1002/adma.202202673
2025-04-13 17:23:20,352 - INFO - Downloaded: 10.1002/adma.202202673
2025-04-13 17:23:32,150 - INFO - Downloaded: 10.1002/adma.202202695
2025-04-13 17:23:32,150 - INFO - Downloaded: 10.1002/adma.202202695
2025-04-13 17:23:40,265 - INFO - Downloaded: 10.1002/adma.202202873
2025-04-13 17:23:40,265 - INFO - Downloaded: 10.1002/adma.202202873
2025-04-13 17:23:47,080 - INFO - Downloaded: 10.1002/adma.202202898
2025-04-13 17:23:47,080 - INFO - Downloaded: 10.1002/adma.202202898
2025-04-13 17:23:57,033 - INFO - Downloaded: 10.1002/adma.202207752
2025-04-13 17:23:57,033 - INFO - Downloaded: 10.1002/adma.202207752
2025-04-13 17:24:03,632 - INFO - Downloaded: 10.1002/adma.202208705
2025-04-13 17:24:03,632 - INFO - Downloaded: 10.1002/adma.202208705
2025-04-13 17:24:10,690 - INFO - Downloaded: 10.1002/adma.202209511
2025-04-13 17:24:10,690 - INFO - Downloaded: 10.1002/adma.202209511
2025-04-13 17:24:16,843 - INFO - Downloaded: 10.1002/adma.202209811
2025-04-13 17:24:16,843 - INFO - Downloaded: 10.1002/adma.202209811
2025-04-13 17:24:23,271 - INFO - Downloaded: 10.1002/adma.202210082
2025-04-13 17:24:23,271 - INFO - Downloaded: 10.1002/adma.202210082
2025-04-13 17:24:32,633 - INFO - Downloaded: 10.1002/adma.202210826
2025-04-13 17:24:32,633 - INFO - Downloaded: 10.1002/adma.202210826
2025-04-13 17:25:42,640 - INFO - Downloaded: 10.1002/adma.202211461
2025-04-13 17:25:42,640 - INFO - Downloaded: 10.1002/adma.202211461
2025-04-13 17:25:42,640 - INFO - Downloaded: 10.1002/adma.202211461
2025-04-13 17:25:50,694 - INFO - Downloaded: 10.1002/adma.202211690
2025-04-13 17:25:50,694 - INFO - Downloaded: 10.1002/adma.202211690
2025-04-13 17:25:50,694 - INFO - Downloaded: 10.1002/adma.202211690
2025-04-13 17:26:51,299 - INFO - Downloaded: 10.1002/adma.202300002
2025-04-13 17:26:51,299 - INFO - Downloaded: 10.1002/adma.202300002
2025-04-13 17:26:51,299 - INFO - Downloaded: 10.1002/adma.202300002
2025-04-13 17:27:36,102 - INFO - Downloaded: 10.1002/adma.202300714
2025-04-13 17:27:36,102 - INFO - Downloaded: 10.1002/adma.202300714
2025-04-13 17:27:36,102 - INFO - Downloaded: 10.1002/adma.202300714
2025-04-13 17:28:35,821 - INFO - Downloaded: 10.1002/adma.202301376
2025-04-13 17:28:35,821 - INFO - Downloaded: 10.1002/adma.202301376
2025-04-13 17:28:35,821 - INFO - Downloaded: 10.1002/adma.202301376
2025-04-13 18:03:21,936 - INFO - Downloaded: 10.1002/adma.202304091
2025-04-13 18:04:06,058 - INFO - Downloaded: 10.1002/adma.202304256
2025-04-13 18:04:35,343 - INFO - Downloaded: 10.1002/adma.202304428
2025-04-13 18:05:31,087 - INFO - Downloaded: 10.1002/adma.202304440
2025-04-13 18:06:24,724 - INFO - Downloaded: 10.1002/adma.202304942
2025-04-13 18:07:20,097 - INFO - Downloaded: 10.1002/adma.202305149
2025-04-13 18:08:10,851 - INFO - Downloaded: 10.1002/adma.202305190
2025-04-13 18:08:50,197 - INFO - Downloaded: 10.1002/adma.202305551
2025-04-13 18:09:38,971 - INFO - Downloaded: 10.1002/adma.202306533
2025-04-13 18:10:30,679 - INFO - Downloaded: 10.1002/adma.202306577
2025-04-13 18:11:00,702 - INFO - Downloaded: 10.1002/adma.202307209
2025-04-13 18:11:54,044 - INFO - Downloaded: 10.1002/adma.202307645
2025-04-13 18:12:52,336 - INFO - Downloaded: 10.1002/adma.202308012
2025-04-13 18:13:46,870 - INFO - Downloaded: 10.1002/adma.202308987
2025-04-13 18:14:49,013 - INFO - Downloaded: 10.1002/adma.202309637
2025-04-13 18:15:35,785 - INFO - Downloaded: 10.1002/adma.202309732
2025-04-13 18:16:33,684 - INFO - Downloaded: 10.1002/adma.202310051
2025-04-13 18:17:55,502 - INFO - Downloaded: 10.1002/adma.202310270
2025-04-13 18:18:55,812 - INFO - Downloaded: 10.1002/adma.202310336
2025-04-13 18:19:28,753 - INFO - Downloaded: 10.1002/adma.202310659
2025-04-13 18:19:59,643 - INFO - Downloaded: 10.1002/adma.202311523
2025-04-13 18:20:34,595 - INFO - Downloaded: 10.1002/adma.202312287
2025-04-13 18:21:10,458 - INFO - Downloaded: 10.1002/adma.202312300
2025-04-13 18:21:46,239 - INFO - Downloaded: 10.1002/adma.202314271
2025-04-13 18:22:13,762 - INFO - Downloaded: 10.1002/adma.202400690
2025-04-13 18:22:42,766 - INFO - Downloaded: 10.1002/adma.202401048
2025-04-13 18:23:09,764 - INFO - Downloaded: 10.1002/adma.202401878
2025-04-13 18:24:00,473 - INFO - Downloaded: 10.1002/adma.202402005
2025-04-13 18:24:44,287 - INFO - Downloaded: 10.1002/adma.202402702
2025-04-13 18:25:39,764 - INFO - Downloaded: 10.1002/adma.202403131
2025-04-13 18:26:19,078 - INFO - Downloaded: 10.1002/adma.202403521
2025-04-13 18:26:43,473 - INFO - Downloaded: 10.1002/adma.202404640
2025-04-13 18:27:33,964 - INFO - Downloaded: 10.1002/adma.202405458
2025-04-13 18:28:12,018 - INFO - Downloaded: 10.1002/adma.202406058
2025-04-13 18:28:50,241 - INFO - Downloaded: 10.1002/adma.202407274
2025-04-13 18:29:27,913 - INFO - Downloaded: 10.1002/adma.202407369
2025-04-13 18:30:03,284 - INFO - Downloaded: 10.1002/adma.202407519
2025-04-13 18:30:39,503 - INFO - Downloaded: 10.1002/adma.202407720
2025-04-13 18:31:18,471 - INFO - Downloaded: 10.1002/adma.202407994
2025-04-13 18:31:51,548 - INFO - Downloaded: 10.1002/adma.202408161
2025-04-13 18:32:22,316 - INFO - Downloaded: 10.1002/adma.202408918
2025-04-13 18:32:57,817 - INFO - Downloaded: 10.1002/adma.202409062
2025-04-13 19:18:57,664 - INFO - Downloaded: 10.1002/adma.202410261
2025-04-13 19:19:37,318 - INFO - Downloaded: 10.1002/adma.202410326
2025-04-13 19:20:00,808 - INFO - Downloaded: 10.1002/adma.202410575
2025-04-13 19:20:44,890 - INFO - Downloaded: 10.1002/adma.202410673
2025-04-13 19:22:16,180 - INFO - Downloaded: 10.1002/adma.202410797
2025-04-13 19:22:50,712 - INFO - Downloaded: 10.1002/adma.202410857
2025-04-13 19:23:34,104 - INFO - Downloaded: 10.1002/adma.202411625
2025-04-13 19:24:15,744 - INFO - Downloaded: 10.1002/adma.202412592
2025-04-13 19:24:56,868 - INFO - Downloaded: 10.1002/adma.202412636
2025-04-13 19:25:30,421 - INFO - Downloaded: 10.1002/adma.202412989
2025-04-13 19:26:13,778 - INFO - Downloaded: 10.1002/adma.202413013
2025-04-13 19:27:24,228 - INFO - Downloaded: 10.1002/adma.202413253
2025-04-13 20:50:56,580 - INFO - Downloaded: 10.1002/adsu.202200519
2025-04-13 20:52:52,733 - INFO - Downloaded: 10.1002/adsu.202400296
2025-04-13 20:54:36,269 - INFO - Downloaded: 10.1002/adsu.202400679
2025-04-13 20:54:49,735 - INFO - Downloaded: 10.1002/advs.201600013
2025-04-13 20:56:46,223 - INFO - Downloaded: 10.1002/advs.201600066
2025-04-13 20:56:58,049 - INFO - Downloaded: 10.1002/advs.201600112
2025-04-13 21:07:06,429 - INFO - Downloaded: 10.1002/advs.201600243
2025-04-13 21:07:21,199 - INFO - Downloaded: 10.1002/advs.201600500
2025-04-13 21:07:30,642 - INFO - Downloaded: 10.1002/advs.201700219
2025-04-13 21:07:39,736 - INFO - Downloaded: 10.1002/advs.201700634
2025-04-13 21:07:55,588 - INFO - Downloaded: 10.1002/advs.201700768
2025-04-13 21:08:10,700 - INFO - Downloaded: 10.1002/advs.201700880
2025-04-13 21:08:27,701 - INFO - Downloaded: 10.1002/advs.201800080
2025-04-13 21:08:41,697 - INFO - Downloaded: 10.1002/advs.201800241
2025-04-13 21:08:55,239 - INFO - Downloaded: 10.1002/advs.201800519
2025-04-13 21:09:10,377 - INFO - Downloaded: 10.1002/advs.201800613
2025-04-13 21:09:24,074 - INFO - Downloaded: 10.1002/advs.201800680
2025-04-13 21:09:39,242 - INFO - Downloaded: 10.1002/advs.201800763
2025-04-13 21:09:52,532 - INFO - Downloaded: 10.1002/advs.201801021
2025-04-13 21:10:08,068 - INFO - Downloaded: 10.1002/advs.201801222
2025-04-13 21:10:16,633 - INFO - Downloaded: 10.1002/advs.201900028
2025-04-13 21:10:24,772 - INFO - Downloaded: 10.1002/advs.201900162
2025-04-13 21:10:33,126 - INFO - Downloaded: 10.1002/advs.201900264
2025-04-13 21:10:42,959 - INFO - Downloaded: 10.1002/advs.201900649
2025-04-13 21:10:51,413 - INFO - Downloaded: 10.1002/advs.201902147
2025-04-13 21:10:59,823 - INFO - Downloaded: 10.1002/advs.201902907
2025-04-13 21:11:08,423 - INFO - Downloaded: 10.1002/advs.201902986
2025-04-13 21:11:20,306 - INFO - Downloaded: 10.1002/advs.201903045
2025-04-13 21:11:29,715 - INFO - Downloaded: 10.1002/advs.202001263
2025-04-13 21:11:38,431 - INFO - Downloaded: 10.1002/advs.202002199
2025-04-13 21:11:47,532 - INFO - Downloaded: 10.1002/advs.202002358
2025-04-13 21:11:56,026 - INFO - Downloaded: 10.1002/advs.202003178
2025-04-13 21:12:04,441 - INFO - Downloaded: 10.1002/advs.202004448
2025-04-13 21:12:13,056 - INFO - Downloaded: 10.1002/advs.202004943
2025-04-13 21:12:24,648 - INFO - Downloaded: 10.1002/advs.202103845
2025-04-13 21:12:35,936 - INFO - Downloaded: 10.1002/advs.202104780
2025-04-13 21:12:44,547 - INFO - Downloaded: 10.1002/advs.202105280
2025-04-13 21:12:53,125 - INFO - Downloaded: 10.1002/advs.202105510
2025-04-13 21:13:01,566 - INFO - Downloaded: 10.1002/advs.202200023
2025-04-13 21:13:11,606 - INFO - Downloaded: 10.1002/advs.202200498
2025-04-13 21:13:20,728 - INFO - Downloaded: 10.1002/advs.202201209
2025-04-13 21:13:29,415 - INFO - Downloaded: 10.1002/advs.202203552
2025-04-13 21:13:39,411 - INFO - Downloaded: 10.1002/advs.202205575
2025-04-13 21:13:48,937 - INFO - Downloaded: 10.1002/advs.202206367
2025-04-13 21:13:57,851 - INFO - Downloaded: 10.1002/advs.202206558
2025-04-13 21:14:16,969 - INFO - Downloaded: 10.1002/advs.202206587
2025-04-13 21:14:25,721 - INFO - Downloaded: 10.1002/advs.202207234
2025-04-13 21:14:34,488 - INFO - Downloaded: 10.1002/advs.202207283
2025-04-13 21:14:48,446 - INFO - Downloaded: 10.1002/advs.202301091
2025-04-13 21:15:04,027 - INFO - Downloaded: 10.1002/advs.202301308
2025-04-13 21:15:19,484 - INFO - Downloaded: 10.1002/advs.202301490
2025-04-13 21:15:33,696 - INFO - Downloaded: 10.1002/advs.202303108
2025-04-13 21:15:47,803 - INFO - Downloaded: 10.1002/advs.202304067
2025-04-13 21:16:02,156 - INFO - Downloaded: 10.1002/advs.202304465
2025-04-13 21:16:21,795 - INFO - Downloaded: 10.1002/advs.202305414
2025-04-13 21:16:38,096 - INFO - Downloaded: 10.1002/advs.202306168
2025-04-13 21:17:04,734 - INFO - Downloaded: 10.1002/advs.202306771
2025-04-13 21:17:04,734 - INFO - Downloaded: 10.1002/advs.202306771
2025-04-13 21:17:19,140 - INFO - Downloaded: 10.1002/advs.202306992
2025-04-13 21:17:19,140 - INFO - Downloaded: 10.1002/advs.202306992
2025-04-13 21:17:37,577 - INFO - Downloaded: 10.1002/advs.202310196
2025-04-13 21:17:37,577 - INFO - Downloaded: 10.1002/advs.202310196
2025-04-13 21:17:52,414 - INFO - Downloaded: 10.1002/advs.202400364
2025-04-13 21:17:52,414 - INFO - Downloaded: 10.1002/advs.202400364
2025-04-13 21:18:06,044 - INFO - Downloaded: 10.1002/advs.202401022
2025-04-13 21:18:06,044 - INFO - Downloaded: 10.1002/advs.202401022
2025-04-13 21:18:19,747 - INFO - Downloaded: 10.1002/advs.202401240
2025-04-13 21:18:19,747 - INFO - Downloaded: 10.1002/advs.202401240
2025-04-13 21:18:33,591 - INFO - Downloaded: 10.1002/advs.202401514
2025-04-13 21:18:33,591 - INFO - Downloaded: 10.1002/advs.202401514
2025-04-13 21:18:52,696 - INFO - Downloaded: 10.1002/advs.202401730
2025-04-13 21:18:52,696 - INFO - Downloaded: 10.1002/advs.202401730
2025-04-13 21:19:07,944 - INFO - Downloaded: 10.1002/advs.202402708
2025-04-13 21:19:07,944 - INFO - Downloaded: 10.1002/advs.202402708
2025-04-13 21:19:23,453 - INFO - Downloaded: 10.1002/advs.202404701
2025-04-13 21:19:23,453 - INFO - Downloaded: 10.1002/advs.202404701
2025-04-13 21:19:38,473 - INFO - Downloaded: 10.1002/advs.202406842
2025-04-13 21:19:38,473 - INFO - Downloaded: 10.1002/advs.202406842
2025-04-13 21:19:52,944 - INFO - Downloaded: 10.1002/advs.202407538
2025-04-13 21:19:52,944 - INFO - Downloaded: 10.1002/advs.202407538
2025-04-13 21:20:07,673 - INFO - Downloaded: 10.1002/advs.202408450
2025-04-13 21:20:07,673 - INFO - Downloaded: 10.1002/advs.202408450
2025-04-13 21:26:21,974 - INFO - Downloaded: 10.1002/aenm.202203802
2025-04-13 21:26:37,234 - INFO - Downloaded: 10.1002/aenm.202300351
2025-04-13 21:26:52,378 - INFO - Downloaded: 10.1002/aenm.202300648
2025-04-13 21:27:06,170 - INFO - Downloaded: 10.1002/aenm.202300776
2025-04-13 21:27:22,475 - INFO - Downloaded: 10.1002/aenm.202300790
2025-04-13 21:27:28,277 - INFO - Downloaded: 10.1002/aenm.202300930
2025-04-13 21:27:49,394 - INFO - Downloaded: 10.1002/aenm.202301471
2025-04-13 21:28:03,467 - INFO - Downloaded: 10.1002/aenm.202301509
2025-04-13 21:28:18,093 - INFO - Downloaded: 10.1002/aenm.202301854
2025-04-13 21:28:32,829 - INFO - Downloaded: 10.1002/aenm.202302017
2025-04-13 21:28:47,861 - INFO - Downloaded: 10.1002/aenm.202302046
2025-04-13 21:29:04,895 - INFO - Downloaded: 10.1002/aenm.202302171
2025-04-13 21:29:20,582 - INFO - Downloaded: 10.1002/aenm.202302322
2025-04-13 21:29:36,310 - INFO - Downloaded: 10.1002/aenm.202302393
2025-04-13 21:29:51,283 - INFO - Downloaded: 10.1002/aenm.202302490
2025-04-13 21:30:07,243 - INFO - Downloaded: 10.1002/aenm.202302514
2025-04-13 21:30:24,905 - INFO - Downloaded: 10.1002/aenm.202302733
2025-04-13 21:30:40,441 - INFO - Downloaded: 10.1002/aenm.202302793
2025-04-13 21:30:54,718 - INFO - Downloaded: 10.1002/aenm.202302830
2025-04-13 21:31:11,200 - INFO - Downloaded: 10.1002/aenm.202302901
2025-04-13 21:31:25,207 - INFO - Downloaded: 10.1002/aenm.202303015
2025-04-13 21:31:39,702 - INFO - Downloaded: 10.1002/aenm.202303064
2025-04-13 21:31:53,653 - INFO - Downloaded: 10.1002/aenm.202303296
2025-04-13 21:32:07,729 - INFO - Downloaded: 10.1002/aenm.202303464
2025-04-13 21:32:13,420 - INFO - Downloaded: 10.1002/aenm.202303584
2025-04-13 21:32:29,981 - INFO - Downloaded: 10.1002/aenm.202303773
2025-04-13 21:32:46,899 - INFO - Downloaded: 10.1002/aenm.202303786
2025-04-13 21:33:03,688 - INFO - Downloaded: 10.1002/aenm.202303791
2025-04-13 21:33:18,668 - INFO - Downloaded: 10.1002/aenm.202303833
2025-04-13 21:33:33,507 - INFO - Downloaded: 10.1002/aenm.202304300
2025-04-13 21:33:47,399 - INFO - Downloaded: 10.1002/aenm.202304431
2025-04-13 21:34:02,642 - INFO - Downloaded: 10.1002/aenm.202304504
2025-04-13 21:34:22,205 - INFO - Downloaded: 10.1002/aenm.202304537
2025-04-13 21:34:38,642 - INFO - Downloaded: 10.1002/aenm.202400002
2025-04-13 21:34:54,450 - INFO - Downloaded: 10.1002/aenm.202400127
2025-04-13 21:35:10,218 - INFO - Downloaded: 10.1002/aenm.202400132
2025-04-13 21:35:29,392 - INFO - Downloaded: 10.1002/aenm.202400246
2025-04-13 21:35:50,110 - INFO - Downloaded: 10.1002/aenm.202400367
2025-04-13 21:36:05,372 - INFO - Downloaded: 10.1002/aenm.202400371
2025-04-13 21:36:21,356 - INFO - Downloaded: 10.1002/aenm.202400470
2025-04-13 21:36:36,535 - INFO - Downloaded: 10.1002/aenm.202400595
2025-04-13 21:36:57,410 - INFO - Downloaded: 10.1002/aenm.202400929
2025-04-13 21:37:13,423 - INFO - Downloaded: 10.1002/aenm.202401090
2025-04-13 21:37:29,597 - INFO - Downloaded: 10.1002/aenm.202401221
2025-04-13 21:37:44,101 - INFO - Downloaded: 10.1002/aenm.202401268
2025-04-13 21:37:58,348 - INFO - Downloaded: 10.1002/aenm.202401481
2025-04-13 21:38:12,526 - INFO - Downloaded: 10.1002/aenm.202401763
2025-04-13 21:38:26,587 - INFO - Downloaded: 10.1002/aenm.202401825
2025-04-13 21:38:41,678 - INFO - Downloaded: 10.1002/aenm.202401833
2025-04-13 21:38:56,082 - INFO - Downloaded: 10.1002/aenm.202402110
2025-04-13 21:39:21,881 - INFO - Downloaded: 10.1002/aenm.202403071
2025-04-13 21:39:21,881 - INFO - Downloaded: 10.1002/aenm.202403071
2025-04-13 21:39:36,239 - INFO - Downloaded: 10.1002/aenm.202403084
2025-04-13 21:39:36,239 - INFO - Downloaded: 10.1002/aenm.202403084
2025-04-13 21:39:53,322 - INFO - Downloaded: 10.1002/aenm.202403142
2025-04-13 21:39:53,322 - INFO - Downloaded: 10.1002/aenm.202403142
2025-04-13 21:40:08,059 - INFO - Downloaded: 10.1002/aenm.202403258
2025-04-13 21:40:08,059 - INFO - Downloaded: 10.1002/aenm.202403258
2025-04-13 21:40:25,170 - INFO - Downloaded: 10.1002/aenm.202403282
2025-04-13 21:40:25,170 - INFO - Downloaded: 10.1002/aenm.202403282
2025-04-13 21:40:39,579 - INFO - Downloaded: 10.1002/aenm.202403306
2025-04-13 21:40:39,579 - INFO - Downloaded: 10.1002/aenm.202403306
2025-04-13 21:40:45,497 - INFO - Downloaded: 10.1002/aenm.202403364
2025-04-13 21:40:45,497 - INFO - Downloaded: 10.1002/aenm.202403364
2025-04-13 21:41:00,937 - INFO - Downloaded: 10.1002/aenm.202403432
2025-04-13 21:41:00,937 - INFO - Downloaded: 10.1002/aenm.202403432
2025-04-13 21:41:17,154 - INFO - Downloaded: 10.1002/aenm.202403489
2025-04-13 21:41:17,154 - INFO - Downloaded: 10.1002/aenm.202403489
2025-04-13 21:41:31,443 - INFO - Downloaded: 10.1002/aenm.202403955
2025-04-13 21:41:31,443 - INFO - Downloaded: 10.1002/aenm.202403955
2025-04-13 21:41:37,254 - INFO - Downloaded: 10.1002/aenm.202404093
2025-04-13 21:41:37,254 - INFO - Downloaded: 10.1002/aenm.202404093
2025-04-13 21:41:52,220 - INFO - Downloaded: 10.1002/aenm.202404217
2025-04-13 21:41:52,220 - INFO - Downloaded: 10.1002/aenm.202404217
2025-04-13 21:42:13,023 - INFO - Downloaded: 10.1002/aenm.202404418
2025-04-13 21:42:13,023 - INFO - Downloaded: 10.1002/aenm.202404418
2025-04-13 21:42:29,563 - INFO - Downloaded: 10.1002/aenm.202404685
2025-04-13 21:42:29,563 - INFO - Downloaded: 10.1002/aenm.202404685
2025-04-13 21:42:45,605 - INFO - Downloaded: 10.1002/aenm.202404965
2025-04-13 21:42:45,605 - INFO - Downloaded: 10.1002/aenm.202404965
2025-04-13 21:42:51,616 - INFO - Downloaded: 10.1002/aenm.202404999
2025-04-13 21:42:51,616 - INFO - Downloaded: 10.1002/aenm.202404999
2025-04-13 21:42:57,264 - INFO - Downloaded: 10.1002/aenm.202405112
2025-04-13 21:42:57,264 - INFO - Downloaded: 10.1002/aenm.202405112
2025-04-13 21:43:13,992 - INFO - Downloaded: 10.1002/aenm.202405288
2025-04-13 21:43:13,992 - INFO - Downloaded: 10.1002/aenm.202405288
2025-04-13 21:43:32,225 - INFO - Downloaded: 10.1002/aenm.202405319
2025-04-13 21:43:32,225 - INFO - Downloaded: 10.1002/aenm.202405319
2025-04-13 21:43:48,114 - INFO - Downloaded: 10.1002/aenm.202405363
2025-04-13 21:43:48,114 - INFO - Downloaded: 10.1002/aenm.202405363
2025-04-13 21:44:05,874 - INFO - Downloaded: 10.1002/aenm.202405678
2025-04-13 21:44:05,874 - INFO - Downloaded: 10.1002/aenm.202405678
2025-04-13 21:44:31,633 - INFO - Downloaded: 10.1002/aenm.202405706
2025-04-13 21:44:31,633 - INFO - Downloaded: 10.1002/aenm.202405706
2025-04-13 21:44:52,084 - INFO - Downloaded: 10.1002/aenm.202405729
2025-04-13 21:44:52,084 - INFO - Downloaded: 10.1002/aenm.202405729
2025-04-13 21:45:15,364 - INFO - Downloaded: 10.1002/aenm.202405803
2025-04-13 21:45:15,364 - INFO - Downloaded: 10.1002/aenm.202405803
2025-04-13 21:47:02,747 - INFO - Downloaded: 10.1002/aesr.202300296
2025-04-13 21:47:20,399 - INFO - Downloaded: 10.1002/aesr.202400051
2025-04-13 21:47:36,529 - INFO - Downloaded: 10.1002/aesr.202400059
2025-04-13 21:47:53,919 - INFO - Downloaded: 10.1002/aesr.202400120
2025-04-13 21:48:09,985 - INFO - Downloaded: 10.1002/aesr.202400249
2025-04-13 21:48:23,001 - INFO - Downloaded: 10.1002/ange.202418959
2025-04-13 21:48:36,852 - INFO - Downloaded: 10.1002/ange.202424572
2025-04-13 21:48:44,431 - INFO - Downloaded: 10.1002/anie.201600098
2025-04-13 21:49:05,191 - INFO - Downloaded: 10.1002/anie.201601022
2025-04-13 21:49:19,960 - INFO - Downloaded: 10.1002/anie.201602202
2025-04-13 21:49:38,215 - INFO - Downloaded: 10.1002/anie.201606415
2025-04-13 21:49:52,970 - INFO - Downloaded: 10.1002/anie.201606508
2025-04-13 21:50:08,104 - INFO - Downloaded: 10.1002/anie.201607469
2025-04-13 21:50:21,474 - INFO - Downloaded: 10.1002/anie.201610301
2025-04-13 21:50:40,004 - INFO - Downloaded: 10.1002/anie.201701213
2025-04-13 21:50:54,739 - INFO - Downloaded: 10.1002/anie.201702024
2025-04-13 21:51:00,886 - INFO - Downloaded: 10.1002/anie.201703937
2025-04-13 21:51:20,959 - INFO - Downloaded: 10.1002/anie.201704271
2025-04-13 21:51:37,529 - INFO - Downloaded: 10.1002/anie.201706652
2025-04-13 21:51:53,112 - INFO - Downloaded: 10.1002/anie.201708548
2025-04-13 21:52:13,716 - INFO - Downloaded: 10.1002/anie.201708714
2025-04-13 21:52:28,498 - INFO - Downloaded: 10.1002/anie.201708960
2025-04-13 21:52:36,378 - INFO - Downloaded: 10.1002/anie.201712895
2025-04-13 21:52:51,665 - INFO - Downloaded: 10.1002/anie.201713417
2025-04-13 21:52:59,632 - INFO - Downloaded: 10.1002/anie.201800181
2025-04-13 21:53:14,832 - INFO - Downloaded: 10.1002/anie.201800453
2025-04-13 21:53:28,741 - INFO - Downloaded: 10.1002/anie.201801654
2025-04-13 21:53:41,489 - INFO - Downloaded: 10.1002/anie.201801923
2025-04-13 21:53:54,597 - INFO - Downloaded: 10.1002/anie.201802672
2025-04-13 21:54:06,076 - INFO - Downloaded: 10.1002/anie.201803511
2025-04-13 21:54:14,354 - INFO - Downloaded: 10.1002/anie.201804130
2025-04-13 21:54:28,745 - INFO - Downloaded: 10.1002/anie.201805552
2025-04-13 21:54:36,762 - INFO - Downloaded: 10.1002/anie.201805555
2025-04-13 21:54:52,086 - INFO - Downloaded: 10.1002/anie.201810729
2025-04-13 21:55:05,507 - INFO - Downloaded: 10.1002/anie.201811882
2025-04-13 21:55:12,928 - INFO - Downloaded: 10.1002/anie.201812387
2025-04-13 21:55:23,219 - INFO - Downloaded: 10.1002/anie.201900076
2025-04-13 21:55:31,071 - INFO - Downloaded: 10.1002/anie.201901840
2025-04-13 21:55:39,567 - INFO - Downloaded: 10.1002/anie.201902988
2025-04-13 21:55:47,295 - INFO - Downloaded: 10.1002/anie.201905803
2025-04-13 21:55:55,273 - INFO - Downloaded: 10.1002/anie.201908159
2025-04-13 21:56:03,367 - INFO - Downloaded: 10.1002/anie.201911698
2025-04-13 21:56:11,278 - INFO - Downloaded: 10.1002/anie.201912101
2025-04-13 21:56:19,582 - INFO - Downloaded: 10.1002/anie.201912272
2025-04-13 21:56:27,494 - INFO - Downloaded: 10.1002/anie.201912964
2025-04-13 21:56:35,035 - INFO - Downloaded: 10.1002/anie.201913683
2025-04-13 21:56:42,912 - INFO - Downloaded: 10.1002/anie.201915650
2025-04-13 21:56:50,635 - INFO - Downloaded: 10.1002/anie.201915917
2025-04-13 21:56:58,336 - INFO - Downloaded: 10.1002/anie.202000314
2025-04-13 21:57:04,629 - INFO - Downloaded: 10.1002/anie.202003275
2025-04-13 21:57:22,389 - INFO - Downloaded: 10.1002/anie.202003386
2025-04-13 21:57:22,389 - INFO - Downloaded: 10.1002/anie.202003386
2025-04-13 21:57:30,119 - INFO - Downloaded: 10.1002/anie.202003972
2025-04-13 21:57:30,119 - INFO - Downloaded: 10.1002/anie.202003972
2025-04-13 21:57:35,761 - INFO - Downloaded: 10.1002/anie.202008318
2025-04-13 21:57:35,761 - INFO - Downloaded: 10.1002/anie.202008318
2025-04-13 21:57:43,481 - INFO - Downloaded: 10.1002/anie.202012205
2025-04-13 21:57:43,481 - INFO - Downloaded: 10.1002/anie.202012205
2025-04-13 21:57:51,392 - INFO - Downloaded: 10.1002/anie.202016334
2025-04-13 21:57:51,392 - INFO - Downloaded: 10.1002/anie.202016334
2025-04-13 21:57:59,229 - INFO - Downloaded: 10.1002/anie.202100917
2025-04-13 21:57:59,229 - INFO - Downloaded: 10.1002/anie.202100917
2025-04-13 21:58:06,840 - INFO - Downloaded: 10.1002/anie.202100954
2025-04-13 21:58:06,840 - INFO - Downloaded: 10.1002/anie.202100954
2025-04-13 21:58:14,708 - INFO - Downloaded: 10.1002/anie.202102954
2025-04-13 21:58:14,708 - INFO - Downloaded: 10.1002/anie.202102954
2025-04-13 21:58:20,416 - INFO - Downloaded: 10.1002/anie.202105439
2025-04-13 21:58:20,416 - INFO - Downloaded: 10.1002/anie.202105439
2025-04-13 21:58:28,391 - INFO - Downloaded: 10.1002/anie.202106240
2025-04-13 21:58:28,391 - INFO - Downloaded: 10.1002/anie.202106240
2025-04-13 21:58:36,556 - INFO - Downloaded: 10.1002/anie.202106857
2025-04-13 21:58:36,556 - INFO - Downloaded: 10.1002/anie.202106857
2025-04-13 21:58:44,330 - INFO - Downloaded: 10.1002/anie.202108109
2025-04-13 21:58:44,330 - INFO - Downloaded: 10.1002/anie.202108109
2025-04-13 21:58:51,983 - INFO - Downloaded: 10.1002/anie.202108933
2025-04-13 21:58:51,983 - INFO - Downloaded: 10.1002/anie.202108933
2025-04-13 21:58:59,892 - INFO - Downloaded: 10.1002/anie.202110177
2025-04-13 21:58:59,892 - INFO - Downloaded: 10.1002/anie.202110177
2025-04-13 21:59:08,361 - INFO - Downloaded: 10.1002/anie.202110501
2025-04-13 21:59:08,361 - INFO - Downloaded: 10.1002/anie.202110501
2025-04-13 21:59:16,084 - INFO - Downloaded: 10.1002/anie.202111620
2025-04-13 21:59:16,084 - INFO - Downloaded: 10.1002/anie.202111620
2025-04-13 21:59:23,867 - INFO - Downloaded: 10.1002/anie.202112112
2025-04-13 21:59:23,867 - INFO - Downloaded: 10.1002/anie.202112112
2025-04-13 21:59:31,758 - INFO - Downloaded: 10.1002/anie.202112382
2025-04-13 21:59:31,758 - INFO - Downloaded: 10.1002/anie.202112382
2025-04-13 21:59:39,618 - INFO - Downloaded: 10.1002/anie.202115552
2025-04-13 21:59:39,618 - INFO - Downloaded: 10.1002/anie.202115552
2025-04-13 21:59:47,231 - INFO - Downloaded: 10.1002/anie.202116930
2025-04-13 21:59:47,231 - INFO - Downloaded: 10.1002/anie.202116930
2025-04-13 21:59:52,841 - INFO - Downloaded: 10.1002/anie.202117728
2025-04-13 21:59:52,841 - INFO - Downloaded: 10.1002/anie.202117728
2025-04-13 22:00:00,682 - INFO - Downloaded: 10.1002/anie.202200410
2025-04-13 22:00:00,682 - INFO - Downloaded: 10.1002/anie.202200410
2025-04-13 22:00:10,157 - INFO - Downloaded: 10.1002/anie.202200475
2025-04-13 22:00:10,157 - INFO - Downloaded: 10.1002/anie.202200475
2025-04-13 22:00:18,377 - INFO - Downloaded: 10.1002/anie.202205867
2025-04-13 22:00:18,377 - INFO - Downloaded: 10.1002/anie.202205867
2025-04-13 22:00:26,529 - INFO - Downloaded: 10.1002/anie.202206625
2025-04-13 22:00:26,529 - INFO - Downloaded: 10.1002/anie.202206625
2025-04-13 22:00:34,487 - INFO - Downloaded: 10.1002/anie.202211866
2025-04-13 22:00:34,487 - INFO - Downloaded: 10.1002/anie.202211866
2025-04-13 22:00:40,176 - INFO - Downloaded: 10.1002/anie.202212439
2025-04-13 22:00:40,176 - INFO - Downloaded: 10.1002/anie.202212439
2025-04-13 22:00:48,102 - INFO - Downloaded: 10.1002/anie.202214258
2025-04-13 22:00:48,102 - INFO - Downloaded: 10.1002/anie.202214258
2025-04-13 22:00:57,793 - INFO - Downloaded: 10.1002/anie.202214717
2025-04-13 22:00:57,793 - INFO - Downloaded: 10.1002/anie.202214717
2025-04-13 22:01:06,257 - INFO - Downloaded: 10.1002/anie.202215865
2025-04-13 22:01:06,257 - INFO - Downloaded: 10.1002/anie.202215865
2025-04-13 22:01:14,150 - INFO - Downloaded: 10.1002/anie.202216174
2025-04-13 22:01:14,150 - INFO - Downloaded: 10.1002/anie.202216174
2025-04-13 22:01:21,842 - INFO - Downloaded: 10.1002/anie.202216450
2025-04-13 22:01:21,842 - INFO - Downloaded: 10.1002/anie.202216450
2025-04-13 22:01:27,557 - INFO - Downloaded: 10.1002/anie.202217761
2025-04-13 22:01:27,557 - INFO - Downloaded: 10.1002/anie.202217761
2025-04-13 22:01:33,211 - INFO - Downloaded: 10.1002/anie.202218282
2025-04-13 22:01:33,211 - INFO - Downloaded: 10.1002/anie.202218282
2025-04-13 22:01:40,930 - INFO - Downloaded: 10.1002/anie.202219000
2025-04-13 22:01:40,930 - INFO - Downloaded: 10.1002/anie.202219000
2025-04-13 22:01:48,621 - INFO - Downloaded: 10.1002/anie.202219177
2025-04-13 22:01:48,621 - INFO - Downloaded: 10.1002/anie.202219177
2025-04-13 22:01:56,365 - INFO - Downloaded: 10.1002/anie.202219230
2025-04-13 22:01:56,365 - INFO - Downloaded: 10.1002/anie.202219230
2025-04-13 22:02:04,427 - INFO - Downloaded: 10.1002/anie.202219304
2025-04-13 22:02:04,427 - INFO - Downloaded: 10.1002/anie.202219304
2025-04-13 22:02:18,589 - INFO - Downloaded: 10.1002/anie.202303343
2025-04-13 22:02:18,589 - INFO - Downloaded: 10.1002/anie.202303343
2025-04-13 22:02:33,833 - INFO - Downloaded: 10.1002/anie.202303875
2025-04-13 22:02:33,833 - INFO - Downloaded: 10.1002/anie.202303875
2025-04-13 22:02:48,094 - INFO - Downloaded: 10.1002/anie.202303953
2025-04-13 22:02:48,094 - INFO - Downloaded: 10.1002/anie.202303953
2025-04-13 22:03:02,276 - INFO - Downloaded: 10.1002/anie.202304628
2025-04-13 22:03:02,276 - INFO - Downloaded: 10.1002/anie.202304628
2025-04-13 22:03:16,766 - INFO - Downloaded: 10.1002/anie.202308699
2025-04-13 22:03:16,766 - INFO - Downloaded: 10.1002/anie.202308699
2025-04-13 22:03:28,580 - INFO - Downloaded: 10.1002/anie.202311460
2025-04-13 22:03:28,580 - INFO - Downloaded: 10.1002/anie.202311460
2025-04-13 22:03:44,934 - INFO - Downloaded: 10.1002/anie.202312310
2025-04-13 22:03:44,934 - INFO - Downloaded: 10.1002/anie.202312310
2025-04-13 22:04:05,312 - INFO - Downloaded: 10.1002/anie.202313142
2025-04-13 22:04:05,312 - INFO - Downloaded: 10.1002/anie.202313142
2025-04-13 22:04:20,348 - INFO - Downloaded: 10.1002/anie.202315564
2025-04-13 22:04:20,348 - INFO - Downloaded: 10.1002/anie.202315564
2025-04-13 22:04:33,968 - INFO - Downloaded: 10.1002/anie.202316949
2025-04-13 22:04:33,968 - INFO - Downloaded: 10.1002/anie.202316949
2025-04-13 22:04:47,778 - INFO - Downloaded: 10.1002/anie.202316957
2025-04-13 22:04:47,778 - INFO - Downloaded: 10.1002/anie.202316957
2025-04-13 22:05:09,621 - INFO - Downloaded: 10.1002/anie.202317439
2025-04-13 22:05:09,621 - INFO - Downloaded: 10.1002/anie.202317439
2025-04-13 22:05:37,621 - INFO - Downloaded: 10.1002/anie.202318960
2025-04-13 22:05:37,621 - INFO - Downloaded: 10.1002/anie.202318960
2025-04-13 22:05:37,621 - INFO - Downloaded: 10.1002/anie.202318960
2025-04-13 22:05:55,174 - INFO - Downloaded: 10.1002/anie.202320183
2025-04-13 22:05:55,174 - INFO - Downloaded: 10.1002/anie.202320183
2025-04-13 22:05:55,174 - INFO - Downloaded: 10.1002/anie.202320183
2025-04-13 22:06:10,658 - INFO - Downloaded: 10.1002/anie.202400214
2025-04-13 22:06:10,658 - INFO - Downloaded: 10.1002/anie.202400214
2025-04-13 22:06:10,658 - INFO - Downloaded: 10.1002/anie.202400214
2025-04-13 22:06:27,104 - INFO - Downloaded: 10.1002/anie.202400285
2025-04-13 22:06:27,104 - INFO - Downloaded: 10.1002/anie.202400285
2025-04-13 22:06:27,104 - INFO - Downloaded: 10.1002/anie.202400285
2025-04-13 22:06:42,567 - INFO - Downloaded: 10.1002/anie.202400539
2025-04-13 22:06:42,567 - INFO - Downloaded: 10.1002/anie.202400539
2025-04-13 22:06:42,567 - INFO - Downloaded: 10.1002/anie.202400539
2025-04-13 22:06:56,733 - INFO - Downloaded: 10.1002/anie.202402245
2025-04-13 22:06:56,733 - INFO - Downloaded: 10.1002/anie.202402245
2025-04-13 22:06:56,733 - INFO - Downloaded: 10.1002/anie.202402245
2025-04-13 22:07:12,227 - INFO - Downloaded: 10.1002/anie.202403463
2025-04-13 22:07:12,227 - INFO - Downloaded: 10.1002/anie.202403463
2025-04-13 22:07:12,227 - INFO - Downloaded: 10.1002/anie.202403463
2025-04-13 22:07:25,987 - INFO - Downloaded: 10.1002/anie.202403585
2025-04-13 22:07:25,987 - INFO - Downloaded: 10.1002/anie.202403585
2025-04-13 22:07:25,987 - INFO - Downloaded: 10.1002/anie.202403585
2025-04-13 22:07:40,807 - INFO - Downloaded: 10.1002/anie.202403865
2025-04-13 22:07:40,807 - INFO - Downloaded: 10.1002/anie.202403865
2025-04-13 22:07:40,807 - INFO - Downloaded: 10.1002/anie.202403865
2025-04-13 22:07:54,638 - INFO - Downloaded: 10.1002/anie.202404330
2025-04-13 22:07:54,638 - INFO - Downloaded: 10.1002/anie.202404330
2025-04-13 22:07:54,638 - INFO - Downloaded: 10.1002/anie.202404330
2025-04-13 22:08:07,797 - INFO - Downloaded: 10.1002/anie.202405620
2025-04-13 22:08:07,797 - INFO - Downloaded: 10.1002/anie.202405620
2025-04-13 22:08:07,797 - INFO - Downloaded: 10.1002/anie.202405620
2025-04-13 22:08:20,615 - INFO - Downloaded: 10.1002/anie.202406277
2025-04-13 22:08:20,615 - INFO - Downloaded: 10.1002/anie.202406277
2025-04-13 22:08:20,615 - INFO - Downloaded: 10.1002/anie.202406277
2025-04-13 22:08:33,289 - INFO - Downloaded: 10.1002/anie.202406513
2025-04-13 22:08:33,289 - INFO - Downloaded: 10.1002/anie.202406513
2025-04-13 22:08:33,289 - INFO - Downloaded: 10.1002/anie.202406513
2025-04-13 22:08:45,748 - INFO - Downloaded: 10.1002/anie.202406889
2025-04-13 22:08:45,748 - INFO - Downloaded: 10.1002/anie.202406889
2025-04-13 22:08:45,748 - INFO - Downloaded: 10.1002/anie.202406889
2025-04-13 22:08:58,022 - INFO - Downloaded: 10.1002/anie.202407717
2025-04-13 22:08:58,022 - INFO - Downloaded: 10.1002/anie.202407717
2025-04-13 22:08:58,022 - INFO - Downloaded: 10.1002/anie.202407717
2025-04-13 22:09:13,684 - INFO - Downloaded: 10.1002/anie.202409906
2025-04-13 22:09:13,684 - INFO - Downloaded: 10.1002/anie.202409906
2025-04-13 22:09:13,684 - INFO - Downloaded: 10.1002/anie.202409906
2025-04-13 22:09:28,259 - INFO - Downloaded: 10.1002/anie.202410080
2025-04-13 22:09:28,259 - INFO - Downloaded: 10.1002/anie.202410080
2025-04-13 22:09:28,259 - INFO - Downloaded: 10.1002/anie.202410080
2025-04-13 22:09:41,256 - INFO - Downloaded: 10.1002/anie.202410253
2025-04-13 22:09:41,256 - INFO - Downloaded: 10.1002/anie.202410253
2025-04-13 22:09:41,256 - INFO - Downloaded: 10.1002/anie.202410253
2025-04-13 22:09:54,422 - INFO - Downloaded: 10.1002/anie.202410494
2025-04-13 22:09:54,422 - INFO - Downloaded: 10.1002/anie.202410494
2025-04-13 22:09:54,422 - INFO - Downloaded: 10.1002/anie.202410494
2025-04-13 22:10:08,819 - INFO - Downloaded: 10.1002/anie.202410590
2025-04-13 22:10:08,819 - INFO - Downloaded: 10.1002/anie.202410590
2025-04-13 22:10:08,819 - INFO - Downloaded: 10.1002/anie.202410590
2025-04-13 22:10:22,712 - INFO - Downloaded: 10.1002/anie.202411059
2025-04-13 22:10:22,712 - INFO - Downloaded: 10.1002/anie.202411059
2025-04-13 22:10:22,712 - INFO - Downloaded: 10.1002/anie.202411059
2025-04-13 22:10:37,206 - INFO - Downloaded: 10.1002/anie.202411255
2025-04-13 22:10:37,206 - INFO - Downloaded: 10.1002/anie.202411255
2025-04-13 22:10:37,206 - INFO - Downloaded: 10.1002/anie.202411255
2025-04-13 22:10:56,622 - INFO - Downloaded: 10.1002/anie.202411618
2025-04-13 22:10:56,622 - INFO - Downloaded: 10.1002/anie.202411618
2025-04-13 22:10:56,622 - INFO - Downloaded: 10.1002/anie.202411618
2025-04-13 22:11:10,368 - INFO - Downloaded: 10.1002/anie.202412222
2025-04-13 22:11:10,368 - INFO - Downloaded: 10.1002/anie.202412222
2025-04-13 22:11:10,368 - INFO - Downloaded: 10.1002/anie.202412222
2025-04-13 22:11:27,053 - INFO - Downloaded: 10.1002/anie.202412533
2025-04-13 22:11:27,053 - INFO - Downloaded: 10.1002/anie.202412533
2025-04-13 22:11:27,053 - INFO - Downloaded: 10.1002/anie.202412533
2025-04-13 22:11:40,242 - INFO - Downloaded: 10.1002/anie.202412550
2025-04-13 22:11:40,242 - INFO - Downloaded: 10.1002/anie.202412550
2025-04-13 22:11:40,242 - INFO - Downloaded: 10.1002/anie.202412550
2025-04-13 22:11:52,911 - INFO - Downloaded: 10.1002/anie.202413452
2025-04-13 22:11:52,911 - INFO - Downloaded: 10.1002/anie.202413452
2025-04-13 22:11:52,911 - INFO - Downloaded: 10.1002/anie.202413452
2025-04-13 22:12:08,293 - INFO - Downloaded: 10.1002/anie.202414302
2025-04-13 22:12:08,293 - INFO - Downloaded: 10.1002/anie.202414302
2025-04-13 22:12:08,293 - INFO - Downloaded: 10.1002/anie.202414302
2025-04-13 22:12:21,393 - INFO - Downloaded: 10.1002/anie.202415283
2025-04-13 22:12:21,393 - INFO - Downloaded: 10.1002/anie.202415283
2025-04-13 22:12:21,393 - INFO - Downloaded: 10.1002/anie.202415283
2025-04-13 22:12:41,259 - INFO - Downloaded: 10.1002/anie.202415450
2025-04-13 22:12:41,259 - INFO - Downloaded: 10.1002/anie.202415450
2025-04-13 22:12:41,259 - INFO - Downloaded: 10.1002/anie.202415450
2025-04-13 22:12:54,831 - INFO - Downloaded: 10.1002/anie.202416290
2025-04-13 22:12:54,831 - INFO - Downloaded: 10.1002/anie.202416290
2025-04-13 22:12:54,831 - INFO - Downloaded: 10.1002/anie.202416290
2025-04-13 22:13:08,262 - INFO - Downloaded: 10.1002/anie.202416939
2025-04-13 22:13:08,262 - INFO - Downloaded: 10.1002/anie.202416939
2025-04-13 22:13:08,262 - INFO - Downloaded: 10.1002/anie.202416939
2025-04-13 22:13:23,326 - INFO - Downloaded: 10.1002/anie.202417493
2025-04-13 22:13:23,326 - INFO - Downloaded: 10.1002/anie.202417493
2025-04-13 22:13:23,326 - INFO - Downloaded: 10.1002/anie.202417493
2025-04-13 22:13:37,877 - INFO - Downloaded: 10.1002/anie.202417602
2025-04-13 22:13:37,877 - INFO - Downloaded: 10.1002/anie.202417602
2025-04-13 22:13:37,877 - INFO - Downloaded: 10.1002/anie.202417602
2025-04-13 22:13:51,135 - INFO - Downloaded: 10.1002/anie.202417778
2025-04-13 22:13:51,135 - INFO - Downloaded: 10.1002/anie.202417778
2025-04-13 22:13:51,135 - INFO - Downloaded: 10.1002/anie.202417778
2025-04-13 22:14:03,635 - INFO - Downloaded: 10.1002/anie.202417779
2025-04-13 22:14:03,635 - INFO - Downloaded: 10.1002/anie.202417779
2025-04-13 22:14:03,635 - INFO - Downloaded: 10.1002/anie.202417779
2025-04-13 22:14:16,653 - INFO - Downloaded: 10.1002/anie.202417930
2025-04-13 22:14:16,653 - INFO - Downloaded: 10.1002/anie.202417930
2025-04-13 22:14:16,653 - INFO - Downloaded: 10.1002/anie.202417930
2025-04-13 22:14:29,927 - INFO - Downloaded: 10.1002/anie.202420573
2025-04-13 22:14:29,927 - INFO - Downloaded: 10.1002/anie.202420573
2025-04-13 22:14:29,927 - INFO - Downloaded: 10.1002/anie.202420573
2025-04-13 22:14:44,686 - INFO - Downloaded: 10.1002/anie.202421089
2025-04-13 22:14:44,686 - INFO - Downloaded: 10.1002/anie.202421089
2025-04-13 22:14:44,686 - INFO - Downloaded: 10.1002/anie.202421089
2025-04-13 22:14:57,186 - INFO - Downloaded: 10.1002/anie.202423296
2025-04-13 22:14:57,186 - INFO - Downloaded: 10.1002/anie.202423296
2025-04-13 22:14:57,186 - INFO - Downloaded: 10.1002/anie.202423296
2025-04-13 22:15:11,843 - INFO - Downloaded: 10.1002/anie.202423356
2025-04-13 22:15:11,843 - INFO - Downloaded: 10.1002/anie.202423356
2025-04-13 22:15:11,843 - INFO - Downloaded: 10.1002/anie.202423356
2025-04-13 22:15:25,902 - INFO - Downloaded: 10.1002/anie.202423479
2025-04-13 22:15:25,902 - INFO - Downloaded: 10.1002/anie.202423479
2025-04-13 22:15:25,902 - INFO - Downloaded: 10.1002/anie.202423479
2025-04-13 22:15:39,923 - INFO - Downloaded: 10.1002/anie.202423728
2025-04-13 22:15:39,923 - INFO - Downloaded: 10.1002/anie.202423728
2025-04-13 22:15:39,923 - INFO - Downloaded: 10.1002/anie.202423728
2025-04-13 22:15:52,995 - INFO - Downloaded: 10.1002/anie.202423864
2025-04-13 22:15:52,995 - INFO - Downloaded: 10.1002/anie.202423864
2025-04-13 22:15:52,995 - INFO - Downloaded: 10.1002/anie.202423864
2025-04-13 22:16:05,929 - INFO - Downloaded: 10.1002/anie.202424028
2025-04-13 22:16:05,929 - INFO - Downloaded: 10.1002/anie.202424028
2025-04-13 22:16:05,929 - INFO - Downloaded: 10.1002/anie.202424028
2025-04-13 22:16:19,667 - INFO - Downloaded: 10.1002/anie.202500254
2025-04-13 22:16:19,667 - INFO - Downloaded: 10.1002/anie.202500254
2025-04-13 22:16:19,667 - INFO - Downloaded: 10.1002/anie.202500254
2025-04-13 22:16:33,765 - INFO - Downloaded: 10.1002/anie.202501208
2025-04-13 22:16:33,765 - INFO - Downloaded: 10.1002/anie.202501208
2025-04-13 22:16:33,765 - INFO - Downloaded: 10.1002/anie.202501208
2025-04-13 22:16:47,624 - INFO - Downloaded: 10.1002/anie.202502693
2025-04-13 22:16:47,624 - INFO - Downloaded: 10.1002/anie.202502693
2025-04-13 22:16:47,624 - INFO - Downloaded: 10.1002/anie.202502693
2025-04-13 22:17:04,008 - INFO - Downloaded: 10.1002/apj.3116
2025-04-13 22:17:04,008 - INFO - Downloaded: 10.1002/apj.3116
2025-04-13 22:17:04,008 - INFO - Downloaded: 10.1002/apj.3116
2025-04-13 22:17:20,552 - INFO - Downloaded: 10.1002/asia.201601398
2025-04-13 22:17:20,552 - INFO - Downloaded: 10.1002/asia.201601398
2025-04-13 22:17:20,552 - INFO - Downloaded: 10.1002/asia.201601398
2025-04-13 22:17:40,284 - INFO - Downloaded: 10.1002/asia.201701715
2025-04-13 22:17:40,284 - INFO - Downloaded: 10.1002/asia.201701715
2025-04-13 22:17:40,284 - INFO - Downloaded: 10.1002/asia.201701715
2025-04-13 22:17:40,284 - INFO - Downloaded: 10.1002/asia.201701715
2025-04-13 22:17:54,182 - INFO - Downloaded: 10.1002/asia.201801484
2025-04-13 22:17:54,182 - INFO - Downloaded: 10.1002/asia.201801484
2025-04-13 22:17:54,182 - INFO - Downloaded: 10.1002/asia.201801484
2025-04-13 22:17:54,182 - INFO - Downloaded: 10.1002/asia.201801484
2025-04-13 22:18:02,986 - INFO - Downloaded: 10.1002/asia.201900231
2025-04-13 22:18:02,986 - INFO - Downloaded: 10.1002/asia.201900231
2025-04-13 22:18:02,986 - INFO - Downloaded: 10.1002/asia.201900231
2025-04-13 22:18:02,986 - INFO - Downloaded: 10.1002/asia.201900231
2025-04-13 22:18:11,829 - INFO - Downloaded: 10.1002/asia.201900784
2025-04-13 22:18:11,829 - INFO - Downloaded: 10.1002/asia.201900784
2025-04-13 22:18:11,829 - INFO - Downloaded: 10.1002/asia.201900784
2025-04-13 22:18:11,829 - INFO - Downloaded: 10.1002/asia.201900784
2025-04-13 22:18:21,612 - INFO - Downloaded: 10.1002/asia.202000132
2025-04-13 22:18:21,612 - INFO - Downloaded: 10.1002/asia.202000132
2025-04-13 22:18:21,612 - INFO - Downloaded: 10.1002/asia.202000132
2025-04-13 22:18:21,612 - INFO - Downloaded: 10.1002/asia.202000132
2025-04-13 22:18:31,320 - INFO - Downloaded: 10.1002/asia.202000189
2025-04-13 22:18:31,320 - INFO - Downloaded: 10.1002/asia.202000189
2025-04-13 22:18:31,320 - INFO - Downloaded: 10.1002/asia.202000189
2025-04-13 22:18:31,320 - INFO - Downloaded: 10.1002/asia.202000189
2025-04-13 22:18:40,164 - INFO - Downloaded: 10.1002/asia.202000349
2025-04-13 22:18:40,164 - INFO - Downloaded: 10.1002/asia.202000349
2025-04-13 22:18:40,164 - INFO - Downloaded: 10.1002/asia.202000349
2025-04-13 22:18:40,164 - INFO - Downloaded: 10.1002/asia.202000349
2025-04-13 22:18:49,097 - INFO - Downloaded: 10.1002/asia.202100387
2025-04-13 22:18:49,097 - INFO - Downloaded: 10.1002/asia.202100387
2025-04-13 22:18:49,097 - INFO - Downloaded: 10.1002/asia.202100387
2025-04-13 22:18:49,097 - INFO - Downloaded: 10.1002/asia.202100387
2025-04-13 22:18:58,547 - INFO - Downloaded: 10.1002/asia.202100455
2025-04-13 22:18:58,547 - INFO - Downloaded: 10.1002/asia.202100455
2025-04-13 22:18:58,547 - INFO - Downloaded: 10.1002/asia.202100455
2025-04-13 22:18:58,547 - INFO - Downloaded: 10.1002/asia.202100455
2025-04-13 22:19:06,834 - INFO - Downloaded: 10.1002/asia.202100519
2025-04-13 22:19:06,834 - INFO - Downloaded: 10.1002/asia.202100519
2025-04-13 22:19:06,834 - INFO - Downloaded: 10.1002/asia.202100519
2025-04-13 22:19:06,834 - INFO - Downloaded: 10.1002/asia.202100519
2025-04-13 22:19:15,792 - INFO - Downloaded: 10.1002/asia.202100974
2025-04-13 22:19:15,792 - INFO - Downloaded: 10.1002/asia.202100974
2025-04-13 22:19:15,792 - INFO - Downloaded: 10.1002/asia.202100974
2025-04-13 22:19:15,792 - INFO - Downloaded: 10.1002/asia.202100974
2025-04-13 22:19:24,495 - INFO - Downloaded: 10.1002/asia.202101013
2025-04-13 22:19:24,495 - INFO - Downloaded: 10.1002/asia.202101013
2025-04-13 22:19:24,495 - INFO - Downloaded: 10.1002/asia.202101013
2025-04-13 22:19:24,495 - INFO - Downloaded: 10.1002/asia.202101013
2025-04-13 22:19:32,967 - INFO - Downloaded: 10.1002/asia.202200288
2025-04-13 22:19:32,967 - INFO - Downloaded: 10.1002/asia.202200288
2025-04-13 22:19:32,967 - INFO - Downloaded: 10.1002/asia.202200288
2025-04-13 22:19:32,967 - INFO - Downloaded: 10.1002/asia.202200288
2025-04-13 22:19:45,676 - INFO - Downloaded: 10.1002/asia.202300068
2025-04-13 22:19:45,676 - INFO - Downloaded: 10.1002/asia.202300068
2025-04-13 22:19:45,676 - INFO - Downloaded: 10.1002/asia.202300068
2025-04-13 22:19:45,676 - INFO - Downloaded: 10.1002/asia.202300068
2025-04-13 22:20:04,449 - INFO - Downloaded: 10.1002/asia.202300336
2025-04-13 22:20:04,449 - INFO - Downloaded: 10.1002/asia.202300336
2025-04-13 22:20:04,449 - INFO - Downloaded: 10.1002/asia.202300336
2025-04-13 22:20:04,449 - INFO - Downloaded: 10.1002/asia.202300336
2025-04-13 22:20:23,888 - INFO - Downloaded: 10.1002/asia.202300449
2025-04-13 22:20:23,888 - INFO - Downloaded: 10.1002/asia.202300449
2025-04-13 22:20:23,888 - INFO - Downloaded: 10.1002/asia.202300449
2025-04-13 22:20:23,888 - INFO - Downloaded: 10.1002/asia.202300449
2025-04-13 22:20:47,104 - INFO - Downloaded: 10.1002/asia.202301145
2025-04-13 22:20:47,104 - INFO - Downloaded: 10.1002/asia.202301145
2025-04-13 22:20:47,104 - INFO - Downloaded: 10.1002/asia.202301145
2025-04-13 22:20:47,104 - INFO - Downloaded: 10.1002/asia.202301145
